Log start: 2025-11-29 15:36:01.472483
進階偵測模式: sensitivity=medium
光軌設定: length=3, mode=enhanced, proc_scale=1.0
[15:36:01] 套用 OSD bbox: (0, 460, 470, 80)
[15:36:01] ================================================================================
[15:36:01] 進階流星偵測系統（多層級 + 恆星過濾 + 品質評分 + OSD 遮罩）
[15:36:01] ================================================================================
[15:36:01] 影片: 20230202\M20230203_042712_lulin_WB.avi
[15:36:01] 總幀數: 62, FPS: 29.97
[15:36:01] 敏感度: medium (品質門檻: 10, 最小持續: 3幀)
[15:36:01] 光軌設定: length=3, mode=enhanced
[15:36:01] 調試模式: 開啟
[15:36:01] ✓ 手動 OSD mask 已建立: 原座標(0,460,470,80) -> scaled(0,460,470,20)
[15:36:01] ✓ OSD 遮罩視覺化已儲存:
[15:36:01]   - output_group\20230202\M20230203_042712_lulin_WB\debug_frames\osd_mask_scaled.png
[15:36:01]   - output_group\20230202\M20230203_042712_lulin_WB\debug_frames\osd_mask_fullres.png
[15:36:01]   - output_group\20230202\M20230203_042712_lulin_WB\debug_frames\osd_mask_visualization.jpg
[15:36:01]   [OSD 過濾] 2 -> 0 spots
[15:36:01]   [OSD 過濾] 2 -> 0 spots
[15:36:01]   [OSD 過濾] 3 -> 0 spots
[15:36:01]   [OSD 過濾] 3 -> 0 spots
[15:36:01]   [OSD 過濾] 3 -> 0 spots
[15:36:01]   [OSD 過濾] 2 -> 0 spots
[15:36:01]   [OSD 過濾] 3 -> 0 spots
[15:36:01]   [OSD 過濾] 3 -> 0 spots
[15:36:01]   [OSD 過濾] 3 -> 0 spots
[15:36:01]   [OSD 過濾] 3 -> 0 spots
[15:36:01]   [OSD 過濾] 3 -> 0 spots
[15:36:01]   [OSD 過濾] 3 -> 0 spots
[15:36:01]   [OSD 過濾] 3 -> 0 spots
[15:36:01]   [OSD 過濾] 4 -> 0 spots
[15:36:01]   [OSD 過濾] 4 -> 0 spots
[15:36:01]   [OSD 過濾] 4 -> 0 spots
[15:36:01]   [OSD 過濾] 4 -> 0 spots
[15:36:01]   [恆星過濾] Frame 18: 4 -> 3 spots
[15:36:01]   [OSD 過濾] 3 -> 0 spots
[15:36:01]   [OSD 過濾] 4 -> 0 spots
[15:36:01]   [OSD 過濾] 3 -> 0 spots
[15:36:01]   [恆星過濾] Frame 21: 3 -> 2 spots
[15:36:01]   [OSD 過濾] 2 -> 0 spots
[15:36:01]   [恆星過濾] Frame 22: 3 -> 1 spots
[15:36:01]   [OSD 過濾] 1 -> 0 spots
[15:36:01]   [恆星過濾] Frame 23: 4 -> 1 spots
[15:36:02]   [OSD 過濾] 1 -> 0 spots
[15:36:02]   [恆星過濾] Frame 24: 4 -> 1 spots
[15:36:02]   [OSD 過濾] 1 -> 0 spots
[15:36:02]   [恆星過濾] Frame 25: 4 -> 1 spots
[15:36:02]   [OSD 過濾] 1 -> 0 spots
[15:36:02]   [恆星過濾] Frame 26: 4 -> 1 spots
[15:36:02]   [OSD 過濾] 1 -> 0 spots
[15:36:02]   [恆星過濾] Frame 27: 3 -> 1 spots
[15:36:02]   [OSD 過濾] 1 -> 0 spots
[15:36:02]   [恆星過濾] Frame 28: 3 -> 1 spots
[15:36:02]   [OSD 過濾] 1 -> 0 spots
[15:36:02]   [恆星過濾] Frame 29: 4 -> 3 spots
[15:36:02]   [OSD 過濾] 3 -> 0 spots
[15:36:02]   [OSD 過濾] 5 -> 1 spots
[15:36:02]   [恆星過濾] Frame 31: 7 -> 6 spots
[15:36:02]   [OSD 過濾] 6 -> 1 spots
[15:36:02]   [恆星過濾] Frame 32: 7 -> 5 spots
[15:36:02]   [OSD 過濾] 5 -> 1 spots
[15:36:02]   [恆星過濾] Frame 33: 7 -> 5 spots
[15:36:02]   [OSD 過濾] 5 -> 1 spots
[15:36:02]   [恆星過濾] Frame 34: 6 -> 4 spots
[15:36:02]   [OSD 過濾] 4 -> 1 spots
[15:36:02]   [恆星過濾] Frame 35: 4 -> 2 spots
[15:36:02]   [OSD 過濾] 2 -> 0 spots
[15:36:02]   [恆星過濾] Frame 36: 4 -> 2 spots
[15:36:02]   [OSD 過濾] 2 -> 0 spots
[15:36:02]   [恆星過濾] Frame 37: 4 -> 3 spots
[15:36:02]   [OSD 過濾] 3 -> 0 spots
[15:36:02]   [恆星過濾] Frame 38: 4 -> 1 spots
[15:36:02]   [OSD 過濾] 1 -> 0 spots
[15:36:02]   [恆星過濾] Frame 39: 3 -> 2 spots
[15:36:02]   [OSD 過濾] 2 -> 0 spots
[15:36:02]   [恆星過濾] Frame 40: 3 -> 2 spots
[15:36:02]   [OSD 過濾] 2 -> 0 spots
[15:36:02]   [恆星過濾] Frame 41: 3 -> 2 spots
[15:36:02]   [OSD 過濾] 2 -> 0 spots
[15:36:02]   [恆星過濾] Frame 42: 3 -> 1 spots
[15:36:02]   [OSD 過濾] 1 -> 0 spots
[15:36:02]   [恆星過濾] Frame 43: 4 -> 1 spots
[15:36:02]   [OSD 過濾] 1 -> 0 spots
[15:36:02]   [恆星過濾] Frame 44: 5 -> 1 spots
[15:36:02]   [恆星過濾] Frame 45: 4 -> 0 spots
[15:36:02] ✓ 流星 #1: 幀 31-34, 長度 4.8px, 品質 67.5
[15:36:02]   [恆星過濾] Frame 46: 4 -> 0 spots
[15:36:02]   [恆星過濾] Frame 47: 5 -> 3 spots
[15:36:02]   [OSD 過濾] 3 -> 1 spots
[15:36:02]   [恆星過濾] Frame 48: 4 -> 1 spots
[15:36:02]   [OSD 過濾] 1 -> 0 spots
[15:36:02]   [恆星過濾] Frame 49: 4 -> 2 spots
[15:36:02]   [OSD 過濾] 2 -> 0 spots
[15:36:02]   [恆星過濾] Frame 50: 5 -> 3 spots
[15:36:02]   [OSD 過濾] 3 -> 1 spots
[15:36:02]   [恆星過濾] Frame 51: 4 -> 1 spots
[15:36:02]   [OSD 過濾] 1 -> 0 spots
[15:36:02]   [恆星過濾] Frame 52: 4 -> 1 spots
[15:36:02]   [OSD 過濾] 1 -> 0 spots
[15:36:02]   [恆星過濾] Frame 53: 4 -> 0 spots
[15:36:02]   [恆星過濾] Frame 54: 3 -> 0 spots
[15:36:02]   [恆星過濾] Frame 55: 4 -> 0 spots
[15:36:02]   [恆星過濾] Frame 56: 4 -> 0 spots
[15:36:02]   [恆星過濾] Frame 57: 4 -> 1 spots
[15:36:02]   [OSD 過濾] 1 -> 0 spots
[15:36:02]   [恆星過濾] Frame 58: 4 -> 1 spots
[15:36:02]   [OSD 過濾] 1 -> 0 spots
[15:36:02]   [恆星過濾] Frame 59: 4 -> 2 spots
[15:36:02]   [OSD 過濾] 2 -> 0 spots
[15:36:02]   [恆星過濾] Frame 60: 4 -> 2 spots
[15:36:02]   [OSD 過濾] 2 -> 0 spots
[15:36:02]   [恆星過濾] Frame 61: 5 -> 3 spots
[15:36:02]   [OSD 過濾] 3 -> 0 spots
[15:36:02] 
總共偵測到 1 顆流星
[15:36:02] 拒絕的軌跡: 0 條
[15:36:02] 場景切換次數: 0
[15:36:02] ✓ 結果已儲存: output_group\20230202\M20230203_042712_lulin_WB\results.json
[15:36:02] 
開始生成標記影片...
[15:36:03] ✓ 標記影片已儲存: output_group\20230202\M20230203_042712_lulin_WB\M20230203_042712_lulin_WB_annotated.mp4
