[22:36:45] ================================================================================
[22:36:45] 流星偵測系統 - 增強版
[22:36:45] ================================================================================
[22:36:45] 影片: me.mp4
[22:36:45] 總幀數: 3065, FPS: 30.00
[22:36:45] 參數: 移動檢查=10幀, 最小移動=5px
[22:36:46] ✓ 流星 #1: 幀 71-76 (時間 2.4s-2.5s), 長度 23.7px, 速度 4.7px/frame, 點數 3
[22:36:46] ✓ 流星 #2: 幀 74-76 (時間 2.5s-2.5s), 長度 10.0px, 速度 5.0px/frame, 點數 2
[22:36:46] ✓ 流星 #3: 幀 74-79 (時間 2.5s-2.6s), 長度 34.2px, 速度 6.8px/frame, 點數 3
[22:36:46] ✓ 流星 #4: 幀 83-86 (時間 2.8s-2.9s), 長度 8.6px, 速度 2.9px/frame, 點數 2
[22:36:46] ✓ 流星 #5: 幀 79-88 (時間 2.6s-2.9s), 長度 306.3px, 速度 34.0px/frame, 點數 5
[22:36:46] ✓ 流星 #6: 幀 88-93 (時間 2.9s-3.1s), 長度 41.2px, 速度 8.2px/frame, 點數 3
[22:36:46] ✓ 流星 #7: 幀 93-93 (時間 3.1s-3.1s), 長度 46.4px, 速度 46.4px/frame, 點數 2
[22:36:46] 處理進度: 100/3065, 活躍軌跡: 5, 已偵測流星: 7
[22:36:46] ✓ 流星 #8: 幀 91-95 (時間 3.0s-3.2s), 長度 104.5px, 速度 26.1px/frame, 點數 4
[22:36:46] ✓ 流星 #9: 幀 93-95 (時間 3.1s-3.2s), 長度 16.3px, 速度 8.1px/frame, 點數 2
[22:36:46] 處理進度: 200/3065, 活躍軌跡: 0, 已偵測流星: 9
[22:36:47] 處理進度: 300/3065, 活躍軌跡: 0, 已偵測流星: 9
[22:36:47] ✓ 流星 #10: 幀 301-301 (時間 10.0s-10.0s), 長度 33.2px, 速度 33.2px/frame, 點數 2
[22:36:47] ✓ 流星 #11: 幀 301-301 (時間 10.0s-10.0s), 長度 24.4px, 速度 24.4px/frame, 點數 2
[22:36:47] ✓ 流星 #12: 幀 301-301 (時間 10.0s-10.0s), 長度 25.3px, 速度 25.3px/frame, 點數 2
[22:36:47] ✓ 流星 #13: 幀 301-302 (時間 10.0s-10.1s), 長度 9.5px, 速度 9.5px/frame, 點數 3
[22:36:47] ✓ 流星 #14: 幀 340-340 (時間 11.3s-11.3s), 長度 38.2px, 速度 38.2px/frame, 點數 2
[22:36:47] ✓ 流星 #15: 幀 343-344 (時間 11.4s-11.5s), 長度 11.5px, 速度 11.5px/frame, 點數 3
[22:36:47] ✓ 流星 #16: 幀 345-345 (時間 11.5s-11.5s), 長度 42.0px, 速度 42.0px/frame, 點數 2
[22:36:47] ✓ 流星 #17: 幀 338-346 (時間 11.3s-11.5s), 長度 81.6px, 速度 10.2px/frame, 點數 6
[22:36:47] ✓ 流星 #18: 幀 345-346 (時間 11.5s-11.5s), 長度 19.7px, 速度 19.7px/frame, 點數 3
[22:36:47] ✓ 流星 #19: 幀 343-347 (時間 11.4s-11.6s), 長度 77.5px, 速度 19.4px/frame, 點數 5
[22:36:47] ✓ 流星 #20: 幀 346-350 (時間 11.5s-11.7s), 長度 11.3px, 速度 2.8px/frame, 點數 4
[22:36:47] ✓ 流星 #21: 幀 347-350 (時間 11.6s-11.7s), 長度 12.5px, 速度 4.2px/frame, 點數 3
[22:36:47] ✓ 流星 #22: 幀 351-351 (時間 11.7s-11.7s), 長度 19.7px, 速度 19.7px/frame, 點數 2
[22:36:47] ✓ 流星 #23: 幀 349-352 (時間 11.6s-11.7s), 長度 18.1px, 速度 6.0px/frame, 點數 4
[22:36:47] ✓ 流星 #24: 幀 349-352 (時間 11.6s-11.7s), 長度 6.1px, 速度 2.0px/frame, 點數 2
[22:36:47] ✓ 流星 #25: 幀 350-352 (時間 11.7s-11.7s), 長度 17.6px, 速度 8.8px/frame, 點數 3
[22:36:47] ✓ 流星 #26: 幀 353-355 (時間 11.8s-11.8s), 長度 26.1px, 速度 13.1px/frame, 點數 3
[22:36:47] ✓ 流星 #27: 幀 355-357 (時間 11.8s-11.9s), 長度 27.2px, 速度 13.6px/frame, 點數 2
[22:36:47] ✓ 流星 #28: 幀 352-361 (時間 11.7s-12.0s), 長度 101.1px, 速度 11.2px/frame, 點數 9
[22:36:47] ✓ 流星 #29: 幀 358-361 (時間 11.9s-12.0s), 長度 17.3px, 速度 5.8px/frame, 點數 3
[22:36:47] ✓ 流星 #30: 幀 386-386 (時間 12.9s-12.9s), 長度 6.1px, 速度 6.1px/frame, 點數 2
[22:36:47] 處理進度: 400/3065, 活躍軌跡: 5, 已偵測流星: 30
[22:36:48] ✓ 流星 #31: 幀 423-428 (時間 14.1s-14.3s), 長度 7.0px, 速度 1.4px/frame, 點數 3
[22:36:48] ✓ 流星 #32: 幀 428-433 (時間 14.3s-14.4s), 長度 5.1px, 速度 1.0px/frame, 點數 2
[22:36:48] ✓ 流星 #33: 幀 433-437 (時間 14.4s-14.6s), 長度 6.0px, 速度 1.5px/frame, 點數 2
[22:36:48] ✓ 流星 #34: 幀 437-442 (時間 14.6s-14.7s), 長度 6.0px, 速度 1.2px/frame, 點數 2
[22:36:48] ✓ 流星 #35: 幀 451-451 (時間 15.0s-15.0s), 長度 5.1px, 速度 5.1px/frame, 點數 2
[22:36:48] ✓ 流星 #36: 幀 451-452 (時間 15.0s-15.1s), 長度 5.1px, 速度 5.1px/frame, 點數 2
[22:36:48] ✓ 流星 #37: 幀 459-459 (時間 15.3s-15.3s), 長度 5.1px, 速度 5.1px/frame, 點數 2
[22:36:48] ✓ 流星 #38: 幀 459-459 (時間 15.3s-15.3s), 長度 5.1px, 速度 5.1px/frame, 點數 2
[22:36:48] ✓ 流星 #39: 幀 476-476 (時間 15.9s-15.9s), 長度 6.1px, 速度 6.1px/frame, 點數 2
[22:36:48] 處理進度: 500/3065, 活躍軌跡: 9, 已偵測流星: 39
[22:36:48] ✓ 流星 #40: 幀 493-496 (時間 16.4s-16.5s), 長度 7.0px, 速度 2.3px/frame, 點數 3
[22:36:48] ✓ 流星 #41: 幀 499-499 (時間 16.6s-16.6s), 長度 5.1px, 速度 5.1px/frame, 點數 2
[22:36:48] ✓ 流星 #42: 幀 521-521 (時間 17.4s-17.4s), 長度 6.1px, 速度 6.1px/frame, 點數 2
[22:36:48] ✓ 流星 #43: 幀 521-521 (時間 17.4s-17.4s), 長度 5.1px, 速度 5.1px/frame, 點數 2
[22:36:48] ✓ 流星 #44: 幀 535-535 (時間 17.8s-17.8s), 長度 6.1px, 速度 6.1px/frame, 點數 2
[22:36:48] ✓ 流星 #45: 幀 541-544 (時間 18.0s-18.1s), 長度 6.0px, 速度 2.0px/frame, 點數 3
[22:36:48] ✓ 流星 #46: 幀 544-544 (時間 18.1s-18.1s), 長度 5.1px, 速度 5.1px/frame, 點數 2
[22:36:48] ✓ 流星 #47: 幀 551-551 (時間 18.4s-18.4s), 長度 5.1px, 速度 5.1px/frame, 點數 2
[22:36:48] ✓ 流星 #48: 幀 551-551 (時間 18.4s-18.4s), 長度 5.4px, 速度 5.4px/frame, 點數 2
[22:36:48] ✓ 流星 #49: 幀 550-553 (時間 18.3s-18.4s), 長度 7.0px, 速度 2.3px/frame, 點數 3
[22:36:48] ✓ 流星 #50: 幀 550-554 (時間 18.3s-18.5s), 長度 5.4px, 速度 1.3px/frame, 點數 2
[22:36:48] 處理進度: 600/3065, 活躍軌跡: 1, 已偵測流星: 50
[22:36:49] ✓ 流星 #51: 幀 597-605 (時間 19.9s-20.2s), 長度 20.8px, 速度 2.6px/frame, 點數 5
[22:36:49] ✓ 流星 #52: 幀 602-609 (時間 20.1s-20.3s), 長度 27.8px, 速度 4.0px/frame, 點數 5
[22:36:49] ✓ 流星 #53: 幀 607-635 (時間 20.2s-21.2s), 長度 85.3px, 速度 3.0px/frame, 點數 12
[22:36:49] ✓ 流星 #54: 幀 631-643 (時間 21.0s-21.4s), 長度 22.6px, 速度 1.9px/frame, 點數 5
[22:36:49] 處理進度: 700/3065, 活躍軌跡: 0, 已偵測流星: 54
[22:36:49] ✓ 流星 #55: 幀 751-751 (時間 25.0s-25.0s), 長度 20.0px, 速度 20.0px/frame, 點數 2
[22:36:49] ✓ 流星 #56: 幀 751-751 (時間 25.0s-25.0s), 長度 44.0px, 速度 44.0px/frame, 點數 2
[22:36:49] ✓ 流星 #57: 幀 758-758 (時間 25.3s-25.3s), 長度 11.0px, 速度 11.0px/frame, 點數 2
[22:36:49] ✓ 流星 #58: 幀 758-758 (時間 25.3s-25.3s), 長度 11.0px, 速度 11.0px/frame, 點數 2
[22:36:49] ✓ 流星 #59: 幀 758-758 (時間 25.3s-25.3s), 長度 10.0px, 速度 10.0px/frame, 點數 2
[22:36:49] ✓ 流星 #60: 幀 758-758 (時間 25.3s-25.3s), 長度 11.0px, 速度 11.0px/frame, 點數 2
[22:36:49] ✓ 流星 #61: 幀 758-758 (時間 25.3s-25.3s), 長度 10.0px, 速度 10.0px/frame, 點數 2
[22:36:49] ✓ 流星 #62: 幀 758-758 (時間 25.3s-25.3s), 長度 13.0px, 速度 13.0px/frame, 點數 2
[22:36:49] ✓ 流星 #63: 幀 758-758 (時間 25.3s-25.3s), 長度 12.2px, 速度 12.2px/frame, 點數 2
[22:36:49] ✓ 流星 #64: 幀 758-758 (時間 25.3s-25.3s), 長度 11.0px, 速度 11.0px/frame, 點數 2
[22:36:49] ✓ 流星 #65: 幀 758-758 (時間 25.3s-25.3s), 長度 12.4px, 速度 12.4px/frame, 點數 2
[22:36:49] ✓ 流星 #66: 幀 758-758 (時間 25.3s-25.3s), 長度 12.2px, 速度 12.2px/frame, 點數 2
[22:36:49] 處理進度: 800/3065, 活躍軌跡: 0, 已偵測流星: 66
[22:36:50] ✓ 流星 #67: 幀 861-873 (時間 28.7s-29.1s), 長度 167.6px, 速度 14.0px/frame, 點數 6
[22:36:50] ✓ 流星 #68: 幀 863-875 (時間 28.8s-29.2s), 長度 169.8px, 速度 14.2px/frame, 點數 6
[22:36:50] 處理進度: 900/3065, 活躍軌跡: 0, 已偵測流星: 68
[22:36:50] 處理進度: 1000/3065, 活躍軌跡: 0, 已偵測流星: 68
[22:36:51] ✓ 流星 #69: 幀 1051-1051 (時間 35.0s-35.0s), 長度 23.3px, 速度 23.3px/frame, 點數 2
[22:36:51] ✓ 流星 #70: 幀 1051-1051 (時間 35.0s-35.0s), 長度 29.5px, 速度 29.5px/frame, 點數 2
[22:36:51] ✓ 流星 #71: 幀 1052-1052 (時間 35.1s-35.1s), 長度 12.5px, 速度 12.5px/frame, 點數 2
[22:36:51] ✓ 流星 #72: 幀 1057-1057 (時間 35.2s-35.2s), 長度 32.7px, 速度 32.7px/frame, 點數 2
[22:36:51] 處理進度: 1100/3065, 活躍軌跡: 0, 已偵測流星: 72
[22:36:51] ✓ 流星 #73: 幀 1125-1125 (時間 37.5s-37.5s), 長度 28.2px, 速度 28.2px/frame, 點數 2
[22:36:51] ✓ 流星 #74: 幀 1125-1125 (時間 37.5s-37.5s), 長度 24.0px, 速度 24.0px/frame, 點數 2
[22:36:51] ✓ 流星 #75: 幀 1125-1125 (時間 37.5s-37.5s), 長度 17.1px, 速度 17.1px/frame, 點數 2
[22:36:51] ✓ 流星 #76: 幀 1125-1125 (時間 37.5s-37.5s), 長度 27.3px, 速度 27.3px/frame, 點數 2
[22:36:51] ✓ 流星 #77: 幀 1125-1125 (時間 37.5s-37.5s), 長度 30.0px, 速度 30.0px/frame, 點數 2
[22:36:51] ✓ 流星 #78: 幀 1125-1125 (時間 37.5s-37.5s), 長度 44.4px, 速度 44.4px/frame, 點數 2
[22:36:51] ✓ 流星 #79: 幀 1125-1125 (時間 37.5s-37.5s), 長度 16.5px, 速度 16.5px/frame, 點數 2
[22:36:51] ✓ 流星 #80: 幀 1125-1125 (時間 37.5s-37.5s), 長度 11.4px, 速度 11.4px/frame, 點數 2
[22:36:51] ✓ 流星 #81: 幀 1125-1125 (時間 37.5s-37.5s), 長度 55.9px, 速度 55.9px/frame, 點數 2
[22:36:51] ✓ 流星 #82: 幀 1125-1125 (時間 37.5s-37.5s), 長度 33.3px, 速度 33.3px/frame, 點數 2
[22:36:51] ✓ 流星 #83: 幀 1125-1125 (時間 37.5s-37.5s), 長度 29.1px, 速度 29.1px/frame, 點數 2
[22:36:51] ✓ 流星 #84: 幀 1125-1125 (時間 37.5s-37.5s), 長度 21.2px, 速度 21.2px/frame, 點數 2
[22:36:51] ✓ 流星 #85: 幀 1125-1125 (時間 37.5s-37.5s), 長度 50.6px, 速度 50.6px/frame, 點數 2
[22:36:51] ✓ 流星 #86: 幀 1125-1125 (時間 37.5s-37.5s), 長度 8.1px, 速度 8.1px/frame, 點數 2
[22:36:51] ✓ 流星 #87: 幀 1125-1125 (時間 37.5s-37.5s), 長度 25.6px, 速度 25.6px/frame, 點數 2
[22:36:51] ✓ 流星 #88: 幀 1125-1125 (時間 37.5s-37.5s), 長度 22.5px, 速度 22.5px/frame, 點數 2
[22:36:51] ✓ 流星 #89: 幀 1125-1125 (時間 37.5s-37.5s), 長度 44.1px, 速度 44.1px/frame, 點數 2
[22:36:51] ✓ 流星 #90: 幀 1125-1125 (時間 37.5s-37.5s), 長度 33.5px, 速度 33.5px/frame, 點數 2
[22:36:51] ✓ 流星 #91: 幀 1125-1125 (時間 37.5s-37.5s), 長度 42.5px, 速度 42.5px/frame, 點數 2
[22:36:51] ✓ 流星 #92: 幀 1125-1125 (時間 37.5s-37.5s), 長度 30.5px, 速度 30.5px/frame, 點數 2
[22:36:51] ✓ 流星 #93: 幀 1125-1125 (時間 37.5s-37.5s), 長度 25.3px, 速度 25.3px/frame, 點數 2
[22:36:51] ✓ 流星 #94: 幀 1125-1125 (時間 37.5s-37.5s), 長度 36.7px, 速度 36.7px/frame, 點數 2
[22:36:51] ✓ 流星 #95: 幀 1125-1125 (時間 37.5s-37.5s), 長度 13.3px, 速度 13.3px/frame, 點數 2
[22:36:51] ✓ 流星 #96: 幀 1125-1125 (時間 37.5s-37.5s), 長度 25.2px, 速度 25.2px/frame, 點數 2
[22:36:51] ✓ 流星 #97: 幀 1125-1125 (時間 37.5s-37.5s), 長度 12.6px, 速度 12.6px/frame, 點數 2
[22:36:51] ✓ 流星 #98: 幀 1125-1125 (時間 37.5s-37.5s), 長度 22.6px, 速度 22.6px/frame, 點數 2
[22:36:51] ✓ 流星 #99: 幀 1125-1125 (時間 37.5s-37.5s), 長度 24.2px, 速度 24.2px/frame, 點數 2
[22:36:51] ✓ 流星 #100: 幀 1125-1125 (時間 37.5s-37.5s), 長度 11.3px, 速度 11.3px/frame, 點數 2
[22:36:51] ✓ 流星 #101: 幀 1125-1125 (時間 37.5s-37.5s), 長度 31.8px, 速度 31.8px/frame, 點數 2
[22:36:51] ✓ 流星 #102: 幀 1125-1125 (時間 37.5s-37.5s), 長度 12.2px, 速度 12.2px/frame, 點數 2
[22:36:51] ✓ 流星 #103: 幀 1125-1125 (時間 37.5s-37.5s), 長度 21.9px, 速度 21.9px/frame, 點數 2
[22:36:51] ✓ 流星 #104: 幀 1125-1125 (時間 37.5s-37.5s), 長度 39.3px, 速度 39.3px/frame, 點數 2
[22:36:51] ✓ 流星 #105: 幀 1125-1125 (時間 37.5s-37.5s), 長度 41.4px, 速度 41.4px/frame, 點數 2
[22:36:51] ✓ 流星 #106: 幀 1125-1125 (時間 37.5s-37.5s), 長度 38.3px, 速度 38.3px/frame, 點數 2
[22:36:51] ✓ 流星 #107: 幀 1125-1125 (時間 37.5s-37.5s), 長度 28.0px, 速度 28.0px/frame, 點數 2
[22:36:51] ✓ 流星 #108: 幀 1125-1125 (時間 37.5s-37.5s), 長度 33.7px, 速度 33.7px/frame, 點數 2
[22:36:51] ✓ 流星 #109: 幀 1125-1125 (時間 37.5s-37.5s), 長度 44.6px, 速度 44.6px/frame, 點數 2
[22:36:51] ✓ 流星 #110: 幀 1125-1125 (時間 37.5s-37.5s), 長度 11.4px, 速度 11.4px/frame, 點數 2
[22:36:51] ✓ 流星 #111: 幀 1125-1125 (時間 37.5s-37.5s), 長度 54.4px, 速度 54.4px/frame, 點數 2
[22:36:51] ✓ 流星 #112: 幀 1125-1125 (時間 37.5s-37.5s), 長度 28.2px, 速度 28.2px/frame, 點數 2
[22:36:51] ✓ 流星 #113: 幀 1125-1125 (時間 37.5s-37.5s), 長度 28.2px, 速度 28.2px/frame, 點數 2
[22:36:51] ✓ 流星 #114: 幀 1125-1125 (時間 37.5s-37.5s), 長度 40.3px, 速度 40.3px/frame, 點數 2
[22:36:51] ✓ 流星 #115: 幀 1125-1125 (時間 37.5s-37.5s), 長度 23.4px, 速度 23.4px/frame, 點數 2
[22:36:51] ✓ 流星 #116: 幀 1125-1125 (時間 37.5s-37.5s), 長度 8.1px, 速度 8.1px/frame, 點數 2
[22:36:51] ✓ 流星 #117: 幀 1125-1125 (時間 37.5s-37.5s), 長度 48.4px, 速度 48.4px/frame, 點數 2
[22:36:51] ✓ 流星 #118: 幀 1125-1125 (時間 37.5s-37.5s), 長度 17.3px, 速度 17.3px/frame, 點數 2
[22:36:51] ✓ 流星 #119: 幀 1125-1125 (時間 37.5s-37.5s), 長度 50.6px, 速度 50.6px/frame, 點數 2
[22:36:51] ✓ 流星 #120: 幀 1125-1125 (時間 37.5s-37.5s), 長度 28.3px, 速度 28.3px/frame, 點數 2
[22:36:51] ✓ 流星 #121: 幀 1125-1125 (時間 37.5s-37.5s), 長度 8.2px, 速度 8.2px/frame, 點數 2
[22:36:51] ✓ 流星 #122: 幀 1125-1125 (時間 37.5s-37.5s), 長度 15.6px, 速度 15.6px/frame, 點數 2
[22:36:51] ✓ 流星 #123: 幀 1125-1125 (時間 37.5s-37.5s), 長度 48.3px, 速度 48.3px/frame, 點數 2
[22:36:51] ✓ 流星 #124: 幀 1125-1125 (時間 37.5s-37.5s), 長度 13.4px, 速度 13.4px/frame, 點數 2
[22:36:51] ✓ 流星 #125: 幀 1125-1125 (時間 37.5s-37.5s), 長度 24.5px, 速度 24.5px/frame, 點數 2
[22:36:51] ✓ 流星 #126: 幀 1125-1125 (時間 37.5s-37.5s), 長度 57.0px, 速度 57.0px/frame, 點數 2
[22:36:51] ✓ 流星 #127: 幀 1125-1125 (時間 37.5s-37.5s), 長度 49.1px, 速度 49.1px/frame, 點數 2
[22:36:51] ✓ 流星 #128: 幀 1125-1125 (時間 37.5s-37.5s), 長度 36.8px, 速度 36.8px/frame, 點數 2
[22:36:51] ✓ 流星 #129: 幀 1125-1125 (時間 37.5s-37.5s), 長度 26.2px, 速度 26.2px/frame, 點數 2
[22:36:51] ✓ 流星 #130: 幀 1125-1125 (時間 37.5s-37.5s), 長度 36.4px, 速度 36.4px/frame, 點數 2
[22:36:51] ✓ 流星 #131: 幀 1125-1125 (時間 37.5s-37.5s), 長度 53.8px, 速度 53.8px/frame, 點數 2
[22:36:51] ✓ 流星 #132: 幀 1125-1125 (時間 37.5s-37.5s), 長度 39.6px, 速度 39.6px/frame, 點數 2
[22:36:51] ✓ 流星 #133: 幀 1125-1125 (時間 37.5s-37.5s), 長度 43.1px, 速度 43.1px/frame, 點數 2
[22:36:51] ✓ 流星 #134: 幀 1125-1125 (時間 37.5s-37.5s), 長度 29.5px, 速度 29.5px/frame, 點數 2
[22:36:51] ✓ 流星 #135: 幀 1125-1125 (時間 37.5s-37.5s), 長度 33.4px, 速度 33.4px/frame, 點數 2
[22:36:51] ✓ 流星 #136: 幀 1125-1125 (時間 37.5s-37.5s), 長度 22.6px, 速度 22.6px/frame, 點數 2
[22:36:51] ✓ 流星 #137: 幀 1125-1125 (時間 37.5s-37.5s), 長度 21.5px, 速度 21.5px/frame, 點數 2
[22:36:51] ✓ 流星 #138: 幀 1125-1125 (時間 37.5s-37.5s), 長度 57.7px, 速度 57.7px/frame, 點數 2
[22:36:51] ✓ 流星 #139: 幀 1125-1125 (時間 37.5s-37.5s), 長度 12.0px, 速度 12.0px/frame, 點數 2
[22:36:51] ✓ 流星 #140: 幀 1125-1125 (時間 37.5s-37.5s), 長度 41.9px, 速度 41.9px/frame, 點數 2
[22:36:51] ✓ 流星 #141: 幀 1125-1125 (時間 37.5s-37.5s), 長度 33.6px, 速度 33.6px/frame, 點數 2
[22:36:51] ✓ 流星 #142: 幀 1125-1125 (時間 37.5s-37.5s), 長度 35.5px, 速度 35.5px/frame, 點數 2
[22:36:51] ✓ 流星 #143: 幀 1125-1125 (時間 37.5s-37.5s), 長度 30.9px, 速度 30.9px/frame, 點數 2
[22:36:51] ✓ 流星 #144: 幀 1125-1125 (時間 37.5s-37.5s), 長度 5.0px, 速度 5.0px/frame, 點數 2
[22:36:51] ✓ 流星 #145: 幀 1125-1125 (時間 37.5s-37.5s), 長度 38.0px, 速度 38.0px/frame, 點數 2
[22:36:51] ✓ 流星 #146: 幀 1175-1190 (時間 39.2s-39.7s), 長度 94.2px, 速度 6.3px/frame, 點數 4
[22:36:51] 處理進度: 1200/3065, 活躍軌跡: 2, 已偵測流星: 146
[22:36:51] ✓ 流星 #147: 幀 1180-1195 (時間 39.3s-39.8s), 長度 93.3px, 速度 6.2px/frame, 點數 4
[22:36:52] 處理進度: 1300/3065, 活躍軌跡: 0, 已偵測流星: 147
[22:36:52] ✓ 流星 #148: 幀 1341-1348 (時間 44.7s-44.9s), 長度 27.1px, 速度 3.9px/frame, 點數 3
[22:36:52] ✓ 流星 #149: 幀 1345-1352 (時間 44.8s-45.1s), 長度 43.1px, 速度 6.2px/frame, 點數 4
[22:36:52] ✓ 流星 #150: 幀 1352-1363 (時間 45.1s-45.4s), 長度 100.8px, 速度 9.2px/frame, 點數 5
[22:36:52] ✓ 流星 #151: 幀 1366-1370 (時間 45.5s-45.7s), 長度 15.0px, 速度 3.8px/frame, 點數 2
[22:36:52] ✓ 流星 #152: 幀 1373-1377 (時間 45.8s-45.9s), 長度 16.0px, 速度 4.0px/frame, 點數 2
[22:36:52] 處理進度: 1400/3065, 活躍軌跡: 2, 已偵測流星: 152
[22:36:52] ✓ 流星 #153: 幀 1384-1402 (時間 46.1s-46.7s), 長度 79.1px, 速度 4.4px/frame, 點數 6
[22:36:53] ✓ 流星 #154: 幀 1355-1406 (時間 45.2s-46.9s), 長度 202.1px, 速度 4.0px/frame, 點數 15
[22:36:53] 處理進度: 1500/3065, 活躍軌跡: 0, 已偵測流星: 154
[22:36:53] ✓ 流星 #155: 幀 1501-1501 (時間 50.0s-50.0s), 長度 10.3px, 速度 10.3px/frame, 點數 2
[22:36:53] ✓ 流星 #156: 幀 1501-1501 (時間 50.0s-50.0s), 長度 7.1px, 速度 7.1px/frame, 點數 2
[22:36:54] ✓ 流星 #157: 幀 1562-1569 (時間 52.1s-52.3s), 長度 32.3px, 速度 4.6px/frame, 點數 5
[22:36:54] ✓ 流星 #158: 幀 1564-1570 (時間 52.1s-52.3s), 長度 23.7px, 速度 4.0px/frame, 點數 4
[22:36:54] ✓ 流星 #159: 幀 1555-1583 (時間 51.8s-52.8s), 長度 96.3px, 速度 3.4px/frame, 點數 13
[22:36:54] ✓ 流星 #160: 幀 1576-1588 (時間 52.5s-52.9s), 長度 39.1px, 速度 3.3px/frame, 點數 6
[22:36:54] 處理進度: 1600/3065, 活躍軌跡: 0, 已偵測流星: 160
[22:36:55] ✓ 流星 #161: 幀 1685-1685 (時間 56.2s-56.2s), 長度 24.2px, 速度 24.2px/frame, 點數 2
[22:36:55] ✓ 流星 #162: 幀 1685-1685 (時間 56.2s-56.2s), 長度 43.6px, 速度 43.6px/frame, 點數 2
[22:36:55] ✓ 流星 #163: 幀 1685-1685 (時間 56.2s-56.2s), 長度 55.8px, 速度 55.8px/frame, 點數 2
[22:36:55] ✓ 流星 #164: 幀 1685-1685 (時間 56.2s-56.2s), 長度 56.6px, 速度 56.6px/frame, 點數 2
[22:36:55] ✓ 流星 #165: 幀 1685-1685 (時間 56.2s-56.2s), 長度 36.7px, 速度 36.7px/frame, 點數 2
[22:36:55] 處理進度: 1700/3065, 活躍軌跡: 1, 已偵測流星: 165
[22:36:56] ✓ 流星 #166: 幀 1712-1717 (時間 57.1s-57.2s), 長度 6.0px, 速度 1.2px/frame, 點數 2
[22:36:56] ✓ 流星 #167: 幀 1723-1723 (時間 57.4s-57.4s), 長度 6.4px, 速度 6.4px/frame, 點數 2
[22:36:56] ✓ 流星 #168: 幀 1732-1736 (時間 57.7s-57.9s), 長度 15.8px, 速度 4.0px/frame, 點數 3
[22:36:56] ✓ 流星 #169: 幀 1736-1738 (時間 57.9s-57.9s), 長度 13.0px, 速度 6.5px/frame, 點數 2
[22:36:56] ✓ 流星 #170: 幀 1745-1748 (時間 58.2s-58.3s), 長度 5.4px, 速度 1.8px/frame, 點數 2
[22:36:56] ✓ 流星 #171: 幀 1748-1765 (時間 58.3s-58.8s), 長度 74.8px, 速度 4.4px/frame, 點數 9
[22:36:56] ✓ 流星 #172: 幀 1750-1772 (時間 58.3s-59.1s), 長度 105.1px, 速度 4.8px/frame, 點數 10
[22:36:57] ✓ 流星 #173: 幀 1767-1789 (時間 58.9s-59.6s), 長度 102.1px, 速度 4.6px/frame, 點數 10
[22:36:57] ✓ 流星 #174: 幀 1784-1793 (時間 59.5s-59.8s), 長度 34.2px, 速度 3.8px/frame, 點數 4
[22:36:57] 處理進度: 1800/3065, 活躍軌跡: 0, 已偵測流星: 174
[22:36:58] 處理進度: 1900/3065, 活躍軌跡: 21, 已偵測流星: 174
[22:36:58] ✓ 流星 #175: 幀 1898-1898 (時間 63.3s-63.3s), 長度 33.2px, 速度 33.2px/frame, 點數 2
[22:36:58] ✓ 流星 #176: 幀 1898-1898 (時間 63.3s-63.3s), 長度 32.8px, 速度 32.8px/frame, 點數 2
[22:36:58] ✓ 流星 #177: 幀 1898-1898 (時間 63.3s-63.3s), 長度 56.0px, 速度 56.0px/frame, 點數 2
[22:36:58] ✓ 流星 #178: 幀 1898-1898 (時間 63.3s-63.3s), 長度 57.9px, 速度 57.9px/frame, 點數 2
[22:36:58] ✓ 流星 #179: 幀 1898-1898 (時間 63.3s-63.3s), 長度 21.3px, 速度 21.3px/frame, 點數 2
[22:36:58] ✓ 流星 #180: 幀 1898-1898 (時間 63.3s-63.3s), 長度 36.1px, 速度 36.1px/frame, 點數 2
[22:36:58] ✓ 流星 #181: 幀 1947-1954 (時間 64.9s-65.1s), 長度 36.9px, 速度 5.3px/frame, 點數 4
[22:36:58] ✓ 流星 #182: 幀 1951-1961 (時間 65.0s-65.4s), 長度 57.9px, 速度 5.8px/frame, 點數 6
[22:36:58] ✓ 流星 #183: 幀 1954-1964 (時間 65.1s-65.5s), 長度 37.7px, 速度 3.8px/frame, 點數 5
[22:36:59] 處理進度: 2000/3065, 活躍軌跡: 0, 已偵測流星: 183
[22:36:59] ✓ 流星 #184: 幀 2061-2061 (時間 68.7s-68.7s), 長度 31.1px, 速度 31.1px/frame, 點數 2
[22:36:59] ✓ 流星 #185: 幀 2061-2061 (時間 68.7s-68.7s), 長度 36.1px, 速度 36.1px/frame, 點數 2
[22:36:59] ✓ 流星 #186: 幀 2061-2061 (時間 68.7s-68.7s), 長度 56.8px, 速度 56.8px/frame, 點數 2
[22:36:59] ✓ 流星 #187: 幀 2061-2061 (時間 68.7s-68.7s), 長度 56.3px, 速度 56.3px/frame, 點數 2
[22:36:59] ✓ 流星 #188: 幀 2061-2061 (時間 68.7s-68.7s), 長度 25.5px, 速度 25.5px/frame, 點數 2
[22:36:59] ✓ 流星 #189: 幀 2061-2061 (時間 68.7s-68.7s), 長度 31.0px, 速度 31.0px/frame, 點數 2
[22:36:59] 處理進度: 2100/3065, 活躍軌跡: 0, 已偵測流星: 189
[22:37:00] ✓ 流星 #190: 幀 2101-2101 (時間 70.0s-70.0s), 長度 12.2px, 速度 12.2px/frame, 點數 2
[22:37:00] ✓ 流星 #191: 幀 2164-2164 (時間 72.1s-72.1s), 長度 36.1px, 速度 36.1px/frame, 點數 2
[22:37:00] ✓ 流星 #192: 幀 2164-2164 (時間 72.1s-72.1s), 長度 31.1px, 速度 31.1px/frame, 點數 2
[22:37:00] ✓ 流星 #193: 幀 2164-2164 (時間 72.1s-72.1s), 長度 57.0px, 速度 57.0px/frame, 點數 2
[22:37:00] ✓ 流星 #194: 幀 2164-2164 (時間 72.1s-72.1s), 長度 17.0px, 速度 17.0px/frame, 點數 2
[22:37:00] 處理進度: 2200/3065, 活躍軌跡: 1, 已偵測流星: 194
[22:37:01] ✓ 流星 #195: 幀 2210-2217 (時間 73.7s-73.9s), 長度 45.7px, 速度 6.5px/frame, 點數 5
[22:37:01] ✓ 流星 #196: 幀 2212-2217 (時間 73.7s-73.9s), 長度 32.4px, 速度 6.5px/frame, 點數 2
[22:37:01] ✓ 流星 #197: 幀 2207-2222 (時間 73.6s-74.1s), 長度 49.5px, 速度 3.3px/frame, 點數 7
[22:37:01] ✓ 流星 #198: 幀 2251-2251 (時間 75.0s-75.0s), 長度 26.6px, 速度 26.6px/frame, 點數 2
[22:37:01] ✓ 流星 #199: 幀 2251-2251 (時間 75.0s-75.0s), 長度 42.2px, 速度 42.2px/frame, 點數 2
[22:37:01] ✓ 流星 #200: 幀 2251-2251 (時間 75.0s-75.0s), 長度 57.0px, 速度 57.0px/frame, 點數 2
[22:37:02] ✓ 流星 #201: 幀 2282-2282 (時間 76.1s-76.1s), 長度 46.6px, 速度 46.6px/frame, 點數 2
[22:37:02] ✓ 流星 #202: 幀 2282-2282 (時間 76.1s-76.1s), 長度 39.0px, 速度 39.0px/frame, 點數 2
[22:37:02] ✓ 流星 #203: 幀 2282-2282 (時間 76.1s-76.1s), 長度 9.0px, 速度 9.0px/frame, 點數 2
[22:37:02] ✓ 流星 #204: 幀 2282-2282 (時間 76.1s-76.1s), 長度 15.6px, 速度 15.6px/frame, 點數 2
[22:37:02] ✓ 流星 #205: 幀 2282-2282 (時間 76.1s-76.1s), 長度 14.3px, 速度 14.3px/frame, 點數 2
[22:37:02] ✓ 流星 #206: 幀 2282-2282 (時間 76.1s-76.1s), 長度 26.2px, 速度 26.2px/frame, 點數 2
[22:37:02] ✓ 流星 #207: 幀 2282-2282 (時間 76.1s-76.1s), 長度 25.1px, 速度 25.1px/frame, 點數 2
[22:37:02] ✓ 流星 #208: 幀 2282-2282 (時間 76.1s-76.1s), 長度 7.3px, 速度 7.3px/frame, 點數 2
[22:37:02] ✓ 流星 #209: 幀 2282-2282 (時間 76.1s-76.1s), 長度 52.8px, 速度 52.8px/frame, 點數 2
[22:37:02] ✓ 流星 #210: 幀 2282-2282 (時間 76.1s-76.1s), 長度 14.0px, 速度 14.0px/frame, 點數 2
[22:37:02] ✓ 流星 #211: 幀 2282-2282 (時間 76.1s-76.1s), 長度 52.6px, 速度 52.6px/frame, 點數 2
[22:37:02] ✓ 流星 #212: 幀 2282-2282 (時間 76.1s-76.1s), 長度 49.0px, 速度 49.0px/frame, 點數 2
[22:37:02] ✓ 流星 #213: 幀 2282-2282 (時間 76.1s-76.1s), 長度 18.4px, 速度 18.4px/frame, 點數 2
[22:37:02] ✓ 流星 #214: 幀 2282-2282 (時間 76.1s-76.1s), 長度 5.0px, 速度 5.0px/frame, 點數 2
[22:37:02] ✓ 流星 #215: 幀 2282-2282 (時間 76.1s-76.1s), 長度 23.0px, 速度 23.0px/frame, 點數 2
[22:37:02] ✓ 流星 #216: 幀 2282-2282 (時間 76.1s-76.1s), 長度 56.1px, 速度 56.1px/frame, 點數 2
[22:37:02] ✓ 流星 #217: 幀 2282-2282 (時間 76.1s-76.1s), 長度 30.0px, 速度 30.0px/frame, 點數 2
[22:37:02] ✓ 流星 #218: 幀 2282-2282 (時間 76.1s-76.1s), 長度 7.1px, 速度 7.1px/frame, 點數 2
[22:37:02] ✓ 流星 #219: 幀 2282-2282 (時間 76.1s-76.1s), 長度 34.9px, 速度 34.9px/frame, 點數 2
[22:37:02] ✓ 流星 #220: 幀 2282-2282 (時間 76.1s-76.1s), 長度 57.6px, 速度 57.6px/frame, 點數 2
[22:37:02] ✓ 流星 #221: 幀 2282-2282 (時間 76.1s-76.1s), 長度 7.8px, 速度 7.8px/frame, 點數 2
[22:37:02] ✓ 流星 #222: 幀 2282-2282 (時間 76.1s-76.1s), 長度 21.0px, 速度 21.0px/frame, 點數 2
[22:37:02] ✓ 流星 #223: 幀 2282-2282 (時間 76.1s-76.1s), 長度 19.2px, 速度 19.2px/frame, 點數 2
[22:37:02] ✓ 流星 #224: 幀 2282-2282 (時間 76.1s-76.1s), 長度 6.0px, 速度 6.0px/frame, 點數 2
[22:37:02] ✓ 流星 #225: 幀 2282-2282 (時間 76.1s-76.1s), 長度 11.7px, 速度 11.7px/frame, 點數 2
[22:37:02] ✓ 流星 #226: 幀 2282-2282 (時間 76.1s-76.1s), 長度 21.0px, 速度 21.0px/frame, 點數 2
[22:37:02] ✓ 流星 #227: 幀 2282-2282 (時間 76.1s-76.1s), 長度 13.0px, 速度 13.0px/frame, 點數 2
[22:37:02] ✓ 流星 #228: 幀 2282-2282 (時間 76.1s-76.1s), 長度 56.9px, 速度 56.9px/frame, 點數 2
[22:37:02] ✓ 流星 #229: 幀 2282-2282 (時間 76.1s-76.1s), 長度 31.8px, 速度 31.8px/frame, 點數 2
[22:37:02] ✓ 流星 #230: 幀 2282-2282 (時間 76.1s-76.1s), 長度 38.8px, 速度 38.8px/frame, 點數 2
[22:37:02] ✓ 流星 #231: 幀 2282-2282 (時間 76.1s-76.1s), 長度 20.4px, 速度 20.4px/frame, 點數 2
[22:37:02] ✓ 流星 #232: 幀 2282-2282 (時間 76.1s-76.1s), 長度 9.2px, 速度 9.2px/frame, 點數 2
[22:37:02] ✓ 流星 #233: 幀 2282-2282 (時間 76.1s-76.1s), 長度 55.4px, 速度 55.4px/frame, 點數 2
[22:37:02] ✓ 流星 #234: 幀 2282-2282 (時間 76.1s-76.1s), 長度 22.4px, 速度 22.4px/frame, 點數 2
[22:37:02] ✓ 流星 #235: 幀 2282-2282 (時間 76.1s-76.1s), 長度 37.9px, 速度 37.9px/frame, 點數 2
[22:37:02] ✓ 流星 #236: 幀 2282-2282 (時間 76.1s-76.1s), 長度 34.9px, 速度 34.9px/frame, 點數 2
[22:37:02] ✓ 流星 #237: 幀 2282-2282 (時間 76.1s-76.1s), 長度 26.2px, 速度 26.2px/frame, 點數 2
[22:37:02] ✓ 流星 #238: 幀 2282-2282 (時間 76.1s-76.1s), 長度 13.6px, 速度 13.6px/frame, 點數 2
[22:37:02] ✓ 流星 #239: 幀 2282-2282 (時間 76.1s-76.1s), 長度 24.7px, 速度 24.7px/frame, 點數 2
[22:37:02] ✓ 流星 #240: 幀 2282-2282 (時間 76.1s-76.1s), 長度 7.2px, 速度 7.2px/frame, 點數 2
[22:37:02] ✓ 流星 #241: 幀 2282-2282 (時間 76.1s-76.1s), 長度 10.3px, 速度 10.3px/frame, 點數 2
[22:37:02] ✓ 流星 #242: 幀 2282-2282 (時間 76.1s-76.1s), 長度 56.0px, 速度 56.0px/frame, 點數 2
[22:37:02] 處理進度: 2300/3065, 活躍軌跡: 0, 已偵測流星: 242
[22:37:02] ✓ 流星 #243: 幀 2345-2350 (時間 78.2s-78.3s), 長度 8.1px, 速度 1.6px/frame, 點數 3
[22:37:02] ✓ 流星 #244: 幀 2350-2355 (時間 78.3s-78.5s), 長度 15.4px, 速度 3.1px/frame, 點數 3
[22:37:03] ✓ 流星 #245: 幀 2362-2365 (時間 78.7s-78.8s), 長度 23.0px, 速度 7.7px/frame, 點數 2
[22:37:03] ✓ 流星 #246: 幀 2353-2377 (時間 78.4s-79.2s), 長度 239.0px, 速度 10.0px/frame, 點數 11
[22:37:03] ✓ 流星 #247: 幀 2386-2393 (時間 79.5s-79.8s), 長度 8.2px, 速度 1.2px/frame, 點數 3
[22:37:03] 處理進度: 2400/3065, 活躍軌跡: 2, 已偵測流星: 247
[22:37:03] ✓ 流星 #248: 幀 2402-2403 (時間 80.1s-80.1s), 長度 11.2px, 速度 11.2px/frame, 點數 2
[22:37:03] ✓ 流星 #249: 幀 2403-2408 (時間 80.1s-80.3s), 長度 7.0px, 速度 1.4px/frame, 點數 2
[22:37:03] ✓ 流星 #250: 幀 2408-2415 (時間 80.3s-80.5s), 長度 8.1px, 速度 1.2px/frame, 點數 3
[22:37:03] ✓ 流星 #251: 幀 2420-2425 (時間 80.7s-80.8s), 長度 15.6px, 速度 3.1px/frame, 點數 3
[22:37:03] ✓ 流星 #252: 幀 2425-2429 (時間 80.8s-81.0s), 長度 5.9px, 速度 1.5px/frame, 點數 3
[22:37:04] ✓ 流星 #253: 幀 2482-2494 (時間 82.7s-83.1s), 長度 21.7px, 速度 1.8px/frame, 點數 4
[22:37:04] 處理進度: 2500/3065, 活躍軌跡: 1, 已偵測流星: 253
[22:37:04] ✓ 流星 #254: 幀 2525-2530 (時間 84.2s-84.3s), 長度 6.1px, 速度 1.2px/frame, 點數 2
[22:37:05] ✓ 流星 #255: 幀 2542-2543 (時間 84.7s-84.8s), 長度 5.8px, 速度 5.8px/frame, 點數 2
[22:37:05] ✓ 流星 #256: 幀 2543-2543 (時間 84.8s-84.8s), 長度 32.0px, 速度 32.0px/frame, 點數 2
[22:37:05] ✓ 流星 #257: 幀 2543-2543 (時間 84.8s-84.8s), 長度 8.0px, 速度 8.0px/frame, 點數 2
[22:37:05] ✓ 流星 #258: 幀 2543-2543 (時間 84.8s-84.8s), 長度 59.0px, 速度 59.0px/frame, 點數 2
[22:37:05] ✓ 流星 #259: 幀 2543-2543 (時間 84.8s-84.8s), 長度 33.6px, 速度 33.6px/frame, 點數 2
[22:37:05] ✓ 流星 #260: 幀 2543-2543 (時間 84.8s-84.8s), 長度 25.5px, 速度 25.5px/frame, 點數 2
[22:37:05] ✓ 流星 #261: 幀 2543-2543 (時間 84.8s-84.8s), 長度 15.8px, 速度 15.8px/frame, 點數 2
[22:37:05] ✓ 流星 #262: 幀 2543-2543 (時間 84.8s-84.8s), 長度 35.0px, 速度 35.0px/frame, 點數 2
[22:37:05] ✓ 流星 #263: 幀 2543-2543 (時間 84.8s-84.8s), 長度 13.0px, 速度 13.0px/frame, 點數 2
[22:37:05] ✓ 流星 #264: 幀 2543-2543 (時間 84.8s-84.8s), 長度 23.3px, 速度 23.3px/frame, 點數 2
[22:37:05] ✓ 流星 #265: 幀 2543-2543 (時間 84.8s-84.8s), 長度 21.1px, 速度 21.1px/frame, 點數 2
[22:37:05] ✓ 流星 #266: 幀 2543-2543 (時間 84.8s-84.8s), 長度 59.0px, 速度 59.0px/frame, 點數 2
[22:37:05] ✓ 流星 #267: 幀 2543-2543 (時間 84.8s-84.8s), 長度 51.4px, 速度 51.4px/frame, 點數 2
[22:37:05] ✓ 流星 #268: 幀 2543-2543 (時間 84.8s-84.8s), 長度 13.4px, 速度 13.4px/frame, 點數 2
[22:37:05] ✓ 流星 #269: 幀 2543-2543 (時間 84.8s-84.8s), 長度 44.0px, 速度 44.0px/frame, 點數 2
[22:37:05] ✓ 流星 #270: 幀 2543-2543 (時間 84.8s-84.8s), 長度 16.6px, 速度 16.6px/frame, 點數 2
[22:37:05] ✓ 流星 #271: 幀 2543-2543 (時間 84.8s-84.8s), 長度 49.0px, 速度 49.0px/frame, 點數 2
[22:37:05] ✓ 流星 #272: 幀 2543-2543 (時間 84.8s-84.8s), 長度 31.8px, 速度 31.8px/frame, 點數 2
[22:37:05] ✓ 流星 #273: 幀 2543-2543 (時間 84.8s-84.8s), 長度 51.4px, 速度 51.4px/frame, 點數 2
[22:37:05] ✓ 流星 #274: 幀 2543-2543 (時間 84.8s-84.8s), 長度 35.9px, 速度 35.9px/frame, 點數 2
[22:37:05] ✓ 流星 #275: 幀 2543-2543 (時間 84.8s-84.8s), 長度 14.9px, 速度 14.9px/frame, 點數 2
[22:37:05] ✓ 流星 #276: 幀 2543-2543 (時間 84.8s-84.8s), 長度 55.0px, 速度 55.0px/frame, 點數 2
[22:37:05] ✓ 流星 #277: 幀 2543-2543 (時間 84.8s-84.8s), 長度 17.1px, 速度 17.1px/frame, 點數 2
[22:37:05] ✓ 流星 #278: 幀 2543-2543 (時間 84.8s-84.8s), 長度 34.4px, 速度 34.4px/frame, 點數 2
[22:37:05] ✓ 流星 #279: 幀 2543-2543 (時間 84.8s-84.8s), 長度 9.1px, 速度 9.1px/frame, 點數 2
[22:37:05] ✓ 流星 #280: 幀 2543-2543 (時間 84.8s-84.8s), 長度 23.3px, 速度 23.3px/frame, 點數 2
[22:37:05] ✓ 流星 #281: 幀 2543-2543 (時間 84.8s-84.8s), 長度 37.1px, 速度 37.1px/frame, 點數 2
[22:37:05] ✓ 流星 #282: 幀 2543-2543 (時間 84.8s-84.8s), 長度 9.0px, 速度 9.0px/frame, 點數 2
[22:37:05] ✓ 流星 #283: 幀 2543-2543 (時間 84.8s-84.8s), 長度 15.6px, 速度 15.6px/frame, 點數 2
[22:37:05] ✓ 流星 #284: 幀 2543-2543 (時間 84.8s-84.8s), 長度 53.3px, 速度 53.3px/frame, 點數 2
[22:37:05] ✓ 流星 #285: 幀 2543-2543 (時間 84.8s-84.8s), 長度 32.2px, 速度 32.2px/frame, 點數 2
[22:37:05] ✓ 流星 #286: 幀 2543-2543 (時間 84.8s-84.8s), 長度 8.6px, 速度 8.6px/frame, 點數 2
[22:37:05] ✓ 流星 #287: 幀 2543-2543 (時間 84.8s-84.8s), 長度 15.0px, 速度 15.0px/frame, 點數 2
[22:37:05] ✓ 流星 #288: 幀 2543-2543 (時間 84.8s-84.8s), 長度 16.3px, 速度 16.3px/frame, 點數 2
[22:37:05] ✓ 流星 #289: 幀 2543-2543 (時間 84.8s-84.8s), 長度 59.1px, 速度 59.1px/frame, 點數 2
[22:37:05] ✓ 流星 #290: 幀 2543-2543 (時間 84.8s-84.8s), 長度 14.0px, 速度 14.0px/frame, 點數 2
[22:37:05] ✓ 流星 #291: 幀 2543-2543 (時間 84.8s-84.8s), 長度 6.4px, 速度 6.4px/frame, 點數 2
[22:37:05] ✓ 流星 #292: 幀 2543-2543 (時間 84.8s-84.8s), 長度 18.2px, 速度 18.2px/frame, 點數 2
[22:37:05] ✓ 流星 #293: 幀 2543-2543 (時間 84.8s-84.8s), 長度 16.3px, 速度 16.3px/frame, 點數 2
[22:37:05] ✓ 流星 #294: 幀 2543-2543 (時間 84.8s-84.8s), 長度 23.4px, 速度 23.4px/frame, 點數 2
[22:37:05] ✓ 流星 #295: 幀 2543-2543 (時間 84.8s-84.8s), 長度 13.3px, 速度 13.3px/frame, 點數 2
[22:37:05] ✓ 流星 #296: 幀 2543-2543 (時間 84.8s-84.8s), 長度 22.8px, 速度 22.8px/frame, 點數 2
[22:37:05] ✓ 流星 #297: 幀 2543-2543 (時間 84.8s-84.8s), 長度 9.4px, 速度 9.4px/frame, 點數 2
[22:37:05] ✓ 流星 #298: 幀 2543-2543 (時間 84.8s-84.8s), 長度 45.7px, 速度 45.7px/frame, 點數 2
[22:37:05] ✓ 流星 #299: 幀 2543-2543 (時間 84.8s-84.8s), 長度 16.2px, 速度 16.2px/frame, 點數 2
[22:37:05] ✓ 流星 #300: 幀 2543-2543 (時間 84.8s-84.8s), 長度 22.4px, 速度 22.4px/frame, 點數 2
[22:37:05] ✓ 流星 #301: 幀 2543-2543 (時間 84.8s-84.8s), 長度 56.1px, 速度 56.1px/frame, 點數 2
[22:37:05] ✓ 流星 #302: 幀 2543-2543 (時間 84.8s-84.8s), 長度 32.6px, 速度 32.6px/frame, 點數 2
[22:37:05] ✓ 流星 #303: 幀 2543-2543 (時間 84.8s-84.8s), 長度 10.0px, 速度 10.0px/frame, 點數 2
[22:37:05] ✓ 流星 #304: 幀 2543-2543 (時間 84.8s-84.8s), 長度 28.3px, 速度 28.3px/frame, 點數 2
[22:37:05] ✓ 流星 #305: 幀 2543-2543 (時間 84.8s-84.8s), 長度 52.0px, 速度 52.0px/frame, 點數 2
[22:37:05] ✓ 流星 #306: 幀 2543-2543 (時間 84.8s-84.8s), 長度 47.0px, 速度 47.0px/frame, 點數 2
[22:37:05] ✓ 流星 #307: 幀 2543-2543 (時間 84.8s-84.8s), 長度 46.0px, 速度 46.0px/frame, 點數 2
[22:37:05] ✓ 流星 #308: 幀 2543-2543 (時間 84.8s-84.8s), 長度 33.5px, 速度 33.5px/frame, 點數 2
[22:37:05] ✓ 流星 #309: 幀 2543-2543 (時間 84.8s-84.8s), 長度 20.6px, 速度 20.6px/frame, 點數 2
[22:37:05] ✓ 流星 #310: 幀 2543-2543 (時間 84.8s-84.8s), 長度 21.0px, 速度 21.0px/frame, 點數 2
[22:37:05] ✓ 流星 #311: 幀 2543-2543 (時間 84.8s-84.8s), 長度 42.5px, 速度 42.5px/frame, 點數 2
[22:37:05] ✓ 流星 #312: 幀 2543-2543 (時間 84.8s-84.8s), 長度 18.4px, 速度 18.4px/frame, 點數 2
[22:37:05] ✓ 流星 #313: 幀 2543-2543 (時間 84.8s-84.8s), 長度 16.3px, 速度 16.3px/frame, 點數 2
[22:37:05] ✓ 流星 #314: 幀 2543-2543 (時間 84.8s-84.8s), 長度 12.1px, 速度 12.1px/frame, 點數 2
[22:37:05] ✓ 流星 #315: 幀 2543-2543 (時間 84.8s-84.8s), 長度 5.0px, 速度 5.0px/frame, 點數 2
[22:37:05] ✓ 流星 #316: 幀 2543-2543 (時間 84.8s-84.8s), 長度 22.1px, 速度 22.1px/frame, 點數 2
[22:37:05] ✓ 流星 #317: 幀 2543-2543 (時間 84.8s-84.8s), 長度 12.0px, 速度 12.0px/frame, 點數 2
[22:37:05] ✓ 流星 #318: 幀 2543-2543 (時間 84.8s-84.8s), 長度 8.0px, 速度 8.0px/frame, 點數 2
[22:37:05] ✓ 流星 #319: 幀 2543-2543 (時間 84.8s-84.8s), 長度 49.1px, 速度 49.1px/frame, 點數 2
[22:37:05] ✓ 流星 #320: 幀 2543-2543 (時間 84.8s-84.8s), 長度 13.9px, 速度 13.9px/frame, 點數 2
[22:37:05] ✓ 流星 #321: 幀 2543-2543 (時間 84.8s-84.8s), 長度 27.5px, 速度 27.5px/frame, 點數 2
[22:37:05] ✓ 流星 #322: 幀 2543-2543 (時間 84.8s-84.8s), 長度 21.0px, 速度 21.0px/frame, 點數 2
[22:37:05] ✓ 流星 #323: 幀 2543-2543 (時間 84.8s-84.8s), 長度 13.5px, 速度 13.5px/frame, 點數 2
[22:37:05] ✓ 流星 #324: 幀 2543-2543 (時間 84.8s-84.8s), 長度 40.5px, 速度 40.5px/frame, 點數 2
[22:37:05] ✓ 流星 #325: 幀 2543-2543 (時間 84.8s-84.8s), 長度 35.5px, 速度 35.5px/frame, 點數 2
[22:37:05] ✓ 流星 #326: 幀 2543-2543 (時間 84.8s-84.8s), 長度 9.2px, 速度 9.2px/frame, 點數 2
[22:37:05] ✓ 流星 #327: 幀 2543-2543 (時間 84.8s-84.8s), 長度 30.1px, 速度 30.1px/frame, 點數 2
[22:37:05] ✓ 流星 #328: 幀 2543-2545 (時間 84.8s-84.8s), 長度 21.1px, 速度 10.5px/frame, 點數 3
[22:37:05] ✓ 流星 #329: 幀 2543-2545 (時間 84.8s-84.8s), 長度 39.6px, 速度 19.8px/frame, 點數 2
[22:37:05] ✓ 流星 #330: 幀 2543-2545 (時間 84.8s-84.8s), 長度 58.6px, 速度 29.3px/frame, 點數 3
[22:37:05] ✓ 流星 #331: 幀 2543-2545 (時間 84.8s-84.8s), 長度 106.8px, 速度 53.4px/frame, 點數 3
[22:37:05] ✓ 流星 #332: 幀 2551-2551 (時間 85.0s-85.0s), 長度 30.0px, 速度 30.0px/frame, 點數 2
[22:37:05] ✓ 流星 #333: 幀 2551-2551 (時間 85.0s-85.0s), 長度 51.9px, 速度 51.9px/frame, 點數 2
[22:37:05] ✓ 流星 #334: 幀 2551-2551 (時間 85.0s-85.0s), 長度 57.2px, 速度 57.2px/frame, 點數 2
[22:37:05] ✓ 流星 #335: 幀 2551-2551 (時間 85.0s-85.0s), 長度 14.8px, 速度 14.8px/frame, 點數 2
[22:37:05] ✓ 流星 #336: 幀 2551-2551 (時間 85.0s-85.0s), 長度 41.5px, 速度 41.5px/frame, 點數 2
[22:37:05] ✓ 流星 #337: 幀 2551-2551 (時間 85.0s-85.0s), 長度 10.4px, 速度 10.4px/frame, 點數 2
[22:37:05] ✓ 流星 #338: 幀 2551-2551 (時間 85.0s-85.0s), 長度 10.0px, 速度 10.0px/frame, 點數 2
[22:37:05] ✓ 流星 #339: 幀 2551-2551 (時間 85.0s-85.0s), 長度 55.3px, 速度 55.3px/frame, 點數 2
[22:37:05] ✓ 流星 #340: 幀 2551-2551 (時間 85.0s-85.0s), 長度 45.8px, 速度 45.8px/frame, 點數 2
[22:37:05] ✓ 流星 #341: 幀 2551-2551 (時間 85.0s-85.0s), 長度 30.0px, 速度 30.0px/frame, 點數 2
[22:37:05] ✓ 流星 #342: 幀 2551-2551 (時間 85.0s-85.0s), 長度 52.8px, 速度 52.8px/frame, 點數 2
[22:37:05] ✓ 流星 #343: 幀 2551-2551 (時間 85.0s-85.0s), 長度 58.2px, 速度 58.2px/frame, 點數 2
[22:37:05] ✓ 流星 #344: 幀 2571-2571 (時間 85.7s-85.7s), 長度 36.4px, 速度 36.4px/frame, 點數 2
[22:37:06] 處理進度: 2600/3065, 活躍軌跡: 0, 已偵測流星: 344
[22:37:06] ✓ 流星 #345: 幀 2648-2657 (時間 88.3s-88.6s), 長度 84.9px, 速度 9.4px/frame, 點數 6
[22:37:06] ✓ 流星 #346: 幀 2653-2657 (時間 88.4s-88.6s), 長度 25.9px, 速度 6.5px/frame, 點數 3
[22:37:06] ✓ 流星 #347: 幀 2657-2660 (時間 88.6s-88.7s), 長度 23.4px, 速度 7.8px/frame, 點數 2
[22:37:07] 處理進度: 2700/3065, 活躍軌跡: 0, 已偵測流星: 347
[22:37:07] ✓ 流星 #348: 幀 2701-2701 (時間 90.0s-90.0s), 長度 49.6px, 速度 49.6px/frame, 點數 2
[22:37:07] ✓ 流星 #349: 幀 2710-2710 (時間 90.3s-90.3s), 長度 8.1px, 速度 8.1px/frame, 點數 2
[22:37:07] ✓ 流星 #350: 幀 2710-2710 (時間 90.3s-90.3s), 長度 5.0px, 速度 5.0px/frame, 點數 2
[22:37:07] ✓ 流星 #351: 幀 2710-2710 (時間 90.3s-90.3s), 長度 6.3px, 速度 6.3px/frame, 點數 2
[22:37:07] ✓ 流星 #352: 幀 2710-2710 (時間 90.3s-90.3s), 長度 7.6px, 速度 7.6px/frame, 點數 2
[22:37:07] ✓ 流星 #353: 幀 2710-2710 (時間 90.3s-90.3s), 長度 11.7px, 速度 11.7px/frame, 點數 2
[22:37:07] ✓ 流星 #354: 幀 2710-2710 (時間 90.3s-90.3s), 長度 8.5px, 速度 8.5px/frame, 點數 2
[22:37:07] ✓ 流星 #355: 幀 2710-2710 (時間 90.3s-90.3s), 長度 6.7px, 速度 6.7px/frame, 點數 2
[22:37:07] ✓ 流星 #356: 幀 2710-2710 (時間 90.3s-90.3s), 長度 5.8px, 速度 5.8px/frame, 點數 2
[22:37:07] ✓ 流星 #357: 幀 2710-2710 (時間 90.3s-90.3s), 長度 6.7px, 速度 6.7px/frame, 點數 2
[22:37:07] ✓ 流星 #358: 幀 2710-2710 (時間 90.3s-90.3s), 長度 6.7px, 速度 6.7px/frame, 點數 2
[22:37:07] ✓ 流星 #359: 幀 2710-2710 (時間 90.3s-90.3s), 長度 7.2px, 速度 7.2px/frame, 點數 2
[22:37:07] ✓ 流星 #360: 幀 2710-2710 (時間 90.3s-90.3s), 長度 8.5px, 速度 8.5px/frame, 點數 2
[22:37:07] ✓ 流星 #361: 幀 2710-2710 (時間 90.3s-90.3s), 長度 37.1px, 速度 37.1px/frame, 點數 2
[22:37:07] ✓ 流星 #362: 幀 2710-2710 (時間 90.3s-90.3s), 長度 5.8px, 速度 5.8px/frame, 點數 2
[22:37:07] ✓ 流星 #363: 幀 2710-2710 (時間 90.3s-90.3s), 長度 5.8px, 速度 5.8px/frame, 點數 2
[22:37:07] ✓ 流星 #364: 幀 2710-2710 (時間 90.3s-90.3s), 長度 7.6px, 速度 7.6px/frame, 點數 2
[22:37:07] ✓ 流星 #365: 幀 2710-2710 (時間 90.3s-90.3s), 長度 44.1px, 速度 44.1px/frame, 點數 2
[22:37:07] ✓ 流星 #366: 幀 2710-2710 (時間 90.3s-90.3s), 長度 9.5px, 速度 9.5px/frame, 點數 2
[22:37:07] ✓ 流星 #367: 幀 2710-2710 (時間 90.3s-90.3s), 長度 38.9px, 速度 38.9px/frame, 點數 2
[22:37:07] ✓ 流星 #368: 幀 2710-2710 (時間 90.3s-90.3s), 長度 9.2px, 速度 9.2px/frame, 點數 2
[22:37:07] ✓ 流星 #369: 幀 2710-2710 (時間 90.3s-90.3s), 長度 43.0px, 速度 43.0px/frame, 點數 2
[22:37:07] ✓ 流星 #370: 幀 2710-2710 (時間 90.3s-90.3s), 長度 24.1px, 速度 24.1px/frame, 點數 2
[22:37:07] ✓ 流星 #371: 幀 2710-2710 (時間 90.3s-90.3s), 長度 5.0px, 速度 5.0px/frame, 點數 2
[22:37:07] ✓ 流星 #372: 幀 2710-2710 (時間 90.3s-90.3s), 長度 5.8px, 速度 5.8px/frame, 點數 2
[22:37:07] ✓ 流星 #373: 幀 2710-2710 (時間 90.3s-90.3s), 長度 5.0px, 速度 5.0px/frame, 點數 2
[22:37:07] ✓ 流星 #374: 幀 2710-2710 (時間 90.3s-90.3s), 長度 5.8px, 速度 5.8px/frame, 點數 2
[22:37:07] ✓ 流星 #375: 幀 2710-2710 (時間 90.3s-90.3s), 長度 5.1px, 速度 5.1px/frame, 點數 2
[22:37:07] ✓ 流星 #376: 幀 2710-2711 (時間 90.3s-90.4s), 長度 5.7px, 速度 5.7px/frame, 點數 2
[22:37:07] ✓ 流星 #377: 幀 2710-2711 (時間 90.3s-90.4s), 長度 6.4px, 速度 6.4px/frame, 點數 3
[22:37:07] ✓ 流星 #378: 幀 2710-2711 (時間 90.3s-90.4s), 長度 17.8px, 速度 17.8px/frame, 點數 3
[22:37:08] 處理進度: 2800/3065, 活躍軌跡: 0, 已偵測流星: 378
[22:37:09] ✓ 流星 #379: 幀 2810-2810 (時間 93.7s-93.7s), 長度 35.8px, 速度 35.8px/frame, 點數 2
[22:37:09] ✓ 流星 #380: 幀 2810-2810 (時間 93.7s-93.7s), 長度 19.8px, 速度 19.8px/frame, 點數 2
[22:37:09] ✓ 流星 #381: 幀 2810-2810 (時間 93.7s-93.7s), 長度 30.0px, 速度 30.0px/frame, 點數 2
[22:37:09] ✓ 流星 #382: 幀 2810-2810 (時間 93.7s-93.7s), 長度 23.0px, 速度 23.0px/frame, 點數 2
[22:37:09] ✓ 流星 #383: 幀 2810-2810 (時間 93.7s-93.7s), 長度 22.2px, 速度 22.2px/frame, 點數 2
[22:37:09] ✓ 流星 #384: 幀 2810-2810 (時間 93.7s-93.7s), 長度 20.5px, 速度 20.5px/frame, 點數 2
[22:37:09] ✓ 流星 #385: 幀 2810-2810 (時間 93.7s-93.7s), 長度 27.3px, 速度 27.3px/frame, 點數 2
[22:37:09] ✓ 流星 #386: 幀 2810-2810 (時間 93.7s-93.7s), 長度 25.6px, 速度 25.6px/frame, 點數 2
[22:37:09] ✓ 流星 #387: 幀 2810-2810 (時間 93.7s-93.7s), 長度 24.2px, 速度 24.2px/frame, 點數 2
[22:37:09] ✓ 流星 #388: 幀 2810-2810 (時間 93.7s-93.7s), 長度 26.8px, 速度 26.8px/frame, 點數 2
[22:37:09] ✓ 流星 #389: 幀 2810-2810 (時間 93.7s-93.7s), 長度 40.3px, 速度 40.3px/frame, 點數 2
[22:37:09] ✓ 流星 #390: 幀 2810-2810 (時間 93.7s-93.7s), 長度 14.8px, 速度 14.8px/frame, 點數 2
[22:37:09] ✓ 流星 #391: 幀 2810-2810 (時間 93.7s-93.7s), 長度 35.0px, 速度 35.0px/frame, 點數 2
[22:37:09] ✓ 流星 #392: 幀 2810-2810 (時間 93.7s-93.7s), 長度 14.2px, 速度 14.2px/frame, 點數 2
[22:37:09] ✓ 流星 #393: 幀 2810-2810 (時間 93.7s-93.7s), 長度 52.0px, 速度 52.0px/frame, 點數 2
[22:37:09] ✓ 流星 #394: 幀 2810-2810 (時間 93.7s-93.7s), 長度 15.6px, 速度 15.6px/frame, 點數 2
[22:37:09] ✓ 流星 #395: 幀 2810-2810 (時間 93.7s-93.7s), 長度 18.9px, 速度 18.9px/frame, 點數 2
[22:37:09] ✓ 流星 #396: 幀 2810-2810 (時間 93.7s-93.7s), 長度 37.5px, 速度 37.5px/frame, 點數 2
[22:37:09] ✓ 流星 #397: 幀 2810-2810 (時間 93.7s-93.7s), 長度 9.2px, 速度 9.2px/frame, 點數 2
[22:37:09] ✓ 流星 #398: 幀 2810-2810 (時間 93.7s-93.7s), 長度 46.0px, 速度 46.0px/frame, 點數 2
[22:37:09] ✓ 流星 #399: 幀 2810-2810 (時間 93.7s-93.7s), 長度 56.3px, 速度 56.3px/frame, 點數 2
[22:37:09] ✓ 流星 #400: 幀 2810-2810 (時間 93.7s-93.7s), 長度 17.7px, 速度 17.7px/frame, 點數 2
[22:37:09] ✓ 流星 #401: 幀 2810-2810 (時間 93.7s-93.7s), 長度 10.4px, 速度 10.4px/frame, 點數 2
[22:37:09] ✓ 流星 #402: 幀 2810-2810 (時間 93.7s-93.7s), 長度 20.0px, 速度 20.0px/frame, 點數 2
[22:37:09] ✓ 流星 #403: 幀 2810-2810 (時間 93.7s-93.7s), 長度 10.8px, 速度 10.8px/frame, 點數 2
[22:37:09] ✓ 流星 #404: 幀 2810-2810 (時間 93.7s-93.7s), 長度 14.9px, 速度 14.9px/frame, 點數 2
[22:37:09] ✓ 流星 #405: 幀 2810-2810 (時間 93.7s-93.7s), 長度 10.6px, 速度 10.6px/frame, 點數 2
[22:37:09] ✓ 流星 #406: 幀 2810-2810 (時間 93.7s-93.7s), 長度 48.7px, 速度 48.7px/frame, 點數 2
[22:37:09] ✓ 流星 #407: 幀 2851-2851 (時間 95.0s-95.0s), 長度 35.9px, 速度 35.9px/frame, 點數 2
[22:37:09] ✓ 流星 #408: 幀 2851-2851 (時間 95.0s-95.0s), 長度 55.7px, 速度 55.7px/frame, 點數 2
[22:37:09] ✓ 流星 #409: 幀 2855-2858 (時間 95.2s-95.3s), 長度 6.0px, 速度 2.0px/frame, 點數 2
[22:37:09] 處理進度: 2900/3065, 活躍軌跡: 0, 已偵測流星: 409
[22:37:10] ✓ 流星 #410: 幀 2937-2937 (時間 97.9s-97.9s), 長度 9.2px, 速度 9.2px/frame, 點數 2
[22:37:10] ✓ 流星 #411: 幀 2937-2937 (時間 97.9s-97.9s), 長度 10.0px, 速度 10.0px/frame, 點數 2
[22:37:10] ✓ 流星 #412: 幀 2937-2937 (時間 97.9s-97.9s), 長度 9.4px, 速度 9.4px/frame, 點數 2
[22:37:10] ✓ 流星 #413: 幀 2937-2937 (時間 97.9s-97.9s), 長度 8.1px, 速度 8.1px/frame, 點數 2
[22:37:10] ✓ 流星 #414: 幀 2937-2937 (時間 97.9s-97.9s), 長度 12.5px, 速度 12.5px/frame, 點數 2
[22:37:10] ✓ 流星 #415: 幀 2937-2937 (時間 97.9s-97.9s), 長度 9.4px, 速度 9.4px/frame, 點數 2
[22:37:10] ✓ 流星 #416: 幀 2937-2937 (時間 97.9s-97.9s), 長度 8.6px, 速度 8.6px/frame, 點數 2
[22:37:10] ✓ 流星 #417: 幀 2937-2937 (時間 97.9s-97.9s), 長度 10.8px, 速度 10.8px/frame, 點數 2
[22:37:10] ✓ 流星 #418: 幀 2937-2937 (時間 97.9s-97.9s), 長度 9.4px, 速度 9.4px/frame, 點數 2
[22:37:10] ✓ 流星 #419: 幀 2937-2937 (時間 97.9s-97.9s), 長度 9.8px, 速度 9.8px/frame, 點數 2
[22:37:10] ✓ 流星 #420: 幀 2937-2937 (時間 97.9s-97.9s), 長度 6.3px, 速度 6.3px/frame, 點數 2
[22:37:10] ✓ 流星 #421: 幀 2937-2937 (時間 97.9s-97.9s), 長度 16.1px, 速度 16.1px/frame, 點數 2
[22:37:10] ✓ 流星 #422: 幀 2937-2937 (時間 97.9s-97.9s), 長度 5.7px, 速度 5.7px/frame, 點數 2
[22:37:10] ✓ 流星 #423: 幀 2937-2937 (時間 97.9s-97.9s), 長度 28.9px, 速度 28.9px/frame, 點數 2
[22:37:10] ✓ 流星 #424: 幀 2937-2937 (時間 97.9s-97.9s), 長度 7.6px, 速度 7.6px/frame, 點數 2
[22:37:10] ✓ 流星 #425: 幀 2937-2937 (時間 97.9s-97.9s), 長度 7.6px, 速度 7.6px/frame, 點數 2
[22:37:10] ✓ 流星 #426: 幀 2937-2937 (時間 97.9s-97.9s), 長度 7.6px, 速度 7.6px/frame, 點數 2
[22:37:10] ✓ 流星 #427: 幀 2937-2937 (時間 97.9s-97.9s), 長度 7.6px, 速度 7.6px/frame, 點數 2
[22:37:10] ✓ 流星 #428: 幀 2937-2937 (時間 97.9s-97.9s), 長度 7.3px, 速度 7.3px/frame, 點數 2
[22:37:10] ✓ 流星 #429: 幀 2937-2937 (時間 97.9s-97.9s), 長度 59.1px, 速度 59.1px/frame, 點數 2
[22:37:10] ✓ 流星 #430: 幀 2937-2937 (時間 97.9s-97.9s), 長度 8.2px, 速度 8.2px/frame, 點數 2
[22:37:10] ✓ 流星 #431: 幀 2937-2937 (時間 97.9s-97.9s), 長度 6.7px, 速度 6.7px/frame, 點數 2
[22:37:10] ✓ 流星 #432: 幀 2937-2937 (時間 97.9s-97.9s), 長度 41.0px, 速度 41.0px/frame, 點數 2
[22:37:10] ✓ 流星 #433: 幀 2937-2937 (時間 97.9s-97.9s), 長度 9.9px, 速度 9.9px/frame, 點數 2
[22:37:10] ✓ 流星 #434: 幀 2937-2937 (時間 97.9s-97.9s), 長度 39.1px, 速度 39.1px/frame, 點數 2
[22:37:10] ✓ 流星 #435: 幀 2937-2937 (時間 97.9s-97.9s), 長度 12.2px, 速度 12.2px/frame, 點數 2
[22:37:10] ✓ 流星 #436: 幀 2937-2937 (時間 97.9s-97.9s), 長度 5.4px, 速度 5.4px/frame, 點數 2
[22:37:10] ✓ 流星 #437: 幀 2937-2937 (時間 97.9s-97.9s), 長度 9.8px, 速度 9.8px/frame, 點數 2
[22:37:10] ✓ 流星 #438: 幀 2937-2937 (時間 97.9s-97.9s), 長度 6.7px, 速度 6.7px/frame, 點數 2
[22:37:10] ✓ 流星 #439: 幀 2937-2937 (時間 97.9s-97.9s), 長度 6.3px, 速度 6.3px/frame, 點數 2
[22:37:10] ✓ 流星 #440: 幀 2937-2937 (時間 97.9s-97.9s), 長度 5.0px, 速度 5.0px/frame, 點數 2
[22:37:10] ✓ 流星 #441: 幀 2937-2937 (時間 97.9s-97.9s), 長度 6.7px, 速度 6.7px/frame, 點數 2
[22:37:10] ✓ 流星 #442: 幀 2937-2938 (時間 97.9s-97.9s), 長度 9.9px, 速度 9.9px/frame, 點數 2
[22:37:11] ✓ 流星 #443: 幀 2975-2992 (時間 99.2s-99.7s), 長度 52.7px, 速度 3.1px/frame, 點數 7
[22:37:11] 處理進度: 3000/3065, 活躍軌跡: 1, 已偵測流星: 443
[22:37:11] ✓ 流星 #444: 幀 2995-2995 (時間 99.8s-99.8s), 長度 21.9px, 速度 21.9px/frame, 點數 2
[22:37:11] ✓ 流星 #445: 幀 3001-3001 (時間 100.0s-100.0s), 長度 20.2px, 速度 20.2px/frame, 點數 2
[22:37:12] ✓ 流星 #446: 幀 3050-3050 (時間 101.7s-101.7s), 長度 50.1px, 速度 50.1px/frame, 點數 2
[22:37:12] ✓ 流星 #447: 幀 3050-3050 (時間 101.7s-101.7s), 長度 26.1px, 速度 26.1px/frame, 點數 2
[22:37:12] ✓ 流星 #448: 幀 3050-3050 (時間 101.7s-101.7s), 長度 43.0px, 速度 43.0px/frame, 點數 2
[22:37:12] ✓ 流星 #449: 幀 3050-3050 (時間 101.7s-101.7s), 長度 59.4px, 速度 59.4px/frame, 點數 2
[22:37:12] ✓ 流星 #450: 幀 3050-3050 (時間 101.7s-101.7s), 長度 57.9px, 速度 57.9px/frame, 點數 2
[22:37:12] ✓ 流星 #451: 幀 3050-3050 (時間 101.7s-101.7s), 長度 38.2px, 速度 38.2px/frame, 點數 2
[22:37:12] ✓ 流星 #452: 幀 3050-3050 (時間 101.7s-101.7s), 長度 49.7px, 速度 49.7px/frame, 點數 2
[22:37:12] ✓ 流星 #453: 幀 3050-3050 (時間 101.7s-101.7s), 長度 45.7px, 速度 45.7px/frame, 點數 2
[22:37:12] ✓ 流星 #454: 幀 3050-3050 (時間 101.7s-101.7s), 長度 14.8px, 速度 14.8px/frame, 點數 2
[22:37:12] ✓ 流星 #455: 幀 3050-3050 (時間 101.7s-101.7s), 長度 52.0px, 速度 52.0px/frame, 點數 2
[22:37:12] ✓ 流星 #456: 幀 3050-3050 (時間 101.7s-101.7s), 長度 24.5px, 速度 24.5px/frame, 點數 2
[22:37:12] ✓ 流星 #457: 幀 3050-3050 (時間 101.7s-101.7s), 長度 10.8px, 速度 10.8px/frame, 點數 2
[22:37:12] ✓ 流星 #458: 幀 3050-3050 (時間 101.7s-101.7s), 長度 24.2px, 速度 24.2px/frame, 點數 2
[22:37:12] ✓ 流星 #459: 幀 3050-3050 (時間 101.7s-101.7s), 長度 22.5px, 速度 22.5px/frame, 點數 2
[22:37:12] ✓ 流星 #460: 幀 3050-3050 (時間 101.7s-101.7s), 長度 47.2px, 速度 47.2px/frame, 點數 2
[22:37:12] ✓ 流星 #461: 幀 3050-3050 (時間 101.7s-101.7s), 長度 58.1px, 速度 58.1px/frame, 點數 2
[22:37:12] ✓ 流星 #462: 幀 3050-3050 (時間 101.7s-101.7s), 長度 8.5px, 速度 8.5px/frame, 點數 2
[22:37:12] ✓ 流星 #463: 幀 3050-3050 (時間 101.7s-101.7s), 長度 9.9px, 速度 9.9px/frame, 點數 2
[22:37:12] ✓ 流星 #464: 幀 3050-3050 (時間 101.7s-101.7s), 長度 22.1px, 速度 22.1px/frame, 點數 2
[22:37:12] ✓ 流星 #465: 幀 3050-3050 (時間 101.7s-101.7s), 長度 55.0px, 速度 55.0px/frame, 點數 2
[22:37:12] ✓ 流星 #466: 幀 3050-3050 (時間 101.7s-101.7s), 長度 38.9px, 速度 38.9px/frame, 點數 2
[22:37:12] ✓ 流星 #467: 幀 3050-3050 (時間 101.7s-101.7s), 長度 38.5px, 速度 38.5px/frame, 點數 2
[22:37:12] 
軌跡合併: 468 → 344 顆流星
[22:37:12] 
總共偵測到 344 顆流星
[22:37:12] 場景切換次數: 4
[22:37:12] ✓ 結果已儲存: output_enhanced\me\results.json
[22:37:12] 
開始生成標記影片...
[22:37:13]   標記進度: 100/3065
[22:37:13]   標記進度: 200/3065
[22:37:14]   標記進度: 300/3065
[22:37:14]   標記進度: 400/3065
[22:37:15]   標記進度: 500/3065
[22:37:16]   標記進度: 600/3065
[22:37:16]   標記進度: 700/3065
[22:37:17]   標記進度: 800/3065
[22:37:18]   標記進度: 900/3065
[22:37:18]   標記進度: 1000/3065
[22:37:19]   標記進度: 1100/3065
[22:37:20]   標記進度: 1200/3065
[22:37:21]   標記進度: 1300/3065
[22:37:21]   標記進度: 1400/3065
[22:37:22]   標記進度: 1500/3065
[22:37:23]   標記進度: 1600/3065
[22:37:24]   標記進度: 1700/3065
[22:37:24]   標記進度: 1800/3065
[22:37:25]   標記進度: 1900/3065
[22:37:26]   標記進度: 2000/3065
[22:37:26]   標記進度: 2100/3065
[22:37:27]   標記進度: 2200/3065
[22:37:28]   標記進度: 2300/3065
[22:37:28]   標記進度: 2400/3065
[22:37:29]   標記進度: 2500/3065
[22:37:30]   標記進度: 2600/3065
[22:37:30]   標記進度: 2700/3065
[22:37:31]   標記進度: 2800/3065
[22:37:32]   標記進度: 2900/3065
[22:37:32]   標記進度: 3000/3065
[22:37:33] ✓ 標記影片已儲存: output_enhanced\me\me_annotated.mp4
[00:07:02] ================================================================================
[00:07:02] 流星偵測系統 - 增強版
[00:07:02] ================================================================================
[00:07:02] 影片: me.mp4
[00:07:02] 總幀數: 3065, FPS: 30.00
[00:07:02] 參數: 移動檢查=10幀, 最小移動=5px
[00:07:03] ✓ 流星 #1: 幀 79-88 (時間 2.6s-2.9s), 長度 306.3px, 速度 34.0px/frame, 點數 5
[00:07:03] 處理進度: 100/3065, 活躍軌跡: 5, 已偵測流星: 1
[00:07:03] ✓ 流星 #2: 幀 91-95 (時間 3.0s-3.2s), 長度 104.5px, 速度 26.1px/frame, 點數 4
[00:07:03] 處理進度: 200/3065, 活躍軌跡: 0, 已偵測流星: 2
[00:07:04] 處理進度: 300/3065, 活躍軌跡: 0, 已偵測流星: 2
[00:07:04] ✓ 流星 #3: 幀 338-346 (時間 11.3s-11.5s), 長度 81.6px, 速度 10.2px/frame, 點數 6
[00:07:04] ✓ 流星 #4: 幀 343-347 (時間 11.4s-11.6s), 長度 77.5px, 速度 19.4px/frame, 點數 5
[00:07:04] ✓ 流星 #5: 幀 346-350 (時間 11.5s-11.7s), 長度 11.3px, 速度 2.8px/frame, 點數 4
[00:07:04] ✓ 流星 #6: 幀 349-352 (時間 11.6s-11.7s), 長度 18.1px, 速度 6.0px/frame, 點數 4
[00:07:04] ✓ 流星 #7: 幀 352-361 (時間 11.7s-12.0s), 長度 101.1px, 速度 11.2px/frame, 點數 9
[00:07:04] 處理進度: 400/3065, 活躍軌跡: 5, 已偵測流星: 7
[00:07:05] 處理進度: 500/3065, 活躍軌跡: 9, 已偵測流星: 7
[00:07:05] 處理進度: 600/3065, 活躍軌跡: 1, 已偵測流星: 7
[00:07:05] ✓ 流星 #8: 幀 597-605 (時間 19.9s-20.2s), 長度 20.8px, 速度 2.6px/frame, 點數 5
[00:07:05] ✓ 流星 #9: 幀 602-609 (時間 20.1s-20.3s), 長度 27.8px, 速度 4.0px/frame, 點數 5
[00:07:05] ✓ 流星 #10: 幀 607-635 (時間 20.2s-21.2s), 長度 85.3px, 速度 3.0px/frame, 點數 12
[00:07:05] ✓ 流星 #11: 幀 631-643 (時間 21.0s-21.4s), 長度 22.6px, 速度 1.9px/frame, 點數 5
[00:07:06] 處理進度: 700/3065, 活躍軌跡: 0, 已偵測流星: 11
[00:07:06] 處理進度: 800/3065, 活躍軌跡: 0, 已偵測流星: 11
[00:07:07] ✓ 流星 #12: 幀 861-873 (時間 28.7s-29.1s), 長度 167.6px, 速度 14.0px/frame, 點數 6
[00:07:07] ✓ 流星 #13: 幀 863-875 (時間 28.8s-29.2s), 長度 169.8px, 速度 14.2px/frame, 點數 6
[00:07:07] 處理進度: 900/3065, 活躍軌跡: 0, 已偵測流星: 13
[00:07:07] 處理進度: 1000/3065, 活躍軌跡: 0, 已偵測流星: 13
[00:07:07] 處理進度: 1100/3065, 活躍軌跡: 0, 已偵測流星: 13
[00:07:08] ✓ 流星 #14: 幀 1175-1190 (時間 39.2s-39.7s), 長度 94.2px, 速度 6.3px/frame, 點數 4
[00:07:08] 處理進度: 1200/3065, 活躍軌跡: 2, 已偵測流星: 14
[00:07:08] ✓ 流星 #15: 幀 1180-1195 (時間 39.3s-39.8s), 長度 93.3px, 速度 6.2px/frame, 點數 4
[00:07:09] 處理進度: 1300/3065, 活躍軌跡: 0, 已偵測流星: 15
[00:07:09] ✓ 流星 #16: 幀 1345-1352 (時間 44.8s-45.1s), 長度 43.1px, 速度 6.2px/frame, 點數 4
[00:07:09] ✓ 流星 #17: 幀 1352-1363 (時間 45.1s-45.4s), 長度 100.8px, 速度 9.2px/frame, 點數 5
[00:07:09] 處理進度: 1400/3065, 活躍軌跡: 2, 已偵測流星: 17
[00:07:09] ✓ 流星 #18: 幀 1384-1402 (時間 46.1s-46.7s), 長度 79.1px, 速度 4.4px/frame, 點數 6
[00:07:09] ✓ 流星 #19: 幀 1355-1406 (時間 45.2s-46.9s), 長度 202.1px, 速度 4.0px/frame, 點數 15
[00:07:09] 處理進度: 1500/3065, 活躍軌跡: 0, 已偵測流星: 19
[00:07:10] ✓ 流星 #20: 幀 1562-1569 (時間 52.1s-52.3s), 長度 32.3px, 速度 4.6px/frame, 點數 5
[00:07:10] ✓ 流星 #21: 幀 1564-1570 (時間 52.1s-52.3s), 長度 23.7px, 速度 4.0px/frame, 點數 4
[00:07:10] ✓ 流星 #22: 幀 1555-1583 (時間 51.8s-52.8s), 長度 96.3px, 速度 3.4px/frame, 點數 13
[00:07:10] ✓ 流星 #23: 幀 1576-1588 (時間 52.5s-52.9s), 長度 39.1px, 速度 3.3px/frame, 點數 6
[00:07:10] 處理進度: 1600/3065, 活躍軌跡: 0, 已偵測流星: 23
[00:07:10] 處理進度: 1700/3065, 活躍軌跡: 1, 已偵測流星: 23
[00:07:11] ✓ 流星 #24: 幀 1748-1765 (時間 58.3s-58.8s), 長度 74.8px, 速度 4.4px/frame, 點數 9
[00:07:11] ✓ 流星 #25: 幀 1750-1772 (時間 58.3s-59.1s), 長度 105.1px, 速度 4.8px/frame, 點數 10
[00:07:11] ✓ 流星 #26: 幀 1767-1789 (時間 58.9s-59.6s), 長度 102.1px, 速度 4.6px/frame, 點數 10
[00:07:11] ✓ 流星 #27: 幀 1784-1793 (時間 59.5s-59.8s), 長度 34.2px, 速度 3.8px/frame, 點數 4
[00:07:11] 處理進度: 1800/3065, 活躍軌跡: 0, 已偵測流星: 27
[00:07:11] 處理進度: 1900/3065, 活躍軌跡: 21, 已偵測流星: 27
[00:07:11] ✓ 流星 #28: 幀 1947-1954 (時間 64.9s-65.1s), 長度 36.9px, 速度 5.3px/frame, 點數 4
[00:07:11] ✓ 流星 #29: 幀 1951-1961 (時間 65.0s-65.4s), 長度 57.9px, 速度 5.8px/frame, 點數 6
[00:07:11] ✓ 流星 #30: 幀 1954-1964 (時間 65.1s-65.5s), 長度 37.7px, 速度 3.8px/frame, 點數 5
[00:07:11] 處理進度: 2000/3065, 活躍軌跡: 0, 已偵測流星: 30
[00:07:12] 處理進度: 2100/3065, 活躍軌跡: 0, 已偵測流星: 30
[00:07:12] 處理進度: 2200/3065, 活躍軌跡: 1, 已偵測流星: 30
[00:07:12] ✓ 流星 #31: 幀 2210-2217 (時間 73.7s-73.9s), 長度 45.7px, 速度 6.5px/frame, 點數 5
[00:07:12] ✓ 流星 #32: 幀 2207-2222 (時間 73.6s-74.1s), 長度 49.5px, 速度 3.3px/frame, 點數 7
[00:07:13] 處理進度: 2300/3065, 活躍軌跡: 0, 已偵測流星: 32
[00:07:13] ✓ 流星 #33: 幀 2353-2377 (時間 78.4s-79.2s), 長度 239.0px, 速度 10.0px/frame, 點數 11
[00:07:13] 處理進度: 2400/3065, 活躍軌跡: 2, 已偵測流星: 33
[00:07:14] ✓ 流星 #34: 幀 2482-2494 (時間 82.7s-83.1s), 長度 21.7px, 速度 1.8px/frame, 點數 4
[00:07:14] 處理進度: 2500/3065, 活躍軌跡: 1, 已偵測流星: 34
[00:07:14] 處理進度: 2600/3065, 活躍軌跡: 0, 已偵測流星: 34
[00:07:15] ✓ 流星 #35: 幀 2648-2657 (時間 88.3s-88.6s), 長度 84.9px, 速度 9.4px/frame, 點數 6
[00:07:15] 處理進度: 2700/3065, 活躍軌跡: 0, 已偵測流星: 35
[00:07:15] 處理進度: 2800/3065, 活躍軌跡: 0, 已偵測流星: 35
[00:07:16] 處理進度: 2900/3065, 活躍軌跡: 0, 已偵測流星: 35
[00:07:16] ✓ 流星 #36: 幀 2975-2992 (時間 99.2s-99.7s), 長度 52.7px, 速度 3.1px/frame, 點數 7
[00:07:16] 處理進度: 3000/3065, 活躍軌跡: 1, 已偵測流星: 36
[00:07:16] 
軌跡合併: 36 → 20 顆流星
[00:07:16] 
總共偵測到 20 顆流星
[00:07:16] 場景切換次數: 4
[00:07:16] ✓ 結果已儲存: output_enhanced\me\results.json
[00:07:16] 
開始生成標記影片...
[00:07:17]   標記進度: 100/3065
[00:07:18]   標記進度: 200/3065
[00:07:18]   標記進度: 300/3065
[00:07:19]   標記進度: 400/3065
[00:07:19]   標記進度: 500/3065
[00:07:20]   標記進度: 600/3065
[00:07:21]   標記進度: 700/3065
[00:07:21]   標記進度: 800/3065
[00:07:22]   標記進度: 900/3065
[00:07:22]   標記進度: 1000/3065
[00:07:23]   標記進度: 1100/3065
[00:07:24]   標記進度: 1200/3065
[00:07:24]   標記進度: 1300/3065
[00:07:25]   標記進度: 1400/3065
[00:07:26]   標記進度: 1500/3065
[00:07:26]   標記進度: 1600/3065
[00:07:27]   標記進度: 1700/3065
[00:07:27]   標記進度: 1800/3065
[00:07:28]   標記進度: 1900/3065
[00:07:30]   標記進度: 2000/3065
[00:07:31]   標記進度: 2100/3065
[00:07:33]   標記進度: 2200/3065
[00:07:34]   標記進度: 2300/3065
[00:07:36]   標記進度: 2400/3065
[00:07:37]   標記進度: 2500/3065
[00:07:39]   標記進度: 2600/3065
[00:07:40]   標記進度: 2700/3065
[00:07:41]   標記進度: 2800/3065
[00:07:41]   標記進度: 2900/3065
[00:07:42]   標記進度: 3000/3065
[00:07:42] ✓ 標記影片已儲存: output_enhanced\me\me_annotated.mp4
[00:10:58] ================================================================================
[00:10:58] 流星偵測系統 - 增強版
[00:10:58] ================================================================================
[00:10:58] 影片: me.mp4
[00:10:58] 總幀數: 3065, FPS: 30.00
[00:10:58] 參數: 移動檢查=10幀, 最小移動=5px
[00:10:58] ✓ 流星 #1: 幀 79-88 (時間 2.6s-2.9s), 長度 306.3px, 速度 34.0px/frame, 點數 5
[00:10:58] 處理進度: 100/3065, 活躍軌跡: 5, 已偵測流星: 1
[00:10:58] ✓ 流星 #2: 幀 91-95 (時間 3.0s-3.2s), 長度 104.5px, 速度 26.1px/frame, 點數 4
[00:10:59] 處理進度: 200/3065, 活躍軌跡: 0, 已偵測流星: 2
[00:10:59] 處理進度: 300/3065, 活躍軌跡: 0, 已偵測流星: 2
[00:11:00] ✓ 流星 #3: 幀 338-346 (時間 11.3s-11.5s), 長度 81.6px, 速度 10.2px/frame, 點數 6
[00:11:00] ✓ 流星 #4: 幀 343-347 (時間 11.4s-11.6s), 長度 77.5px, 速度 19.4px/frame, 點數 5
[00:11:00] ✓ 流星 #5: 幀 346-350 (時間 11.5s-11.7s), 長度 11.3px, 速度 2.8px/frame, 點數 4
[00:11:00] ✓ 流星 #6: 幀 349-352 (時間 11.6s-11.7s), 長度 18.1px, 速度 6.0px/frame, 點數 4
[00:11:00] ✓ 流星 #7: 幀 352-361 (時間 11.7s-12.0s), 長度 101.1px, 速度 11.2px/frame, 點數 9
[00:11:00] 處理進度: 400/3065, 活躍軌跡: 5, 已偵測流星: 7
[00:11:01] 處理進度: 500/3065, 活躍軌跡: 9, 已偵測流星: 7
[00:11:01] 處理進度: 600/3065, 活躍軌跡: 1, 已偵測流星: 7
[00:11:01] ✓ 流星 #8: 幀 597-605 (時間 19.9s-20.2s), 長度 20.8px, 速度 2.6px/frame, 點數 5
[00:11:01] ✓ 流星 #9: 幀 602-609 (時間 20.1s-20.3s), 長度 27.8px, 速度 4.0px/frame, 點數 5
[00:11:01] ✓ 流星 #10: 幀 607-635 (時間 20.2s-21.2s), 長度 85.3px, 速度 3.0px/frame, 點數 12
[00:11:01] ✓ 流星 #11: 幀 631-643 (時間 21.0s-21.4s), 長度 22.6px, 速度 1.9px/frame, 點數 5
[00:11:02] 處理進度: 700/3065, 活躍軌跡: 0, 已偵測流星: 11
[00:11:02] 處理進度: 800/3065, 活躍軌跡: 0, 已偵測流星: 11
[00:11:02] ✓ 流星 #12: 幀 861-873 (時間 28.7s-29.1s), 長度 167.6px, 速度 14.0px/frame, 點數 6
[00:11:02] ✓ 流星 #13: 幀 863-875 (時間 28.8s-29.2s), 長度 169.8px, 速度 14.2px/frame, 點數 6
[00:11:03] 處理進度: 900/3065, 活躍軌跡: 0, 已偵測流星: 13
[00:11:03] 處理進度: 1000/3065, 活躍軌跡: 0, 已偵測流星: 13
[00:11:03] 處理進度: 1100/3065, 活躍軌跡: 0, 已偵測流星: 13
[00:11:04] ✓ 流星 #14: 幀 1175-1190 (時間 39.2s-39.7s), 長度 94.2px, 速度 6.3px/frame, 點數 4
[00:11:04] 處理進度: 1200/3065, 活躍軌跡: 2, 已偵測流星: 14
[00:11:04] ✓ 流星 #15: 幀 1180-1195 (時間 39.3s-39.8s), 長度 93.3px, 速度 6.2px/frame, 點數 4
[00:11:04] 處理進度: 1300/3065, 活躍軌跡: 0, 已偵測流星: 15
[00:11:05] ✓ 流星 #16: 幀 1345-1352 (時間 44.8s-45.1s), 長度 43.1px, 速度 6.2px/frame, 點數 4
[00:11:05] ✓ 流星 #17: 幀 1352-1363 (時間 45.1s-45.4s), 長度 100.8px, 速度 9.2px/frame, 點數 5
[00:11:05] 處理進度: 1400/3065, 活躍軌跡: 2, 已偵測流星: 17
[00:11:05] ✓ 流星 #18: 幀 1384-1402 (時間 46.1s-46.7s), 長度 79.1px, 速度 4.4px/frame, 點數 6
[00:11:05] ✓ 流星 #19: 幀 1355-1406 (時間 45.2s-46.9s), 長度 202.1px, 速度 4.0px/frame, 點數 15
[00:11:05] 處理進度: 1500/3065, 活躍軌跡: 0, 已偵測流星: 19
[00:11:06] ✓ 流星 #20: 幀 1562-1569 (時間 52.1s-52.3s), 長度 32.3px, 速度 4.6px/frame, 點數 5
[00:11:06] ✓ 流星 #21: 幀 1564-1570 (時間 52.1s-52.3s), 長度 23.7px, 速度 4.0px/frame, 點數 4
[00:11:06] ✓ 流星 #22: 幀 1555-1583 (時間 51.8s-52.8s), 長度 96.3px, 速度 3.4px/frame, 點數 13
[00:11:06] ✓ 流星 #23: 幀 1576-1588 (時間 52.5s-52.9s), 長度 39.1px, 速度 3.3px/frame, 點數 6
[00:11:06] 處理進度: 1600/3065, 活躍軌跡: 0, 已偵測流星: 23
[00:11:06] 處理進度: 1700/3065, 活躍軌跡: 1, 已偵測流星: 23
[00:11:06] ✓ 流星 #24: 幀 1748-1765 (時間 58.3s-58.8s), 長度 74.8px, 速度 4.4px/frame, 點數 9
[00:11:06] ✓ 流星 #25: 幀 1750-1772 (時間 58.3s-59.1s), 長度 105.1px, 速度 4.8px/frame, 點數 10
[00:11:07] ✓ 流星 #26: 幀 1767-1789 (時間 58.9s-59.6s), 長度 102.1px, 速度 4.6px/frame, 點數 10
[00:11:07] ✓ 流星 #27: 幀 1784-1793 (時間 59.5s-59.8s), 長度 34.2px, 速度 3.8px/frame, 點數 4
[00:11:07] 處理進度: 1800/3065, 活躍軌跡: 0, 已偵測流星: 27
[00:11:07] 處理進度: 1900/3065, 活躍軌跡: 21, 已偵測流星: 27
[00:11:07] ✓ 流星 #28: 幀 1947-1954 (時間 64.9s-65.1s), 長度 36.9px, 速度 5.3px/frame, 點數 4
[00:11:07] ✓ 流星 #29: 幀 1951-1961 (時間 65.0s-65.4s), 長度 57.9px, 速度 5.8px/frame, 點數 6
[00:11:07] ✓ 流星 #30: 幀 1954-1964 (時間 65.1s-65.5s), 長度 37.7px, 速度 3.8px/frame, 點數 5
[00:11:07] 處理進度: 2000/3065, 活躍軌跡: 0, 已偵測流星: 30
[00:11:08] 處理進度: 2100/3065, 活躍軌跡: 0, 已偵測流星: 30
[00:11:08] 處理進度: 2200/3065, 活躍軌跡: 1, 已偵測流星: 30
[00:11:08] ✓ 流星 #31: 幀 2210-2217 (時間 73.7s-73.9s), 長度 45.7px, 速度 6.5px/frame, 點數 5
[00:11:08] ✓ 流星 #32: 幀 2207-2222 (時間 73.6s-74.1s), 長度 49.5px, 速度 3.3px/frame, 點數 7
[00:11:09] 處理進度: 2300/3065, 活躍軌跡: 0, 已偵測流星: 32
[00:11:09] ✓ 流星 #33: 幀 2353-2377 (時間 78.4s-79.2s), 長度 239.0px, 速度 10.0px/frame, 點數 11
[00:11:09] 處理進度: 2400/3065, 活躍軌跡: 2, 已偵測流星: 33
[00:11:10] ✓ 流星 #34: 幀 2482-2494 (時間 82.7s-83.1s), 長度 21.7px, 速度 1.8px/frame, 點數 4
[00:11:10] 處理進度: 2500/3065, 活躍軌跡: 1, 已偵測流星: 34
[00:11:10] 處理進度: 2600/3065, 活躍軌跡: 0, 已偵測流星: 34
[00:11:11] ✓ 流星 #35: 幀 2648-2657 (時間 88.3s-88.6s), 長度 84.9px, 速度 9.4px/frame, 點數 6
[00:11:11] 處理進度: 2700/3065, 活躍軌跡: 0, 已偵測流星: 35
[00:11:11] 處理進度: 2800/3065, 活躍軌跡: 0, 已偵測流星: 35
[00:11:12] 處理進度: 2900/3065, 活躍軌跡: 0, 已偵測流星: 35
[00:11:12] ✓ 流星 #36: 幀 2975-2992 (時間 99.2s-99.7s), 長度 52.7px, 速度 3.1px/frame, 點數 7
[00:11:12] 處理進度: 3000/3065, 活躍軌跡: 1, 已偵測流星: 36
[00:11:12] 
軌跡合併: 36 → 20 顆流星
[00:11:12] 
總共偵測到 20 顆流星
[00:11:12] 場景切換次數: 4
[00:11:12] ✓ 結果已儲存: output_enhanced\me\results.json
[00:11:12] 
開始生成標記影片...
[00:11:13]   標記進度: 100/3065
[00:11:14]   標記進度: 200/3065
[00:11:14]   標記進度: 300/3065
[00:11:15]   標記進度: 400/3065
[00:11:16]   標記進度: 500/3065
[00:11:16]   標記進度: 600/3065
[00:11:17]   標記進度: 700/3065
[00:11:17]   標記進度: 800/3065
[00:11:18]   標記進度: 900/3065
[00:11:19]   標記進度: 1000/3065
[00:11:19]   標記進度: 1100/3065
[00:11:20]   標記進度: 1200/3065
[00:11:20]   標記進度: 1300/3065
[00:11:21]   標記進度: 1400/3065
[00:11:22]   標記進度: 1500/3065
[00:11:22]   標記進度: 1600/3065
[00:11:23]   標記進度: 1700/3065
[00:11:24]   標記進度: 1800/3065
[00:11:24]   標記進度: 1900/3065
[00:11:25]   標記進度: 2000/3065
[00:11:25]   標記進度: 2100/3065
[00:11:26]   標記進度: 2200/3065
[00:11:27]   標記進度: 2300/3065
[00:11:27]   標記進度: 2400/3065
[00:11:28]   標記進度: 2500/3065
[00:11:28]   標記進度: 2600/3065
[00:11:29]   標記進度: 2700/3065
[00:11:30]   標記進度: 2800/3065
[00:11:30]   標記進度: 2900/3065
[00:11:31]   標記進度: 3000/3065
[00:11:31] ✓ 標記影片已儲存: output_enhanced\me\me_annotated.mp4
