Log start: 2025-11-29 15:36:03.172083
進階偵測模式: sensitivity=medium
光軌設定: length=3, mode=enhanced, proc_scale=1.0
[15:36:03] 套用 OSD bbox: (0, 460, 470, 80)
[15:36:03] ================================================================================
[15:36:03] 進階流星偵測系統（多層級 + 恆星過濾 + 品質評分 + OSD 遮罩）
[15:36:03] ================================================================================
[15:36:03] 影片: 20230202\M20230203_043605_lulin_WB.avi
[15:36:03] 總幀數: 64, FPS: 29.97
[15:36:03] 敏感度: medium (品質門檻: 10, 最小持續: 3幀)
[15:36:03] 光軌設定: length=3, mode=enhanced
[15:36:03] 調試模式: 開啟
[15:36:03] ✓ 手動 OSD mask 已建立: 原座標(0,460,470,80) -> scaled(0,460,470,20)
[15:36:03] ✓ OSD 遮罩視覺化已儲存:
[15:36:03]   - output_group\20230202\M20230203_043605_lulin_WB\debug_frames\osd_mask_scaled.png
[15:36:03]   - output_group\20230202\M20230203_043605_lulin_WB\debug_frames\osd_mask_fullres.png
[15:36:03]   - output_group\20230202\M20230203_043605_lulin_WB\debug_frames\osd_mask_visualization.jpg
[15:36:03]   [OSD 過濾] 1 -> 0 spots
[15:36:03]   [OSD 過濾] 2 -> 0 spots
[15:36:03]   [OSD 過濾] 2 -> 0 spots
[15:36:03]   [OSD 過濾] 3 -> 0 spots
[15:36:03]   [OSD 過濾] 3 -> 0 spots
[15:36:03]   [OSD 過濾] 4 -> 0 spots
[15:36:03]   [OSD 過濾] 4 -> 0 spots
[15:36:03]   [OSD 過濾] 4 -> 0 spots
[15:36:03]   [OSD 過濾] 4 -> 0 spots
[15:36:03]   [OSD 過濾] 3 -> 0 spots
[15:36:03]   [OSD 過濾] 3 -> 0 spots
[15:36:03]   [OSD 過濾] 4 -> 0 spots
[15:36:03]   [OSD 過濾] 4 -> 0 spots
[15:36:03]   [OSD 過濾] 4 -> 0 spots
[15:36:03]   [OSD 過濾] 4 -> 0 spots
[15:36:03]   [OSD 過濾] 4 -> 0 spots
[15:36:03]   [OSD 過濾] 4 -> 0 spots
[15:36:03]   [OSD 過濾] 4 -> 0 spots
[15:36:03]   [OSD 過濾] 5 -> 0 spots
[15:36:03]   [OSD 過濾] 5 -> 0 spots
[15:36:03]   [恆星過濾] Frame 21: 5 -> 4 spots
[15:36:03]   [OSD 過濾] 4 -> 0 spots
[15:36:03]   [恆星過濾] Frame 22: 4 -> 2 spots
[15:36:03]   [OSD 過濾] 2 -> 0 spots
[15:36:03]   [恆星過濾] Frame 23: 4 -> 0 spots
[15:36:03]   [恆星過濾] Frame 24: 4 -> 0 spots
[15:36:03]   [恆星過濾] Frame 25: 3 -> 0 spots
[15:36:03]   [恆星過濾] Frame 26: 2 -> 0 spots
[15:36:03]   [OSD 過濾] 2 -> 0 spots
[15:36:03]   [恆星過濾] Frame 28: 3 -> 1 spots
[15:36:03]   [OSD 過濾] 1 -> 0 spots
[15:36:03]   [恆星過濾] Frame 29: 4 -> 1 spots
[15:36:03]   [OSD 過濾] 1 -> 0 spots
[15:36:03]   [恆星過濾] Frame 30: 5 -> 4 spots
[15:36:03]   [OSD 過濾] 4 -> 0 spots
[15:36:03]   [恆星過濾] Frame 31: 5 -> 4 spots
[15:36:03]   [OSD 過濾] 4 -> 0 spots
[15:36:03]   [恆星過濾] Frame 32: 5 -> 3 spots
[15:36:03]   [OSD 過濾] 3 -> 0 spots
[15:36:03]   [恆星過濾] Frame 33: 4 -> 2 spots
[15:36:03]   [OSD 過濾] 2 -> 0 spots
[15:36:03]   [恆星過濾] Frame 34: 5 -> 3 spots
[15:36:03]   [OSD 過濾] 3 -> 0 spots
[15:36:04]   [恆星過濾] Frame 35: 5 -> 3 spots
[15:36:04]   [OSD 過濾] 3 -> 0 spots
[15:36:04]   [恆星過濾] Frame 36: 5 -> 3 spots
[15:36:04]   [OSD 過濾] 3 -> 0 spots
[15:36:04]   [恆星過濾] Frame 37: 4 -> 3 spots
[15:36:04]   [OSD 過濾] 3 -> 0 spots
[15:36:04]   [恆星過濾] Frame 38: 4 -> 2 spots
[15:36:04]   [OSD 過濾] 2 -> 0 spots
[15:36:04]   [恆星過濾] Frame 39: 4 -> 3 spots
[15:36:04]   [OSD 過濾] 3 -> 0 spots
[15:36:04]   [恆星過濾] Frame 40: 4 -> 2 spots
[15:36:04]   [OSD 過濾] 2 -> 0 spots
[15:36:04]   [恆星過濾] Frame 41: 3 -> 2 spots
[15:36:04]   [OSD 過濾] 2 -> 0 spots
[15:36:04]   [恆星過濾] Frame 42: 4 -> 1 spots
[15:36:04]   [OSD 過濾] 1 -> 0 spots
[15:36:04]   [恆星過濾] Frame 43: 4 -> 1 spots
[15:36:04]   [OSD 過濾] 1 -> 0 spots
[15:36:04]   [恆星過濾] Frame 44: 4 -> 1 spots
[15:36:04]   [OSD 過濾] 1 -> 0 spots
[15:36:04]   [恆星過濾] Frame 45: 4 -> 1 spots
[15:36:04]   [OSD 過濾] 1 -> 0 spots
[15:36:04]   [恆星過濾] Frame 46: 4 -> 1 spots
[15:36:04]   [OSD 過濾] 1 -> 0 spots
[15:36:04]   [恆星過濾] Frame 47: 4 -> 2 spots
[15:36:04]   [OSD 過濾] 2 -> 0 spots
[15:36:04]   [恆星過濾] Frame 48: 5 -> 2 spots
[15:36:04]   [OSD 過濾] 2 -> 0 spots
[15:36:04]   [恆星過濾] Frame 49: 4 -> 3 spots
[15:36:04]   [OSD 過濾] 3 -> 0 spots
[15:36:04]   [恆星過濾] Frame 50: 4 -> 3 spots
[15:36:04]   [OSD 過濾] 3 -> 0 spots
[15:36:04]   [OSD 過濾] 2 -> 0 spots
[15:36:04]   [恆星過濾] Frame 52: 3 -> 1 spots
[15:36:04]   [OSD 過濾] 1 -> 0 spots
[15:36:04]   [恆星過濾] Frame 53: 3 -> 1 spots
[15:36:04]   [OSD 過濾] 1 -> 0 spots
[15:36:04]   [恆星過濾] Frame 54: 3 -> 1 spots
[15:36:04]   [OSD 過濾] 1 -> 0 spots
[15:36:04]   [恆星過濾] Frame 55: 3 -> 1 spots
[15:36:04]   [OSD 過濾] 1 -> 0 spots
[15:36:04]   [恆星過濾] Frame 56: 3 -> 1 spots
[15:36:04]   [OSD 過濾] 1 -> 0 spots
[15:36:04]   [恆星過濾] Frame 57: 3 -> 2 spots
[15:36:04]   [OSD 過濾] 2 -> 0 spots
[15:36:04]   [恆星過濾] Frame 58: 3 -> 1 spots
[15:36:04]   [OSD 過濾] 1 -> 0 spots
[15:36:04]   [恆星過濾] Frame 59: 3 -> 2 spots
[15:36:04]   [OSD 過濾] 2 -> 0 spots
[15:36:04]   [恆星過濾] Frame 60: 4 -> 3 spots
[15:36:04]   [OSD 過濾] 3 -> 0 spots
[15:36:04]   [恆星過濾] Frame 61: 4 -> 2 spots
[15:36:04]   [OSD 過濾] 2 -> 0 spots
[15:36:04]   [恆星過濾] Frame 62: 4 -> 1 spots
[15:36:04]   [OSD 過濾] 1 -> 0 spots
[15:36:04]   [恆星過濾] Frame 63: 4 -> 1 spots
[15:36:04]   [OSD 過濾] 1 -> 0 spots
[15:36:04] 
總共偵測到 0 顆流星
[15:36:04] 拒絕的軌跡: 0 條
[15:36:04] 場景切換次數: 0
[15:36:04] ✓ 結果已儲存: output_group\20230202\M20230203_043605_lulin_WB\results.json
[15:36:04] ⚠️ 未偵測到流星
