Log start: 2025-11-26 00:23:48.080458
進階偵測模式: sensitivity=medium
光軌設定: length=3, mode=enhanced, proc_scale=1.0
[00:23:48] 手動設定 OSD bbox: (0, 470, 550, 50)
[00:23:48] ================================================================================
[00:23:48] 進階流星偵測系統（多層級 + 恆星過濾 + 品質評分 + OSD 遮罩）
[00:23:48] ================================================================================
[00:23:48] 影片: 2.avi
[00:23:48] 總幀數: 74, FPS: 29.97
[00:23:48] 敏感度: medium (品質門檻: 10, 最小持續: 3幀)
[00:23:48] 光軌設定: length=3, mode=enhanced
[00:23:48] ✓ 手動 OSD mask 已建立: 原座標(0,470,550,50) -> scaled(0,470,550,10)
[00:23:48] ✓ 流星 #1: 幀 28-30, 長度 7.6px, 品質 40.0
[00:23:49] ✓ 流星 #2: 幀 26-45, 長度 62.9px, 品質 83.2
[00:23:49] ✓ 流星 #3: 幀 46-48, 長度 3.2px, 品質 62.9
[00:23:49] 
總共偵測到 3 顆流星
[00:23:49] 拒絕的軌跡: 0 條
[00:23:49] 場景切換次數: 0
[00:23:49] ✓ 結果已儲存: output_advanced\2\results.json
[00:23:49] 
開始生成標記影片...
[00:23:50] ✓ 標記影片已儲存: output_advanced\2\2_annotated.mp4
