Log start: 2025-11-29 15:35:46.201400
進階偵測模式: sensitivity=medium
光軌設定: length=3, mode=enhanced, proc_scale=1.0
[15:35:46] 套用 OSD bbox: (0, 460, 470, 80)
[15:35:46] ================================================================================
[15:35:46] 進階流星偵測系統（多層級 + 恆星過濾 + 品質評分 + OSD 遮罩）
[15:35:46] ================================================================================
[15:35:46] 影片: 20230202\@@M20230203_025042_lulin_WB.avi
[15:35:46] 總幀數: 64, FPS: 29.97
[15:35:46] 敏感度: medium (品質門檻: 10, 最小持續: 3幀)
[15:35:46] 光軌設定: length=3, mode=enhanced
[15:35:46] 調試模式: 開啟
[15:35:46] ✓ 手動 OSD mask 已建立: 原座標(0,460,470,80) -> scaled(0,460,470,20)
[15:35:46] ✓ OSD 遮罩視覺化已儲存:
[15:35:46]   - output_group\20230202\@@M20230203_025042_lulin_WB\debug_frames\osd_mask_scaled.png
[15:35:46]   - output_group\20230202\@@M20230203_025042_lulin_WB\debug_frames\osd_mask_fullres.png
[15:35:46]   - output_group\20230202\@@M20230203_025042_lulin_WB\debug_frames\osd_mask_visualization.jpg
[15:35:46]   [OSD 過濾] 3 -> 0 spots
[15:35:46]   [OSD 過濾] 5 -> 2 spots
[15:35:46]   [OSD 過濾] 6 -> 2 spots
[15:35:46]   [OSD 過濾] 4 -> 1 spots
[15:35:46]   [OSD 過濾] 4 -> 1 spots
[15:35:46]   [OSD 過濾] 4 -> 1 spots
[15:35:46]   [OSD 過濾] 5 -> 2 spots
[15:35:46]   [OSD 過濾] 3 -> 0 spots
[15:35:46]   [OSD 過濾] 4 -> 1 spots
[15:35:46]   [OSD 過濾] 4 -> 1 spots
[15:35:46]   [OSD 過濾] 5 -> 2 spots
[15:35:46]   [OSD 過濾] 3 -> 0 spots
[15:35:46]   [OSD 過濾] 5 -> 2 spots
[15:35:46]   [OSD 過濾] 6 -> 2 spots
[15:35:46]   [OSD 過濾] 4 -> 0 spots
[15:35:46]     [拒絕] Track 0: 點數太少
[15:35:46]   [OSD 過濾] 4 -> 0 spots
[15:35:46]   [OSD 過濾] 5 -> 1 spots
[15:35:46]   [OSD 過濾] 6 -> 3 spots
[15:35:46]   [OSD 過濾] 5 -> 1 spots
[15:35:46]   [恆星過濾] Frame 20: 4 -> 3 spots
[15:35:46]   [OSD 過濾] 3 -> 0 spots
[15:35:46]   [恆星過濾] Frame 21: 4 -> 3 spots
[15:35:46]   [OSD 過濾] 3 -> 0 spots
[15:35:46]   [恆星過濾] Frame 22: 5 -> 3 spots
[15:35:46]   [OSD 過濾] 3 -> 1 spots
[15:35:46]   [恆星過濾] Frame 23: 3 -> 1 spots
[15:35:46]   [OSD 過濾] 1 -> 0 spots
[15:35:46]   [恆星過濾] Frame 24: 4 -> 2 spots
[15:35:46]   [OSD 過濾] 2 -> 1 spots
[15:35:46]   [恆星過濾] Frame 25: 5 -> 3 spots
[15:35:46]   [OSD 過濾] 3 -> 1 spots
[15:35:46]   [恆星過濾] Frame 26: 4 -> 2 spots
[15:35:46]   [OSD 過濾] 2 -> 0 spots
[15:35:46]   [恆星過濾] Frame 27: 5 -> 4 spots
[15:35:46]   [OSD 過濾] 4 -> 0 spots
[15:35:46]   [恆星過濾] Frame 28: 6 -> 3 spots
[15:35:46]   [OSD 過濾] 3 -> 1 spots
[15:35:46]   [恆星過濾] Frame 29: 5 -> 3 spots
[15:35:46]   [OSD 過濾] 3 -> 0 spots
[15:35:46]     [拒絕] Track 1: 點數太少
[15:35:46]   [恆星過濾] Frame 30: 7 -> 6 spots
[15:35:46]   [OSD 過濾] 6 -> 2 spots
[15:35:46]   [恆星過濾] Frame 31: 6 -> 5 spots
[15:35:46]   [OSD 過濾] 5 -> 2 spots
[15:35:46]   [恆星過濾] Frame 32: 5 -> 3 spots
[15:35:46]   [OSD 過濾] 3 -> 1 spots
[15:35:47]   [恆星過濾] Frame 33: 6 -> 4 spots
[15:35:47]   [OSD 過濾] 4 -> 2 spots
[15:35:47]   [恆星過濾] Frame 34: 6 -> 4 spots
[15:35:47]   [OSD 過濾] 4 -> 1 spots
[15:35:47]   [恆星過濾] Frame 35: 7 -> 5 spots
[15:35:47]   [OSD 過濾] 5 -> 2 spots
[15:35:47]   [恆星過濾] Frame 36: 8 -> 6 spots
[15:35:47]   [OSD 過濾] 6 -> 3 spots
[15:35:47]   [恆星過濾] Frame 37: 5 -> 3 spots
[15:35:47]   [OSD 過濾] 3 -> 1 spots
[15:35:47]   [恆星過濾] Frame 38: 5 -> 3 spots
[15:35:47]   [OSD 過濾] 3 -> 2 spots
[15:35:47]   [恆星過濾] Frame 39: 4 -> 3 spots
[15:35:47]   [OSD 過濾] 3 -> 1 spots
[15:35:47]   [恆星過濾] Frame 40: 4 -> 3 spots
[15:35:47]   [OSD 過濾] 3 -> 1 spots
[15:35:47]   [恆星過濾] Frame 41: 3 -> 2 spots
[15:35:47]   [OSD 過濾] 2 -> 0 spots
[15:35:47]   [恆星過濾] Frame 42: 6 -> 3 spots
[15:35:47]   [OSD 過濾] 3 -> 2 spots
[15:35:47]   [恆星過濾] Frame 43: 8 -> 4 spots
[15:35:47]   [恆星過濾] Frame 44: 4 -> 0 spots
[15:35:47]   [恆星過濾] Frame 45: 7 -> 4 spots
[15:35:47]   [OSD 過濾] 4 -> 3 spots
[15:35:47]   [恆星過濾] Frame 46: 4 -> 3 spots
[15:35:47]   [OSD 過濾] 3 -> 1 spots
[15:35:47]   [OSD 過濾] 5 -> 2 spots
[15:35:47] ✓ 流星 #1: 幀 31-36, 長度 7.9px, 品質 63.7
[15:35:47]   [恆星過濾] Frame 48: 4 -> 2 spots
[15:35:47]   [OSD 過濾] 2 -> 1 spots
[15:35:47]   [恆星過濾] Frame 49: 5 -> 4 spots
[15:35:47]   [OSD 過濾] 4 -> 1 spots
[15:35:47]   [恆星過濾] Frame 50: 5 -> 4 spots
[15:35:47]   [OSD 過濾] 4 -> 1 spots
[15:35:47]   [恆星過濾] Frame 51: 6 -> 5 spots
[15:35:47]   [OSD 過濾] 5 -> 2 spots
[15:35:47]   [恆星過濾] Frame 52: 6 -> 4 spots
[15:35:47]   [OSD 過濾] 4 -> 2 spots
[15:35:47]   [恆星過濾] Frame 53: 5 -> 2 spots
[15:35:47]   [OSD 過濾] 2 -> 1 spots
[15:35:47]   [恆星過濾] Frame 54: 3 -> 0 spots
[15:35:47]   [恆星過濾] Frame 55: 4 -> 1 spots
[15:35:47]   [恆星過濾] Frame 56: 4 -> 2 spots
[15:35:47]   [OSD 過濾] 2 -> 0 spots
[15:35:47]   [恆星過濾] Frame 57: 6 -> 4 spots
[15:35:47]   [OSD 過濾] 4 -> 1 spots
[15:35:47]   [恆星過濾] Frame 58: 6 -> 4 spots
[15:35:47]   [OSD 過濾] 4 -> 1 spots
[15:35:47] ✓ 流星 #2: 幀 39-47, 長度 61.5px, 品質 51.9
[15:35:47]   [恆星過濾] Frame 59: 6 -> 5 spots
[15:35:47]   [OSD 過濾] 5 -> 1 spots
[15:35:47]   [恆星過濾] Frame 60: 5 -> 4 spots
[15:35:47]   [OSD 過濾] 4 -> 2 spots
[15:35:47]   [恆星過濾] Frame 61: 6 -> 5 spots
[15:35:47]   [OSD 過濾] 5 -> 3 spots
[15:35:47]   [恆星過濾] Frame 62: 3 -> 0 spots
[15:35:47]   [恆星過濾] Frame 63: 3 -> 1 spots
[15:35:47]   [OSD 過濾] 1 -> 0 spots
[15:35:47]     [拒絕] Track 4: 點數太少
[15:35:47] 
總共偵測到 2 顆流星
[15:35:47] 拒絕的軌跡: 3 條
[15:35:47] 場景切換次數: 0
[15:35:47] ✓ 拒絕分析已儲存: rejection_analysis.json
[15:35:47]   主要拒絕原因:
[15:35:47]     - 點數太少: 3 次
[15:35:47] ✓ 結果已儲存: output_group\20230202\@@M20230203_025042_lulin_WB\results.json
[15:35:47] 
開始生成標記影片...
[15:35:47] ✓ 標記影片已儲存: output_group\20230202\@@M20230203_025042_lulin_WB\@@M20230203_025042_lulin_WB_annotated.mp4
