Log start: 2025-11-26 00:51:32.400860
進階偵測模式: sensitivity=medium
光軌設定: length=3, mode=enhanced, proc_scale=1.0
[00:51:32] 套用 OSD bbox: (0, 470, 550, 50)
[00:51:32] ================================================================================
[00:51:32] 進階流星偵測系統（多層級 + 恆星過濾 + 品質評分 + OSD 遮罩）
[00:51:32] ================================================================================
[00:51:32] 影片: group\1.avi
[00:51:32] 總幀數: 67, FPS: 29.97
[00:51:32] 敏感度: medium (品質門檻: 10, 最小持續: 3幀)
[00:51:32] 光軌設定: length=3, mode=enhanced
[00:51:32] ✓ 手動 OSD mask 已建立: 原座標(0,470,550,50) -> scaled(0,470,550,10)
[00:51:33] ✓ 流星 #1: 幀 33-36, 長度 7.0px, 品質 59.3
[00:51:34] 
總共偵測到 1 顆流星
[00:51:34] 拒絕的軌跡: 1 條
[00:51:34] 場景切換次數: 0
[00:51:34] ✓ 結果已儲存: output_batch\group\1\results.json
[00:51:34] 
開始生成標記影片...
[00:51:34] ✓ 標記影片已儲存: output_batch\group\1\1_annotated.mp4
