Log start: 2025-11-29 15:35:59.788199
進階偵測模式: sensitivity=medium
光軌設定: length=3, mode=enhanced, proc_scale=1.0
[15:35:59] 套用 OSD bbox: (0, 460, 470, 80)
[15:35:59] ================================================================================
[15:35:59] 進階流星偵測系統（多層級 + 恆星過濾 + 品質評分 + OSD 遮罩）
[15:35:59] ================================================================================
[15:35:59] 影片: 20230202\M20230203_041514_lulin_WB.avi
[15:35:59] 總幀數: 66, FPS: 29.97
[15:35:59] 敏感度: medium (品質門檻: 10, 最小持續: 3幀)
[15:35:59] 光軌設定: length=3, mode=enhanced
[15:35:59] 調試模式: 開啟
[15:35:59] ✓ 手動 OSD mask 已建立: 原座標(0,460,470,80) -> scaled(0,460,470,20)
[15:35:59] ✓ OSD 遮罩視覺化已儲存:
[15:35:59]   - output_group\20230202\M20230203_041514_lulin_WB\debug_frames\osd_mask_scaled.png
[15:35:59]   - output_group\20230202\M20230203_041514_lulin_WB\debug_frames\osd_mask_fullres.png
[15:35:59]   - output_group\20230202\M20230203_041514_lulin_WB\debug_frames\osd_mask_visualization.jpg
[15:35:59]   [OSD 過濾] 4 -> 0 spots
[15:35:59]   [OSD 過濾] 4 -> 0 spots
[15:35:59]   [OSD 過濾] 4 -> 0 spots
[15:35:59]   [OSD 過濾] 3 -> 0 spots
[15:35:59]   [OSD 過濾] 3 -> 0 spots
[15:35:59]   [OSD 過濾] 3 -> 0 spots
[15:35:59]   [OSD 過濾] 3 -> 0 spots
[15:35:59]   [OSD 過濾] 4 -> 0 spots
[15:35:59]   [OSD 過濾] 4 -> 0 spots
[15:36:00]   [OSD 過濾] 4 -> 0 spots
[15:36:00]   [OSD 過濾] 5 -> 1 spots
[15:36:00]   [OSD 過濾] 3 -> 0 spots
[15:36:00]   [OSD 過濾] 3 -> 0 spots
[15:36:00]   [OSD 過濾] 3 -> 0 spots
[15:36:00]   [恆星過濾] Frame 15: 2 -> 1 spots
[15:36:00]   [OSD 過濾] 1 -> 0 spots
[15:36:00]   [恆星過濾] Frame 16: 4 -> 3 spots
[15:36:00]   [OSD 過濾] 3 -> 0 spots
[15:36:00]   [恆星過濾] Frame 17: 4 -> 3 spots
[15:36:00]   [OSD 過濾] 3 -> 0 spots
[15:36:00]   [OSD 過濾] 3 -> 0 spots
[15:36:00]   [OSD 過濾] 4 -> 0 spots
[15:36:00]   [OSD 過濾] 3 -> 0 spots
[15:36:00]   [OSD 過濾] 4 -> 1 spots
[15:36:00]   [恆星過濾] Frame 22: 4 -> 3 spots
[15:36:00]   [OSD 過濾] 3 -> 1 spots
[15:36:00]   [恆星過濾] Frame 23: 3 -> 1 spots
[15:36:00]   [OSD 過濾] 1 -> 0 spots
[15:36:00]   [恆星過濾] Frame 24: 4 -> 2 spots
[15:36:00]   [OSD 過濾] 2 -> 1 spots
[15:36:00]   [恆星過濾] Frame 25: 3 -> 1 spots
[15:36:00]   [OSD 過濾] 1 -> 0 spots
[15:36:00]   [恆星過濾] Frame 26: 3 -> 1 spots
[15:36:00]   [OSD 過濾] 1 -> 0 spots
[15:36:00]   [恆星過濾] Frame 27: 3 -> 2 spots
[15:36:00]   [OSD 過濾] 2 -> 0 spots
[15:36:00]   [恆星過濾] Frame 28: 4 -> 2 spots
[15:36:00]   [OSD 過濾] 2 -> 1 spots
[15:36:00]   [恆星過濾] Frame 29: 4 -> 2 spots
[15:36:00]   [OSD 過濾] 2 -> 0 spots
[15:36:00]   [恆星過濾] Frame 30: 5 -> 3 spots
[15:36:00]   [OSD 過濾] 3 -> 0 spots
[15:36:00]   [恆星過濾] Frame 31: 8 -> 6 spots
[15:36:00]   [OSD 過濾] 6 -> 2 spots
[15:36:00]   [恆星過濾] Frame 32: 7 -> 4 spots
[15:36:00]   [OSD 過濾] 4 -> 1 spots
[15:36:00]   [恆星過濾] Frame 33: 7 -> 4 spots
[15:36:00]   [OSD 過濾] 4 -> 2 spots
[15:36:00]     [拒絕] Track 0: 點數太少
[15:36:00]   [恆星過濾] Frame 34: 6 -> 3 spots
[15:36:00]   [OSD 過濾] 3 -> 2 spots
[15:36:00]   [恆星過濾] Frame 35: 5 -> 2 spots
[15:36:00]   [OSD 過濾] 2 -> 1 spots
[15:36:00]   [恆星過濾] Frame 36: 6 -> 4 spots
[15:36:00]   [OSD 過濾] 4 -> 1 spots
[15:36:00]   [恆星過濾] Frame 37: 6 -> 5 spots
[15:36:00]   [OSD 過濾] 5 -> 1 spots
[15:36:00]   [恆星過濾] Frame 38: 6 -> 4 spots
[15:36:00]   [OSD 過濾] 4 -> 1 spots
[15:36:00]   [恆星過濾] Frame 39: 5 -> 3 spots
[15:36:00]   [OSD 過濾] 3 -> 1 spots
[15:36:00]   [恆星過濾] Frame 40: 3 -> 1 spots
[15:36:00]   [OSD 過濾] 1 -> 0 spots
[15:36:00]   [恆星過濾] Frame 41: 3 -> 2 spots
[15:36:00]   [OSD 過濾] 2 -> 0 spots
[15:36:00]   [恆星過濾] Frame 42: 2 -> 1 spots
[15:36:00]   [OSD 過濾] 1 -> 0 spots
[15:36:00]   [恆星過濾] Frame 43: 3 -> 1 spots
[15:36:00]   [OSD 過濾] 1 -> 0 spots
[15:36:00]   [恆星過濾] Frame 44: 3 -> 1 spots
[15:36:00]   [OSD 過濾] 1 -> 0 spots
[15:36:00]   [恆星過濾] Frame 45: 4 -> 1 spots
[15:36:00]   [OSD 過濾] 1 -> 0 spots
[15:36:00]   [恆星過濾] Frame 46: 4 -> 1 spots
[15:36:00]   [OSD 過濾] 1 -> 0 spots
[15:36:00]   [恆星過濾] Frame 47: 4 -> 2 spots
[15:36:00]   [OSD 過濾] 2 -> 0 spots
[15:36:00] ✓ 流星 #1: 幀 32-36, 長度 7.1px, 品質 62.4
[15:36:00]   [恆星過濾] Frame 48: 4 -> 1 spots
[15:36:00]   [OSD 過濾] 1 -> 0 spots
[15:36:00]   [恆星過濾] Frame 49: 4 -> 3 spots
[15:36:00]   [OSD 過濾] 3 -> 0 spots
[15:36:00] ✓ 流星 #2: 幀 33-38, 長度 17.1px, 品質 67.1
[15:36:00]   [恆星過濾] Frame 50: 4 -> 3 spots
[15:36:00]   [OSD 過濾] 3 -> 0 spots
[15:36:00]   [恆星過濾] Frame 51: 4 -> 3 spots
[15:36:00]   [OSD 過濾] 3 -> 0 spots
[15:36:00]   [恆星過濾] Frame 52: 4 -> 1 spots
[15:36:00]   [OSD 過濾] 1 -> 0 spots
[15:36:00]   [恆星過濾] Frame 53: 4 -> 1 spots
[15:36:00]   [OSD 過濾] 1 -> 0 spots
[15:36:01]   [恆星過濾] Frame 54: 4 -> 1 spots
[15:36:01]   [OSD 過濾] 1 -> 0 spots
[15:36:01]   [恆星過濾] Frame 55: 4 -> 1 spots
[15:36:01]   [OSD 過濾] 1 -> 0 spots
[15:36:01]   [恆星過濾] Frame 56: 4 -> 1 spots
[15:36:01]   [OSD 過濾] 1 -> 0 spots
[15:36:01]   [恆星過濾] Frame 57: 3 -> 1 spots
[15:36:01]   [OSD 過濾] 1 -> 0 spots
[15:36:01]   [恆星過濾] Frame 58: 3 -> 1 spots
[15:36:01]   [OSD 過濾] 1 -> 0 spots
[15:36:01]   [恆星過濾] Frame 59: 4 -> 2 spots
[15:36:01]   [OSD 過濾] 2 -> 0 spots
[15:36:01]   [恆星過濾] Frame 60: 5 -> 3 spots
[15:36:01]   [OSD 過濾] 3 -> 0 spots
[15:36:01]   [恆星過濾] Frame 61: 5 -> 2 spots
[15:36:01]   [OSD 過濾] 2 -> 0 spots
[15:36:01]   [恆星過濾] Frame 62: 5 -> 1 spots
[15:36:01]   [OSD 過濾] 1 -> 0 spots
[15:36:01]   [恆星過濾] Frame 63: 4 -> 0 spots
[15:36:01]   [恆星過濾] Frame 64: 4 -> 0 spots
[15:36:01]   [恆星過濾] Frame 65: 3 -> 1 spots
[15:36:01]   [OSD 過濾] 1 -> 0 spots
[15:36:01] 
總共偵測到 2 顆流星
[15:36:01] 拒絕的軌跡: 1 條
[15:36:01] 場景切換次數: 0
[15:36:01] ✓ 拒絕分析已儲存: rejection_analysis.json
[15:36:01]   主要拒絕原因:
[15:36:01]     - 點數太少: 1 次
[15:36:01] ✓ 結果已儲存: output_group\20230202\M20230203_041514_lulin_WB\results.json
[15:36:01] 
開始生成標記影片...
[15:36:01] ✓ 標記影片已儲存: output_group\20230202\M20230203_041514_lulin_WB\M20230203_041514_lulin_WB_annotated.mp4
