Log start: 2025-11-26 00:27:34.974825
進階偵測模式: sensitivity=medium
光軌設定: length=3, mode=enhanced, proc_scale=1.0
[00:27:34] 手動設定 OSD bbox: (0, 470, 550, 50)
[00:27:34] ================================================================================
[00:27:34] 進階流星偵測系統（多層級 + 恆星過濾 + 品質評分 + OSD 遮罩）
[00:27:34] ================================================================================
[00:27:34] 影片: 3.avi
[00:27:34] 總幀數: 82, FPS: 29.97
[00:27:34] 敏感度: medium (品質門檻: 10, 最小持續: 3幀)
[00:27:34] 光軌設定: length=3, mode=enhanced
[00:27:34] ✓ 手動 OSD mask 已建立: 原座標(0,470,550,50) -> scaled(0,470,550,10)
[00:27:36] ✓ 流星 #1: 幀 46-54, 長度 24.0px, 品質 71.5
[00:27:36] 
總共偵測到 1 顆流星
[00:27:36] 拒絕的軌跡: 1 條
[00:27:36] 場景切換次數: 0
[00:27:36] ✓ 結果已儲存: output_advanced\3\results.json
[00:27:36] 
開始生成標記影片...
[00:27:37] ✓ 標記影片已儲存: output_advanced\3\3_annotated.mp4
