Log start: 2025-11-26 00:51:38.807889
進階偵測模式: sensitivity=medium
光軌設定: length=3, mode=enhanced, proc_scale=1.0
[00:51:38] 套用 OSD bbox: (0, 470, 550, 50)
[00:51:38] ================================================================================
[00:51:38] 進階流星偵測系統（多層級 + 恆星過濾 + 品質評分 + OSD 遮罩）
[00:51:38] ================================================================================
[00:51:38] 影片: group\4.avi
[00:51:38] 總幀數: 77, FPS: 29.97
[00:51:38] 敏感度: medium (品質門檻: 10, 最小持續: 3幀)
[00:51:38] 光軌設定: length=3, mode=enhanced
[00:51:38] ✓ 手動 OSD mask 已建立: 原座標(0,470,550,50) -> scaled(0,470,550,10)
[00:51:40] ✓ 流星 #1: 幀 36-47, 長度 34.4px, 品質 77.3
[00:51:40] 
總共偵測到 1 顆流星
[00:51:40] 拒絕的軌跡: 0 條
[00:51:40] 場景切換次數: 0
[00:51:40] ✓ 結果已儲存: output_batch\group\4\results.json
[00:51:40] 
開始生成標記影片...
[00:51:40] ✓ 標記影片已儲存: output_batch\group\4\4_annotated.mp4
