Log start: 2025-11-29 15:35:58.374990
進階偵測模式: sensitivity=medium
光軌設定: length=3, mode=enhanced, proc_scale=1.0
[15:35:58] 套用 OSD bbox: (0, 460, 470, 80)
[15:35:58] ================================================================================
[15:35:58] 進階流星偵測系統（多層級 + 恆星過濾 + 品質評分 + OSD 遮罩）
[15:35:58] ================================================================================
[15:35:58] 影片: 20230202\M20230203_041022_lulin_WB.avi
[15:35:58] 總幀數: 64, FPS: 29.97
[15:35:58] 敏感度: medium (品質門檻: 10, 最小持續: 3幀)
[15:35:58] 光軌設定: length=3, mode=enhanced
[15:35:58] 調試模式: 開啟
[15:35:58] ✓ 手動 OSD mask 已建立: 原座標(0,460,470,80) -> scaled(0,460,470,20)
[15:35:58] ✓ OSD 遮罩視覺化已儲存:
[15:35:58]   - output_group\20230202\M20230203_041022_lulin_WB\debug_frames\osd_mask_scaled.png
[15:35:58]   - output_group\20230202\M20230203_041022_lulin_WB\debug_frames\osd_mask_fullres.png
[15:35:58]   - output_group\20230202\M20230203_041022_lulin_WB\debug_frames\osd_mask_visualization.jpg
[15:35:58]   [OSD 過濾] 2 -> 0 spots
[15:35:58]   [OSD 過濾] 4 -> 0 spots
[15:35:58]   [OSD 過濾] 4 -> 0 spots
[15:35:58]   [OSD 過濾] 4 -> 0 spots
[15:35:58]   [OSD 過濾] 4 -> 0 spots
[15:35:58]   [OSD 過濾] 3 -> 0 spots
[15:35:58]   [OSD 過濾] 3 -> 0 spots
[15:35:58]   [OSD 過濾] 2 -> 0 spots
[15:35:58]   [OSD 過濾] 3 -> 0 spots
[15:35:58]   [OSD 過濾] 4 -> 0 spots
[15:35:58]   [OSD 過濾] 4 -> 0 spots
[15:35:58]   [OSD 過濾] 4 -> 0 spots
[15:35:58]   [OSD 過濾] 4 -> 0 spots
[15:35:58]   [OSD 過濾] 5 -> 1 spots
[15:35:58]   [OSD 過濾] 4 -> 0 spots
[15:35:58]   [OSD 過濾] 4 -> 0 spots
[15:35:58]   [OSD 過濾] 4 -> 0 spots
[15:35:58]   [OSD 過濾] 4 -> 0 spots
[15:35:58]   [OSD 過濾] 4 -> 0 spots
[15:35:58]   [恆星過濾] Frame 20: 5 -> 3 spots
[15:35:58]   [OSD 過濾] 3 -> 0 spots
[15:35:58]   [恆星過濾] Frame 21: 5 -> 3 spots
[15:35:58]   [OSD 過濾] 3 -> 0 spots
[15:35:58]   [恆星過濾] Frame 22: 5 -> 2 spots
[15:35:58]   [OSD 過濾] 2 -> 0 spots
[15:35:58]   [恆星過濾] Frame 23: 5 -> 1 spots
[15:35:58]   [恆星過濾] Frame 24: 3 -> 1 spots
[15:35:58]   [OSD 過濾] 1 -> 0 spots
[15:35:58]   [恆星過濾] Frame 25: 3 -> 1 spots
[15:35:58]   [OSD 過濾] 1 -> 0 spots
[15:35:58]   [恆星過濾] Frame 26: 3 -> 1 spots
[15:35:58]   [OSD 過濾] 1 -> 0 spots
[15:35:58]   [恆星過濾] Frame 27: 4 -> 1 spots
[15:35:58]   [OSD 過濾] 1 -> 0 spots
[15:35:58]   [恆星過濾] Frame 28: 4 -> 1 spots
[15:35:58]   [OSD 過濾] 1 -> 0 spots
[15:35:59]   [恆星過濾] Frame 29: 4 -> 1 spots
[15:35:59]   [OSD 過濾] 1 -> 0 spots
[15:35:59]   [恆星過濾] Frame 30: 6 -> 4 spots
[15:35:59]   [OSD 過濾] 4 -> 1 spots
[15:35:59]   [恆星過濾] Frame 31: 6 -> 4 spots
[15:35:59]   [OSD 過濾] 4 -> 1 spots
[15:35:59]   [恆星過濾] Frame 32: 5 -> 3 spots
[15:35:59]   [OSD 過濾] 3 -> 1 spots
[15:35:59]   [恆星過濾] Frame 33: 4 -> 1 spots
[15:35:59]   [OSD 過濾] 1 -> 0 spots
[15:35:59]   [恆星過濾] Frame 34: 5 -> 2 spots
[15:35:59]   [OSD 過濾] 2 -> 0 spots
[15:35:59]   [恆星過濾] Frame 35: 6 -> 3 spots
[15:35:59]   [OSD 過濾] 3 -> 1 spots
[15:35:59]   [恆星過濾] Frame 36: 5 -> 2 spots
[15:35:59]   [OSD 過濾] 2 -> 0 spots
[15:35:59]   [恆星過濾] Frame 37: 4 -> 3 spots
[15:35:59]   [OSD 過濾] 3 -> 1 spots
[15:35:59]   [恆星過濾] Frame 38: 3 -> 0 spots
[15:35:59]   [恆星過濾] Frame 39: 5 -> 3 spots
[15:35:59]   [OSD 過濾] 3 -> 1 spots
[15:35:59]   [恆星過濾] Frame 40: 4 -> 2 spots
[15:35:59]   [OSD 過濾] 2 -> 0 spots
[15:35:59]   [恆星過濾] Frame 41: 5 -> 2 spots
[15:35:59]   [OSD 過濾] 2 -> 1 spots
[15:35:59]   [恆星過濾] Frame 42: 4 -> 0 spots
[15:35:59]   [恆星過濾] Frame 43: 4 -> 0 spots
[15:35:59]     [拒絕] Track 0: 持續時間太短 (2幀 < 3幀)
[15:35:59]   [恆星過濾] Frame 44: 4 -> 0 spots
[15:35:59]   [恆星過濾] Frame 45: 4 -> 0 spots
[15:35:59]   [恆星過濾] Frame 46: 4 -> 0 spots
[15:35:59]   [恆星過濾] Frame 47: 4 -> 1 spots
[15:35:59]   [OSD 過濾] 1 -> 0 spots
[15:35:59]   [恆星過濾] Frame 48: 4 -> 0 spots
[15:35:59]   [恆星過濾] Frame 49: 4 -> 1 spots
[15:35:59]   [OSD 過濾] 1 -> 0 spots
[15:35:59]   [恆星過濾] Frame 50: 5 -> 2 spots
[15:35:59]   [OSD 過濾] 2 -> 0 spots
[15:35:59]   [恆星過濾] Frame 51: 5 -> 2 spots
[15:35:59]   [OSD 過濾] 2 -> 0 spots
[15:35:59]   [恆星過濾] Frame 52: 5 -> 1 spots
[15:35:59]   [OSD 過濾] 1 -> 0 spots
[15:35:59]   [恆星過濾] Frame 53: 3 -> 0 spots
[15:35:59]   [恆星過濾] Frame 54: 3 -> 1 spots
[15:35:59]   [OSD 過濾] 1 -> 0 spots
[15:35:59]   [恆星過濾] Frame 55: 4 -> 2 spots
[15:35:59]   [OSD 過濾] 2 -> 1 spots
[15:35:59]   [恆星過濾] Frame 56: 2 -> 1 spots
[15:35:59]   [OSD 過濾] 1 -> 0 spots
[15:35:59]   [恆星過濾] Frame 57: 3 -> 2 spots
[15:35:59]   [OSD 過濾] 2 -> 0 spots
[15:35:59]   [恆星過濾] Frame 58: 3 -> 0 spots
[15:35:59]   [恆星過濾] Frame 59: 4 -> 1 spots
[15:35:59]   [OSD 過濾] 1 -> 0 spots
[15:35:59]   [恆星過濾] Frame 60: 5 -> 2 spots
[15:35:59]   [OSD 過濾] 2 -> 1 spots
[15:35:59]   [恆星過濾] Frame 61: 4 -> 1 spots
[15:35:59]   [OSD 過濾] 1 -> 0 spots
[15:35:59]   [恆星過濾] Frame 62: 4 -> 0 spots
[15:35:59]   [恆星過濾] Frame 63: 4 -> 0 spots
[15:35:59] 
總共偵測到 0 顆流星
[15:35:59] 拒絕的軌跡: 1 條
[15:35:59] 場景切換次數: 0
[15:35:59] ✓ 拒絕分析已儲存: rejection_analysis.json
[15:35:59]   主要拒絕原因:
[15:35:59]     - 持續時間太短 (2幀 < 3幀): 1 次
[15:35:59] ✓ 結果已儲存: output_group\20230202\M20230203_041022_lulin_WB\results.json
[15:35:59] ⚠️ 未偵測到流星
