Log start: 2025-11-29 15:35:55.513611
進階偵測模式: sensitivity=medium
光軌設定: length=3, mode=enhanced, proc_scale=1.0
[15:35:55] 套用 OSD bbox: (0, 460, 470, 80)
[15:35:55] ================================================================================
[15:35:55] 進階流星偵測系統（多層級 + 恆星過濾 + 品質評分 + OSD 遮罩）
[15:35:55] ================================================================================
[15:35:55] 影片: 20230202\M20230202_224933_lulin_WB.avi
[15:35:55] 總幀數: 63, FPS: 29.97
[15:35:55] 敏感度: medium (品質門檻: 10, 最小持續: 3幀)
[15:35:55] 光軌設定: length=3, mode=enhanced
[15:35:55] 調試模式: 開啟
[15:35:55] ✓ 手動 OSD mask 已建立: 原座標(0,460,470,80) -> scaled(0,460,470,20)
[15:35:55] ✓ OSD 遮罩視覺化已儲存:
[15:35:55]   - output_group\20230202\M20230202_224933_lulin_WB\debug_frames\osd_mask_scaled.png
[15:35:55]   - output_group\20230202\M20230202_224933_lulin_WB\debug_frames\osd_mask_fullres.png
[15:35:55]   - output_group\20230202\M20230202_224933_lulin_WB\debug_frames\osd_mask_visualization.jpg
[15:35:55]   [OSD 過濾] 4 -> 0 spots
[15:35:55]   [OSD 過濾] 4 -> 0 spots
[15:35:55]   [OSD 過濾] 4 -> 0 spots
[15:35:55]   [OSD 過濾] 3 -> 0 spots
[15:35:55]   [OSD 過濾] 3 -> 0 spots
[15:35:55]   [OSD 過濾] 3 -> 0 spots
[15:35:55]   [OSD 過濾] 3 -> 0 spots
[15:35:55]   [OSD 過濾] 3 -> 0 spots
[15:35:55]   [OSD 過濾] 3 -> 0 spots
[15:35:55]   [OSD 過濾] 4 -> 0 spots
[15:35:55]   [OSD 過濾] 5 -> 1 spots
[15:35:55]   [OSD 過濾] 4 -> 0 spots
[15:35:55]   [OSD 過濾] 4 -> 0 spots
[15:35:55]   [OSD 過濾] 4 -> 0 spots
[15:35:55]   [恆星過濾] Frame 15: 4 -> 3 spots
[15:35:55]   [OSD 過濾] 3 -> 0 spots
[15:35:55]   [恆星過濾] Frame 16: 4 -> 3 spots
[15:35:55]   [OSD 過濾] 3 -> 0 spots
[15:35:55]   [恆星過濾] Frame 17: 4 -> 3 spots
[15:35:55]   [OSD 過濾] 3 -> 1 spots
[15:35:55]   [恆星過濾] Frame 18: 3 -> 2 spots
[15:35:55]   [OSD 過濾] 2 -> 0 spots
[15:35:55]   [OSD 過濾] 3 -> 0 spots
[15:35:55]   [恆星過濾] Frame 20: 4 -> 3 spots
[15:35:55]   [OSD 過濾] 3 -> 1 spots
[15:35:56]   [恆星過濾] Frame 21: 4 -> 3 spots
[15:35:56]   [OSD 過濾] 3 -> 1 spots
[15:35:56]   [恆星過濾] Frame 22: 3 -> 1 spots
[15:35:56]   [OSD 過濾] 1 -> 0 spots
[15:35:56]   [恆星過濾] Frame 23: 5 -> 2 spots
[15:35:56]   [OSD 過濾] 2 -> 1 spots
[15:35:56]   [恆星過濾] Frame 24: 4 -> 1 spots
[15:35:56]   [OSD 過濾] 1 -> 0 spots
[15:35:56]   [恆星過濾] Frame 25: 4 -> 1 spots
[15:35:56]   [OSD 過濾] 1 -> 0 spots
[15:35:56]   [恆星過濾] Frame 26: 4 -> 1 spots
[15:35:56]   [OSD 過濾] 1 -> 0 spots
[15:35:56]   [恆星過濾] Frame 27: 4 -> 2 spots
[15:35:56]   [OSD 過濾] 2 -> 0 spots
[15:35:56]   [恆星過濾] Frame 28: 5 -> 2 spots
[15:35:56]   [OSD 過濾] 2 -> 0 spots
[15:35:56]   [恆星過濾] Frame 29: 5 -> 3 spots
[15:35:56]   [OSD 過濾] 3 -> 0 spots
[15:35:56]   [恆星過濾] Frame 30: 6 -> 4 spots
[15:35:56]   [OSD 過濾] 4 -> 1 spots
[15:35:56]   [恆星過濾] Frame 31: 6 -> 4 spots
[15:35:56]   [OSD 過濾] 4 -> 0 spots
[15:35:56]   [恆星過濾] Frame 32: 7 -> 4 spots
[15:35:56]   [OSD 過濾] 4 -> 1 spots
[15:35:56]   [恆星過濾] Frame 33: 7 -> 4 spots
[15:35:56]   [OSD 過濾] 4 -> 1 spots
[15:35:56]   [恆星過濾] Frame 34: 5 -> 2 spots
[15:35:56]   [OSD 過濾] 2 -> 0 spots
[15:35:56]   [恆星過濾] Frame 35: 6 -> 3 spots
[15:35:56]   [OSD 過濾] 3 -> 1 spots
[15:35:56]   [恆星過濾] Frame 36: 5 -> 3 spots
[15:35:56]   [OSD 過濾] 3 -> 1 spots
[15:35:56]   [恆星過濾] Frame 37: 4 -> 2 spots
[15:35:56]   [OSD 過濾] 2 -> 0 spots
[15:35:56]   [恆星過濾] Frame 38: 4 -> 1 spots
[15:35:56]   [OSD 過濾] 1 -> 0 spots
[15:35:56]   [恆星過濾] Frame 39: 5 -> 3 spots
[15:35:56]   [OSD 過濾] 3 -> 1 spots
[15:35:56]   [恆星過濾] Frame 40: 4 -> 1 spots
[15:35:56]   [OSD 過濾] 1 -> 0 spots
[15:35:56]   [恆星過濾] Frame 41: 4 -> 1 spots
[15:35:56]   [OSD 過濾] 1 -> 0 spots
[15:35:56]   [恆星過濾] Frame 42: 4 -> 0 spots
[15:35:56]   [恆星過濾] Frame 43: 4 -> 1 spots
[15:35:56]   [恆星過濾] Frame 44: 4 -> 1 spots
[15:35:56]   [恆星過濾] Frame 45: 3 -> 0 spots
[15:35:56]   [恆星過濾] Frame 46: 5 -> 2 spots
[15:35:56]   [OSD 過濾] 2 -> 1 spots
[15:35:56]   [恆星過濾] Frame 47: 4 -> 2 spots
[15:35:56]   [OSD 過濾] 2 -> 0 spots
[15:35:56]   [恆星過濾] Frame 48: 4 -> 1 spots
[15:35:56]   [OSD 過濾] 1 -> 0 spots
[15:35:56]   [恆星過濾] Frame 49: 4 -> 2 spots
[15:35:56]   [OSD 過濾] 2 -> 0 spots
[15:35:56]   [恆星過濾] Frame 50: 3 -> 2 spots
[15:35:56]   [OSD 過濾] 2 -> 0 spots
[15:35:56]   [恆星過濾] Frame 51: 3 -> 2 spots
[15:35:56]   [OSD 過濾] 2 -> 0 spots
[15:35:56]   [恆星過濾] Frame 52: 3 -> 0 spots
[15:35:56]   [恆星過濾] Frame 53: 3 -> 0 spots
[15:35:56]   [恆星過濾] Frame 54: 3 -> 0 spots
[15:35:56]   [恆星過濾] Frame 55: 3 -> 1 spots
[15:35:56]   [OSD 過濾] 1 -> 0 spots
[15:35:56]     [拒絕] Track 0: 靜止點 (1.0px)
[15:35:56]   [恆星過濾] Frame 56: 3 -> 1 spots
[15:35:56]   [OSD 過濾] 1 -> 0 spots
[15:35:56]   [恆星過濾] Frame 57: 3 -> 1 spots
[15:35:56]   [OSD 過濾] 1 -> 0 spots
[15:35:56]   [恆星過濾] Frame 58: 4 -> 1 spots
[15:35:56]   [恆星過濾] Frame 59: 3 -> 1 spots
[15:35:56]   [OSD 過濾] 1 -> 0 spots
[15:35:56]   [恆星過濾] Frame 60: 3 -> 1 spots
[15:35:56]   [OSD 過濾] 1 -> 0 spots
[15:35:56]   [恆星過濾] Frame 61: 5 -> 3 spots
[15:35:56]   [OSD 過濾] 3 -> 0 spots
[15:35:56]   [恆星過濾] Frame 62: 5 -> 2 spots
[15:35:56]   [OSD 過濾] 2 -> 0 spots
[15:35:56] 
總共偵測到 0 顆流星
[15:35:56] 拒絕的軌跡: 1 條
[15:35:56] 場景切換次數: 0
[15:35:56] ✓ 拒絕分析已儲存: rejection_analysis.json
[15:35:56]   主要拒絕原因:
[15:35:56]     - 靜止點 (1.0px): 1 次
[15:35:56] ✓ 結果已儲存: output_group\20230202\M20230202_224933_lulin_WB\results.json
[15:35:56] ⚠️ 未偵測到流星
