Log start: 2025-11-29 15:35:48.011641
進階偵測模式: sensitivity=medium
光軌設定: length=3, mode=enhanced, proc_scale=1.0
[15:35:48] 套用 OSD bbox: (0, 460, 470, 80)
[15:35:48] ================================================================================
[15:35:48] 進階流星偵測系統（多層級 + 恆星過濾 + 品質評分 + OSD 遮罩）
[15:35:48] ================================================================================
[15:35:48] 影片: 20230202\@@M20230203_030206_lulin_WB.avi
[15:35:48] 總幀數: 79, FPS: 29.97
[15:35:48] 敏感度: medium (品質門檻: 10, 最小持續: 3幀)
[15:35:48] 光軌設定: length=3, mode=enhanced
[15:35:48] 調試模式: 開啟
[15:35:48] ✓ 手動 OSD mask 已建立: 原座標(0,460,470,80) -> scaled(0,460,470,20)
[15:35:48] ✓ OSD 遮罩視覺化已儲存:
[15:35:48]   - output_group\20230202\@@M20230203_030206_lulin_WB\debug_frames\osd_mask_scaled.png
[15:35:48]   - output_group\20230202\@@M20230203_030206_lulin_WB\debug_frames\osd_mask_fullres.png
[15:35:48]   - output_group\20230202\@@M20230203_030206_lulin_WB\debug_frames\osd_mask_visualization.jpg
[15:35:48]   [OSD 過濾] 4 -> 1 spots
[15:35:48]   [OSD 過濾] 3 -> 0 spots
[15:35:48]   [OSD 過濾] 4 -> 1 spots
[15:35:48]   [OSD 過濾] 3 -> 0 spots
[15:35:48]   [OSD 過濾] 6 -> 3 spots
[15:35:48]   [OSD 過濾] 5 -> 2 spots
[15:35:48]   [OSD 過濾] 7 -> 2 spots
[15:35:48]   [OSD 過濾] 6 -> 1 spots
[15:35:48]   [OSD 過濾] 6 -> 1 spots
[15:35:48]   [OSD 過濾] 5 -> 1 spots
[15:35:48]   [OSD 過濾] 5 -> 1 spots
[15:35:48]   [OSD 過濾] 4 -> 0 spots
[15:35:48]   [OSD 過濾] 6 -> 2 spots
[15:35:48]   [OSD 過濾] 7 -> 3 spots
[15:35:48]   [OSD 過濾] 5 -> 1 spots
[15:35:48]   [OSD 過濾] 5 -> 1 spots
[15:35:48]   [OSD 過濾] 6 -> 2 spots
[15:35:48]   [恆星過濾] Frame 18: 7 -> 4 spots
[15:35:48]   [OSD 過濾] 4 -> 3 spots
[15:35:48]   [恆星過濾] Frame 19: 4 -> 2 spots
[15:35:48]   [OSD 過濾] 2 -> 0 spots
[15:35:48]     [拒絕] Track 0: 點數太少
[15:35:48]   [恆星過濾] Frame 20: 6 -> 5 spots
[15:35:48]   [OSD 過濾] 5 -> 3 spots
[15:35:48]   [恆星過濾] Frame 21: 4 -> 2 spots
[15:35:48]   [OSD 過濾] 2 -> 0 spots
[15:35:48]   [恆星過濾] Frame 22: 5 -> 2 spots
[15:35:48]   [OSD 過濾] 2 -> 1 spots
[15:35:48]   [恆星過濾] Frame 23: 7 -> 4 spots
[15:35:48]   [OSD 過濾] 4 -> 3 spots
[15:35:48]   [恆星過濾] Frame 24: 5 -> 3 spots
[15:35:48]   [OSD 過濾] 3 -> 1 spots
[15:35:48]   [恆星過濾] Frame 25: 6 -> 4 spots
[15:35:48]   [OSD 過濾] 4 -> 3 spots
[15:35:48]   [恆星過濾] Frame 26: 4 -> 2 spots
[15:35:48]   [OSD 過濾] 2 -> 1 spots
[15:35:48]   [恆星過濾] Frame 27: 5 -> 4 spots
[15:35:48]   [OSD 過濾] 4 -> 3 spots
[15:35:48]   [恆星過濾] Frame 28: 5 -> 1 spots
[15:35:48]   [恆星過濾] Frame 29: 8 -> 5 spots
[15:35:48]   [OSD 過濾] 5 -> 4 spots
[15:35:48]   [恆星過濾] Frame 30: 6 -> 5 spots
[15:35:48]   [OSD 過濾] 5 -> 1 spots
[15:35:48]   [恆星過濾] Frame 31: 6 -> 5 spots
[15:35:48]   [OSD 過濾] 5 -> 1 spots
[15:35:48]   [恆星過濾] Frame 32: 6 -> 4 spots
[15:35:48]   [OSD 過濾] 4 -> 1 spots
[15:35:48]   [恆星過濾] Frame 33: 8 -> 6 spots
[15:35:48]   [OSD 過濾] 6 -> 4 spots
[15:35:48]   [恆星過濾] Frame 34: 5 -> 3 spots
[15:35:48]   [OSD 過濾] 3 -> 1 spots
[15:35:48]   [恆星過濾] Frame 35: 6 -> 4 spots
[15:35:48]   [OSD 過濾] 4 -> 2 spots
[15:35:48]   [恆星過濾] Frame 36: 6 -> 4 spots
[15:35:48]   [OSD 過濾] 4 -> 2 spots
[15:35:48]   [恆星過濾] Frame 37: 8 -> 7 spots
[15:35:48]   [OSD 過濾] 7 -> 3 spots
[15:35:48]   [恆星過濾] Frame 38: 7 -> 5 spots
[15:35:48]   [OSD 過濾] 5 -> 2 spots
[15:35:48]   [恆星過濾] Frame 39: 9 -> 8 spots
[15:35:48]   [OSD 過濾] 8 -> 4 spots
[15:35:48]   [恆星過濾] Frame 40: 6 -> 5 spots
[15:35:48]   [OSD 過濾] 5 -> 2 spots
[15:35:48]   [恆星過濾] Frame 41: 6 -> 5 spots
[15:35:48]   [OSD 過濾] 5 -> 2 spots
[15:35:49]   [恆星過濾] Frame 42: 7 -> 5 spots
[15:35:49]   [OSD 過濾] 5 -> 3 spots
[15:35:49]   [恆星過濾] Frame 43: 6 -> 4 spots
[15:35:49]   [OSD 過濾] 4 -> 2 spots
[15:35:49]   [恆星過濾] Frame 44: 8 -> 6 spots
[15:35:49]   [OSD 過濾] 6 -> 4 spots
[15:35:49]   [恆星過濾] Frame 45: 5 -> 3 spots
[15:35:49]   [OSD 過濾] 3 -> 1 spots
[15:35:49]   [恆星過濾] Frame 46: 7 -> 5 spots
[15:35:49]   [OSD 過濾] 5 -> 3 spots
[15:35:49]   [恆星過濾] Frame 47: 6 -> 5 spots
[15:35:49]   [OSD 過濾] 5 -> 2 spots
[15:35:49]   [恆星過濾] Frame 48: 5 -> 3 spots
[15:35:49]   [OSD 過濾] 3 -> 1 spots
[15:35:49]     [拒絕] Track 2: 點數太少
[15:35:49]   [恆星過濾] Frame 49: 7 -> 6 spots
[15:35:49]   [OSD 過濾] 6 -> 2 spots
[15:35:49]   [恆星過濾] Frame 50: 8 -> 7 spots
[15:35:49]   [OSD 過濾] 7 -> 3 spots
[15:35:49]   [恆星過濾] Frame 51: 6 -> 5 spots
[15:35:49]   [OSD 過濾] 5 -> 2 spots
[15:35:49]   [恆星過濾] Frame 52: 6 -> 4 spots
[15:35:49]   [OSD 過濾] 4 -> 3 spots
[15:35:49]   [恆星過濾] Frame 53: 5 -> 3 spots
[15:35:49]   [OSD 過濾] 3 -> 1 spots
[15:35:49]   [恆星過濾] Frame 54: 6 -> 3 spots
[15:35:49]   [OSD 過濾] 3 -> 2 spots
[15:35:49] ✓ 流星 #1: 幀 30-43, 長度 74.0px, 品質 82.6
[15:35:49]   [恆星過濾] Frame 55: 7 -> 5 spots
[15:35:49]   [OSD 過濾] 5 -> 3 spots
[15:35:49]   [恆星過濾] Frame 56: 5 -> 3 spots
[15:35:49]   [OSD 過濾] 3 -> 1 spots
[15:35:49]   [恆星過濾] Frame 57: 6 -> 4 spots
[15:35:49]   [OSD 過濾] 4 -> 2 spots
[15:35:49]   [恆星過濾] Frame 58: 6 -> 3 spots
[15:35:49]   [OSD 過濾] 3 -> 2 spots
[15:35:49]   [恆星過濾] Frame 59: 4 -> 2 spots
[15:35:49]   [OSD 過濾] 2 -> 0 spots
[15:35:49]   [恆星過濾] Frame 60: 6 -> 4 spots
[15:35:49]   [OSD 過濾] 4 -> 2 spots
[15:35:49]   [恆星過濾] Frame 61: 4 -> 2 spots
[15:35:49]   [OSD 過濾] 2 -> 0 spots
[15:35:49]   [恆星過濾] Frame 62: 3 -> 1 spots
[15:35:49]   [OSD 過濾] 1 -> 0 spots
[15:35:49]   [恆星過濾] Frame 63: 4 -> 1 spots
[15:35:49]   [OSD 過濾] 1 -> 0 spots
[15:35:49]   [恆星過濾] Frame 64: 7 -> 4 spots
[15:35:49]   [OSD 過濾] 4 -> 3 spots
[15:35:49]   [恆星過濾] Frame 65: 4 -> 1 spots
[15:35:49]   [OSD 過濾] 1 -> 0 spots
[15:35:49]   [恆星過濾] Frame 66: 4 -> 1 spots
[15:35:49]   [OSD 過濾] 1 -> 0 spots
[15:35:49] ✓ 流星 #2: 幀 43-55, 長度 76.6px, 品質 70.6
[15:35:49]     [拒絕] Track 4: 點數太少
[15:35:49]   [恆星過濾] Frame 67: 4 -> 2 spots
[15:35:49]   [OSD 過濾] 2 -> 0 spots
[15:35:49]   [恆星過濾] Frame 68: 4 -> 2 spots
[15:35:49]   [OSD 過濾] 2 -> 0 spots
[15:35:49]   [恆星過濾] Frame 69: 5 -> 3 spots
[15:35:49]   [OSD 過濾] 3 -> 1 spots
[15:35:49]   [恆星過濾] Frame 70: 3 -> 2 spots
[15:35:49]   [OSD 過濾] 2 -> 0 spots
[15:35:49]   [恆星過濾] Frame 71: 4 -> 3 spots
[15:35:49]   [OSD 過濾] 3 -> 1 spots
[15:35:49]   [恆星過濾] Frame 72: 3 -> 1 spots
[15:35:49]   [OSD 過濾] 1 -> 0 spots
[15:35:49]   [恆星過濾] Frame 73: 3 -> 1 spots
[15:35:49]   [OSD 過濾] 1 -> 0 spots
[15:35:49]   [恆星過濾] Frame 74: 5 -> 3 spots
[15:35:49]   [OSD 過濾] 3 -> 1 spots
[15:35:49]   [恆星過濾] Frame 75: 4 -> 3 spots
[15:35:49]   [OSD 過濾] 3 -> 1 spots
[15:35:49]   [恆星過濾] Frame 76: 4 -> 1 spots
[15:35:49]   [OSD 過濾] 1 -> 0 spots
[15:35:49]   [恆星過濾] Frame 77: 5 -> 2 spots
[15:35:49]   [OSD 過濾] 2 -> 1 spots
[15:35:49]   [恆星過濾] Frame 78: 5 -> 3 spots
[15:35:49]   [OSD 過濾] 3 -> 2 spots
[15:35:49] 
總共偵測到 2 顆流星
[15:35:49] 拒絕的軌跡: 3 條
[15:35:49] 場景切換次數: 0
[15:35:49] ✓ 拒絕分析已儲存: rejection_analysis.json
[15:35:49]   主要拒絕原因:
[15:35:49]     - 點數太少: 3 次
[15:35:49] ✓ 結果已儲存: output_group\20230202\@@M20230203_030206_lulin_WB\results.json
[15:35:49] 
開始生成標記影片...
[15:35:50] ✓ 標記影片已儲存: output_group\20230202\@@M20230203_030206_lulin_WB\@@M20230203_030206_lulin_WB_annotated.mp4
