Log start: 2025-11-29 15:35:50.242859
進階偵測模式: sensitivity=medium
光軌設定: length=3, mode=enhanced, proc_scale=1.0
[15:35:50] 套用 OSD bbox: (0, 460, 470, 80)
[15:35:50] ================================================================================
[15:35:50] 進階流星偵測系統（多層級 + 恆星過濾 + 品質評分 + OSD 遮罩）
[15:35:50] ================================================================================
[15:35:50] 影片: 20230202\@@M20230203_033628_lulin_WB.avi
[15:35:50] 總幀數: 73, FPS: 29.97
[15:35:50] 敏感度: medium (品質門檻: 10, 最小持續: 3幀)
[15:35:50] 光軌設定: length=3, mode=enhanced
[15:35:50] 調試模式: 開啟
[15:35:50] ✓ 手動 OSD mask 已建立: 原座標(0,460,470,80) -> scaled(0,460,470,20)
[15:35:50] ✓ OSD 遮罩視覺化已儲存:
[15:35:50]   - output_group\20230202\@@M20230203_033628_lulin_WB\debug_frames\osd_mask_scaled.png
[15:35:50]   - output_group\20230202\@@M20230203_033628_lulin_WB\debug_frames\osd_mask_fullres.png
[15:35:50]   - output_group\20230202\@@M20230203_033628_lulin_WB\debug_frames\osd_mask_visualization.jpg
[15:35:50]   [OSD 過濾] 4 -> 1 spots
[15:35:50]   [OSD 過濾] 3 -> 0 spots
[15:35:50]   [OSD 過濾] 5 -> 2 spots
[15:35:50]   [OSD 過濾] 5 -> 2 spots
[15:35:50]   [OSD 過濾] 3 -> 0 spots
[15:35:50]   [OSD 過濾] 4 -> 0 spots
[15:35:50]   [OSD 過濾] 5 -> 0 spots
[15:35:50]   [OSD 過濾] 4 -> 0 spots
[15:35:50]   [OSD 過濾] 5 -> 1 spots
[15:35:50]   [OSD 過濾] 6 -> 1 spots
[15:35:50]   [OSD 過濾] 4 -> 0 spots
[15:35:50]   [OSD 過濾] 5 -> 1 spots
[15:35:50]   [OSD 過濾] 3 -> 0 spots
[15:35:50]   [OSD 過濾] 2 -> 0 spots
[15:35:50]   [OSD 過濾] 3 -> 0 spots
[15:35:50]   [OSD 過濾] 4 -> 1 spots
[15:35:50]   [OSD 過濾] 4 -> 0 spots
[15:35:50]   [OSD 過濾] 4 -> 0 spots
[15:35:50]   [OSD 過濾] 4 -> 0 spots
[15:35:50]   [恆星過濾] Frame 20: 4 -> 3 spots
[15:35:50]   [OSD 過濾] 3 -> 1 spots
[15:35:50]   [恆星過濾] Frame 21: 3 -> 2 spots
[15:35:50]   [OSD 過濾] 2 -> 0 spots
[15:35:50]   [恆星過濾] Frame 22: 3 -> 0 spots
[15:35:50]   [恆星過濾] Frame 23: 3 -> 1 spots
[15:35:50]   [OSD 過濾] 1 -> 0 spots
[15:35:50]   [恆星過濾] Frame 24: 3 -> 0 spots
[15:35:50]   [恆星過濾] Frame 25: 3 -> 0 spots
[15:35:50]   [恆星過濾] Frame 26: 3 -> 0 spots
[15:35:50]   [恆星過濾] Frame 27: 4 -> 2 spots
[15:35:50]   [OSD 過濾] 2 -> 0 spots
[15:35:50]   [恆星過濾] Frame 28: 5 -> 2 spots
[15:35:50]   [OSD 過濾] 2 -> 1 spots
[15:35:50]   [恆星過濾] Frame 29: 4 -> 2 spots
[15:35:50]   [OSD 過濾] 2 -> 0 spots
[15:35:50]   [恆星過濾] Frame 30: 6 -> 5 spots
[15:35:50]   [OSD 過濾] 5 -> 1 spots
[15:35:50]   [恆星過濾] Frame 31: 8 -> 7 spots
[15:35:50]   [OSD 過濾] 7 -> 3 spots
[15:35:50]   [恆星過濾] Frame 32: 5 -> 3 spots
[15:35:50]   [OSD 過濾] 3 -> 1 spots
[15:35:50]   [恆星過濾] Frame 33: 7 -> 5 spots
[15:35:50]   [OSD 過濾] 5 -> 3 spots
[15:35:51]   [恆星過濾] Frame 34: 5 -> 3 spots
[15:35:51]   [OSD 過濾] 3 -> 1 spots
[15:35:51]   [恆星過濾] Frame 35: 7 -> 6 spots
[15:35:51]   [OSD 過濾] 6 -> 3 spots
[15:35:51]   [恆星過濾] Frame 36: 7 -> 6 spots
[15:35:51]   [OSD 過濾] 6 -> 2 spots
[15:35:51]   [OSD 過濾] 6 -> 2 spots
[15:35:51]   [恆星過濾] Frame 38: 6 -> 4 spots
[15:35:51]   [OSD 過濾] 4 -> 2 spots
[15:35:51]   [恆星過濾] Frame 39: 6 -> 5 spots
[15:35:51]   [OSD 過濾] 5 -> 2 spots
[15:35:51]   [恆星過濾] Frame 40: 5 -> 4 spots
[15:35:51]   [OSD 過濾] 4 -> 1 spots
[15:35:51]   [恆星過濾] Frame 41: 5 -> 4 spots
[15:35:51]   [OSD 過濾] 4 -> 1 spots
[15:35:51]   [恆星過濾] Frame 42: 5 -> 3 spots
[15:35:51]   [OSD 過濾] 3 -> 1 spots
[15:35:51]   [恆星過濾] Frame 43: 5 -> 3 spots
[15:35:51]   [OSD 過濾] 3 -> 1 spots
[15:35:51]   [恆星過濾] Frame 44: 5 -> 3 spots
[15:35:51]   [OSD 過濾] 3 -> 1 spots
[15:35:51]   [恆星過濾] Frame 45: 7 -> 5 spots
[15:35:51]   [OSD 過濾] 5 -> 2 spots
[15:35:51]   [恆星過濾] Frame 46: 4 -> 2 spots
[15:35:51]   [OSD 過濾] 2 -> 0 spots
[15:35:51]   [恆星過濾] Frame 47: 5 -> 4 spots
[15:35:51]   [OSD 過濾] 4 -> 0 spots
[15:35:51]   [恆星過濾] Frame 48: 5 -> 3 spots
[15:35:51]   [OSD 過濾] 3 -> 0 spots
[15:35:51]   [恆星過濾] Frame 49: 6 -> 5 spots
[15:35:51]   [OSD 過濾] 5 -> 1 spots
[15:35:51]   [恆星過濾] Frame 50: 3 -> 2 spots
[15:35:51]   [OSD 過濾] 2 -> 0 spots
[15:35:51] ✓ 流星 #1: 幀 36-39, 長度 2.2px, 品質 36.6
[15:35:51]   [恆星過濾] Frame 51: 3 -> 2 spots
[15:35:51]   [OSD 過濾] 2 -> 0 spots
[15:35:51]   [恆星過濾] Frame 52: 5 -> 3 spots
[15:35:51]   [OSD 過濾] 3 -> 2 spots
[15:35:51]   [恆星過濾] Frame 53: 4 -> 2 spots
[15:35:51]   [OSD 過濾] 2 -> 0 spots
[15:35:51]   [恆星過濾] Frame 54: 5 -> 3 spots
[15:35:51]   [OSD 過濾] 3 -> 1 spots
[15:35:51]   [恆星過濾] Frame 55: 5 -> 3 spots
[15:35:51]   [OSD 過濾] 3 -> 2 spots
[15:35:51]   [恆星過濾] Frame 56: 3 -> 1 spots
[15:35:51]   [OSD 過濾] 1 -> 0 spots
[15:35:51] ✓ 流星 #2: 幀 31-45, 長度 40.8px, 品質 83.9
[15:35:51]   [恆星過濾] Frame 57: 4 -> 3 spots
[15:35:51]   [OSD 過濾] 3 -> 1 spots
[15:35:51]   [恆星過濾] Frame 58: 5 -> 2 spots
[15:35:51]   [恆星過濾] Frame 59: 4 -> 3 spots
[15:35:51]   [OSD 過濾] 3 -> 1 spots
[15:35:51]   [恆星過濾] Frame 60: 4 -> 3 spots
[15:35:51]   [OSD 過濾] 3 -> 0 spots
[15:35:51]   [恆星過濾] Frame 61: 5 -> 4 spots
[15:35:51]   [OSD 過濾] 4 -> 1 spots
[15:35:51]   [恆星過濾] Frame 62: 4 -> 2 spots
[15:35:51]   [OSD 過濾] 2 -> 0 spots
[15:35:51]   [恆星過濾] Frame 63: 4 -> 2 spots
[15:35:51]   [OSD 過濾] 2 -> 0 spots
[15:35:51]   [恆星過濾] Frame 64: 3 -> 1 spots
[15:35:51]   [OSD 過濾] 1 -> 0 spots
[15:35:51]   [恆星過濾] Frame 65: 3 -> 1 spots
[15:35:51]   [OSD 過濾] 1 -> 0 spots
[15:35:51]   [恆星過濾] Frame 66: 4 -> 2 spots
[15:35:51]   [OSD 過濾] 2 -> 0 spots
[15:35:51]   [恆星過濾] Frame 67: 4 -> 3 spots
[15:35:51]   [OSD 過濾] 3 -> 0 spots
[15:35:51]   [恆星過濾] Frame 68: 4 -> 1 spots
[15:35:51]   [OSD 過濾] 1 -> 0 spots
[15:35:51]   [恆星過濾] Frame 69: 4 -> 2 spots
[15:35:51]   [OSD 過濾] 2 -> 0 spots
[15:35:51]   [恆星過濾] Frame 70: 3 -> 1 spots
[15:35:51]   [OSD 過濾] 1 -> 0 spots
[15:35:51]   [恆星過濾] Frame 71: 3 -> 1 spots
[15:35:51]   [OSD 過濾] 1 -> 0 spots
[15:35:51]   [恆星過濾] Frame 72: 4 -> 1 spots
[15:35:51] 
總共偵測到 2 顆流星
[15:35:51] 拒絕的軌跡: 0 條
[15:35:51] 場景切換次數: 0
[15:35:51] ✓ 結果已儲存: output_group\20230202\@@M20230203_033628_lulin_WB\results.json
[15:35:51] 
開始生成標記影片...
[15:35:52] ✓ 標記影片已儲存: output_group\20230202\@@M20230203_033628_lulin_WB\@@M20230203_033628_lulin_WB_annotated.mp4
