Log start: 2025-11-26 00:51:40.704869
進階偵測模式: sensitivity=medium
光軌設定: length=3, mode=enhanced, proc_scale=1.0
[00:51:40] 套用 OSD bbox: (0, 470, 550, 50)
[00:51:40] ================================================================================
[00:51:40] 進階流星偵測系統（多層級 + 恆星過濾 + 品質評分 + OSD 遮罩）
[00:51:40] ================================================================================
[00:51:40] 影片: group\5.avi
[00:51:40] 總幀數: 95, FPS: 29.97
[00:51:40] 敏感度: medium (品質門檻: 10, 最小持續: 3幀)
[00:51:40] 光軌設定: length=3, mode=enhanced
[00:51:40] ✓ 手動 OSD mask 已建立: 原座標(0,470,550,50) -> scaled(0,470,550,10)
[00:51:41] ✓ 流星 #1: 幀 35-38, 長度 5.2px, 品質 60.9
[00:51:42] ✓ 流星 #2: 幀 52-55, 長度 76.5px, 品質 73.5
[00:51:42] ✓ 流星 #3: 幀 53-56, 長度 3.2px, 品質 58.2
[00:51:42] ✓ 流星 #4: 幀 57-64, 長度 106.1px, 品質 73.4
[00:51:42] ✓ 流星 #5: 幀 61-64, 長度 141.3px, 品質 75.1
[00:51:42] ✓ 流星 #6: 幀 62-67, 長度 26.0px, 品質 72.5
[00:51:42] ✓ 流星 #7: 幀 39-69, 長度 116.3px, 品質 87.7
[00:51:42] ✓ 流星 #8: 幀 67-70, 長度 42.4px, 品質 63.5
[00:51:42] ✓ 流星 #9: 幀 63-73, 長度 47.3px, 品質 84.6
[00:51:42] 
總共偵測到 9 顆流星
[00:51:42] 拒絕的軌跡: 2 條
[00:51:42] 場景切換次數: 0
[00:51:42] ✓ 結果已儲存: output_batch\group\5\results.json
[00:51:42] 
開始生成標記影片...
[00:51:43] ✓ 標記影片已儲存: output_batch\group\5\5_annotated.mp4
