Log start: 2025-11-29 15:35:44.388614
進階偵測模式: sensitivity=medium
光軌設定: length=3, mode=enhanced, proc_scale=1.0
[15:35:44] 套用 OSD bbox: (0, 460, 470, 80)
[15:35:44] ================================================================================
[15:35:44] 進階流星偵測系統（多層級 + 恆星過濾 + 品質評分 + OSD 遮罩）
[15:35:44] ================================================================================
[15:35:44] 影片: 20230202\@@M20230203_022929_lulin_WB.avi
[15:35:44] 總幀數: 64, FPS: 29.97
[15:35:44] 敏感度: medium (品質門檻: 10, 最小持續: 3幀)
[15:35:44] 光軌設定: length=3, mode=enhanced
[15:35:44] 調試模式: 開啟
[15:35:44] ✓ 手動 OSD mask 已建立: 原座標(0,460,470,80) -> scaled(0,460,470,20)
[15:35:44] ✓ OSD 遮罩視覺化已儲存:
[15:35:44]   - output_group\20230202\@@M20230203_022929_lulin_WB\debug_frames\osd_mask_scaled.png
[15:35:44]   - output_group\20230202\@@M20230203_022929_lulin_WB\debug_frames\osd_mask_fullres.png
[15:35:44]   - output_group\20230202\@@M20230203_022929_lulin_WB\debug_frames\osd_mask_visualization.jpg
[15:35:44]   [OSD 過濾] 4 -> 2 spots
[15:35:44]   [OSD 過濾] 4 -> 1 spots
[15:35:44]   [OSD 過濾] 7 -> 3 spots
[15:35:44]   [OSD 過濾] 6 -> 2 spots
[15:35:44]   [OSD 過濾] 4 -> 0 spots
[15:35:44]   [OSD 過濾] 4 -> 0 spots
[15:35:44]   [OSD 過濾] 7 -> 3 spots
[15:35:44]   [OSD 過濾] 5 -> 1 spots
[15:35:44]   [OSD 過濾] 8 -> 4 spots
[15:35:44]   [OSD 過濾] 4 -> 0 spots
[15:35:44]   [OSD 過濾] 4 -> 0 spots
[15:35:44]   [OSD 過濾] 6 -> 3 spots
[15:35:44]   [OSD 過濾] 3 -> 0 spots
[15:35:44]   [OSD 過濾] 4 -> 0 spots
[15:35:44]     [拒絕] Track 0: 持續時間太短 (2幀 < 3幀)
[15:35:44]   [OSD 過濾] 5 -> 1 spots
[15:35:44]   [OSD 過濾] 6 -> 1 spots
[15:35:44]   [OSD 過濾] 6 -> 2 spots
[15:35:44]   [OSD 過濾] 6 -> 2 spots
[15:35:44]   [OSD 過濾] 9 -> 5 spots
[15:35:44]   [恆星過濾] Frame 20: 4 -> 3 spots
[15:35:44]   [OSD 過濾] 3 -> 1 spots
[15:35:44]   [恆星過濾] Frame 21: 6 -> 4 spots
[15:35:44]   [OSD 過濾] 4 -> 2 spots
[15:35:44]   [恆星過濾] Frame 22: 7 -> 5 spots
[15:35:44]   [OSD 過濾] 5 -> 2 spots
[15:35:44]   [恆星過濾] Frame 23: 5 -> 2 spots
[15:35:44]   [OSD 過濾] 2 -> 1 spots
[15:35:44]   [恆星過濾] Frame 24: 4 -> 1 spots
[15:35:44]   [OSD 過濾] 1 -> 0 spots
[15:35:44]   [恆星過濾] Frame 25: 4 -> 1 spots
[15:35:44]   [OSD 過濾] 1 -> 0 spots
[15:35:45]   [恆星過濾] Frame 26: 5 -> 3 spots
[15:35:45]   [OSD 過濾] 3 -> 2 spots
[15:35:45]   [恆星過濾] Frame 27: 5 -> 3 spots
[15:35:45]   [OSD 過濾] 3 -> 2 spots
[15:35:45]   [恆星過濾] Frame 28: 5 -> 2 spots
[15:35:45]   [恆星過濾] Frame 29: 6 -> 4 spots
[15:35:45]   [OSD 過濾] 4 -> 3 spots
[15:35:45]   [恆星過濾] Frame 30: 11 -> 10 spots
[15:35:45]   [OSD 過濾] 10 -> 5 spots
[15:35:45]   [恆星過濾] Frame 31: 9 -> 8 spots
[15:35:45]   [OSD 過濾] 8 -> 4 spots
[15:35:45]   [恆星過濾] Frame 32: 8 -> 6 spots
[15:35:45]   [OSD 過濾] 6 -> 3 spots
[15:35:45]   [恆星過濾] Frame 33: 7 -> 6 spots
[15:35:45]   [OSD 過濾] 6 -> 3 spots
[15:35:45]   [恆星過濾] Frame 34: 6 -> 5 spots
[15:35:45]   [OSD 過濾] 5 -> 1 spots
[15:35:45]   [恆星過濾] Frame 35: 6 -> 4 spots
[15:35:45]   [OSD 過濾] 4 -> 1 spots
[15:35:45]   [恆星過濾] Frame 36: 7 -> 5 spots
[15:35:45]   [OSD 過濾] 5 -> 2 spots
[15:35:45]   [恆星過濾] Frame 37: 5 -> 3 spots
[15:35:45]   [OSD 過濾] 3 -> 2 spots
[15:35:45]   [恆星過濾] Frame 38: 4 -> 1 spots
[15:35:45]   [恆星過濾] Frame 39: 6 -> 4 spots
[15:35:45]   [OSD 過濾] 4 -> 2 spots
[15:35:45]   [恆星過濾] Frame 40: 5 -> 3 spots
[15:35:45]   [OSD 過濾] 3 -> 1 spots
[15:35:45]   [恆星過濾] Frame 41: 4 -> 2 spots
[15:35:45]   [OSD 過濾] 2 -> 0 spots
[15:35:45]   [恆星過濾] Frame 42: 5 -> 2 spots
[15:35:45]   [OSD 過濾] 2 -> 1 spots
[15:35:45]   [恆星過濾] Frame 43: 5 -> 1 spots
[15:35:45]   [恆星過濾] Frame 44: 6 -> 3 spots
[15:35:45]   [OSD 過濾] 3 -> 2 spots
[15:35:45]   [恆星過濾] Frame 45: 7 -> 4 spots
[15:35:45]   [OSD 過濾] 4 -> 3 spots
[15:35:45]   [恆星過濾] Frame 46: 6 -> 3 spots
[15:35:45]   [OSD 過濾] 3 -> 1 spots
[15:35:45]   [恆星過濾] Frame 47: 4 -> 2 spots
[15:35:45]   [OSD 過濾] 2 -> 0 spots
[15:35:45] ✓ 流星 #1: 幀 29-36, 長度 14.3px, 品質 65.9
[15:35:45]   [恆星過濾] Frame 48: 6 -> 3 spots
[15:35:45]   [OSD 過濾] 3 -> 1 spots
[15:35:45]   [恆星過濾] Frame 49: 7 -> 5 spots
[15:35:45]   [OSD 過濾] 5 -> 3 spots
[15:35:45]   [恆星過濾] Frame 50: 3 -> 2 spots
[15:35:45]   [OSD 過濾] 2 -> 1 spots
[15:35:45]   [恆星過濾] Frame 51: 4 -> 2 spots
[15:35:45]   [OSD 過濾] 2 -> 1 spots
[15:35:45]   [恆星過濾] Frame 52: 3 -> 0 spots
[15:35:45]   [恆星過濾] Frame 53: 3 -> 0 spots
[15:35:45]   [恆星過濾] Frame 54: 4 -> 2 spots
[15:35:45]   [OSD 過濾] 2 -> 1 spots
[15:35:45]   [恆星過濾] Frame 55: 3 -> 0 spots
[15:35:45]   [恆星過濾] Frame 56: 4 -> 1 spots
[15:35:45]   [恆星過濾] Frame 57: 3 -> 1 spots
[15:35:45]   [OSD 過濾] 1 -> 0 spots
[15:35:45]   [恆星過濾] Frame 58: 3 -> 1 spots
[15:35:45]   [OSD 過濾] 1 -> 0 spots
[15:35:45]   [恆星過濾] Frame 59: 5 -> 3 spots
[15:35:45]   [OSD 過濾] 3 -> 2 spots
[15:35:45]   [恆星過濾] Frame 60: 4 -> 2 spots
[15:35:45]   [OSD 過濾] 2 -> 1 spots
[15:35:45]   [恆星過濾] Frame 61: 6 -> 5 spots
[15:35:45]   [OSD 過濾] 5 -> 2 spots
[15:35:45] ✓ 流星 #2: 幀 45-50, 長度 14.5px, 品質 59.5
[15:35:45]   [恆星過濾] Frame 62: 6 -> 5 spots
[15:35:45]   [OSD 過濾] 5 -> 2 spots
[15:35:45]   [恆星過濾] Frame 63: 5 -> 3 spots
[15:35:45]   [OSD 過濾] 3 -> 1 spots
[15:35:45]     [拒絕] Track 3: 持續時間太短 (2幀 < 3幀)
[15:35:45] 
總共偵測到 2 顆流星
[15:35:45] 拒絕的軌跡: 2 條
[15:35:45] 場景切換次數: 0
[15:35:45] ✓ 拒絕分析已儲存: rejection_analysis.json
[15:35:45]   主要拒絕原因:
[15:35:45]     - 持續時間太短 (2幀 < 3幀): 2 次
[15:35:45] ✓ 結果已儲存: output_group\20230202\@@M20230203_022929_lulin_WB\results.json
[15:35:45] 
開始生成標記影片...
[15:35:46] ✓ 標記影片已儲存: output_group\20230202\@@M20230203_022929_lulin_WB\@@M20230203_022929_lulin_WB_annotated.mp4
