[2025-11-29 15:35:36] 批次處理將套用 OSD bbox: (0, 460, 470, 80)
[2025-11-29 15:35:36] 開始批次處理流星偵測
[2025-11-29 15:35:36] 輸入資料夾: 20230202
[2025-11-29 15:35:36] 輸出資料夾: output_group\20230202
[2025-11-29 15:35:36] 找到 18 個 AVI 檔案
[2025-11-29 15:35:36]   1. @@M20230202_220940_lulin_WB.avi
[2025-11-29 15:35:36]   2. @@M20230202_233651_lulin_WB.avi
[2025-11-29 15:35:36]   3. @@M20230203_014339_lulin_WB.avi
[2025-11-29 15:35:36]   4. @@M20230203_021648_lulin_WB.avi
[2025-11-29 15:35:36]   5. @@M20230203_022929_lulin_WB.avi
[2025-11-29 15:35:36]   6. @@M20230203_025042_lulin_WB.avi
[2025-11-29 15:35:36]   7. @@M20230203_030206_lulin_WB.avi
[2025-11-29 15:35:36]   8. @@M20230203_033628_lulin_WB.avi
[2025-11-29 15:35:36]   9. @@M20230203_034257_lulin_WB.avi
[2025-11-29 15:35:36]   10. @@M20230203_055543_lulin_WB.avi
[2025-11-29 15:35:36]   11. M20230202_224933_lulin_WB.avi
[2025-11-29 15:35:36]   12. M20230203_021050_lulin_WB.avi
[2025-11-29 15:35:36]   13. M20230203_041022_lulin_WB.avi
[2025-11-29 15:35:36]   14. M20230203_041514_lulin_WB.avi
[2025-11-29 15:35:36]   15. M20230203_042712_lulin_WB.avi
[2025-11-29 15:35:36]   16. M20230203_043605_lulin_WB.avi
[2025-11-29 15:35:36]   17. M20230203_045216_lulin_WB.avi
[2025-11-29 15:35:36]   18. M20230203_053349_lulin_WB.avi
[2025-11-29 15:35:36] ================================================================================
[2025-11-29 15:35:36] 處理影片 [1/18]: @@M20230202_220940_lulin_WB.avi
[2025-11-29 15:35:36] ================================================================================
[2025-11-29 15:35:38] ✓ 完成: 偵測到 2 顆流星，耗時 2.0 秒
[2025-11-29 15:35:38] ================================================================================
[2025-11-29 15:35:38] 處理影片 [2/18]: @@M20230202_233651_lulin_WB.avi
[2025-11-29 15:35:38] ================================================================================
[2025-11-29 15:35:40] ✓ 完成: 偵測到 3 顆流星，耗時 2.0 秒
[2025-11-29 15:35:40] ================================================================================
[2025-11-29 15:35:40] 處理影片 [3/18]: @@M20230203_014339_lulin_WB.avi
[2025-11-29 15:35:40] ================================================================================
[2025-11-29 15:35:42] ✓ 完成: 偵測到 1 顆流星，耗時 1.8 秒
[2025-11-29 15:35:42] ================================================================================
[2025-11-29 15:35:42] 處理影片 [4/18]: @@M20230203_021648_lulin_WB.avi
[2025-11-29 15:35:42] ================================================================================
[2025-11-29 15:35:44] ✓ 完成: 偵測到 1 顆流星，耗時 1.9 秒
[2025-11-29 15:35:44] ================================================================================
[2025-11-29 15:35:44] 處理影片 [5/18]: @@M20230203_022929_lulin_WB.avi
[2025-11-29 15:35:44] ================================================================================
[2025-11-29 15:35:46] ✓ 完成: 偵測到 2 顆流星，耗時 1.8 秒
[2025-11-29 15:35:46] ================================================================================
[2025-11-29 15:35:46] 處理影片 [6/18]: @@M20230203_025042_lulin_WB.avi
[2025-11-29 15:35:46] ================================================================================
[2025-11-29 15:35:47] ✓ 完成: 偵測到 2 顆流星，耗時 1.8 秒
[2025-11-29 15:35:47] ================================================================================
[2025-11-29 15:35:47] 處理影片 [7/18]: @@M20230203_030206_lulin_WB.avi
[2025-11-29 15:35:47] ================================================================================
[2025-11-29 15:35:50] ✓ 完成: 偵測到 2 顆流星，耗時 2.2 秒
[2025-11-29 15:35:50] ================================================================================
[2025-11-29 15:35:50] 處理影片 [8/18]: @@M20230203_033628_lulin_WB.avi
[2025-11-29 15:35:50] ================================================================================
[2025-11-29 15:35:52] ✓ 完成: 偵測到 2 顆流星，耗時 2.0 秒
[2025-11-29 15:35:52] ================================================================================
[2025-11-29 15:35:52] 處理影片 [9/18]: @@M20230203_034257_lulin_WB.avi
[2025-11-29 15:35:52] ================================================================================
[2025-11-29 15:35:53] ✓ 完成: 偵測到 0 顆流星，耗時 1.5 秒
[2025-11-29 15:35:53] ================================================================================
[2025-11-29 15:35:53] 處理影片 [10/18]: @@M20230203_055543_lulin_WB.avi
[2025-11-29 15:35:53] ================================================================================
[2025-11-29 15:35:55] ✓ 完成: 偵測到 1 顆流星，耗時 1.8 秒
[2025-11-29 15:35:55] ================================================================================
[2025-11-29 15:35:55] 處理影片 [11/18]: M20230202_224933_lulin_WB.avi
[2025-11-29 15:35:55] ================================================================================
[2025-11-29 15:35:56] ✓ 完成: 偵測到 0 顆流星，耗時 1.4 秒
[2025-11-29 15:35:56] ================================================================================
[2025-11-29 15:35:56] 處理影片 [12/18]: M20230203_021050_lulin_WB.avi
[2025-11-29 15:35:56] ================================================================================
[2025-11-29 15:35:58] ✓ 完成: 偵測到 0 顆流星，耗時 1.4 秒
[2025-11-29 15:35:58] ================================================================================
[2025-11-29 15:35:58] 處理影片 [13/18]: M20230203_041022_lulin_WB.avi
[2025-11-29 15:35:58] ================================================================================
[2025-11-29 15:35:59] ✓ 完成: 偵測到 0 顆流星，耗時 1.4 秒
[2025-11-29 15:35:59] ================================================================================
[2025-11-29 15:35:59] 處理影片 [14/18]: M20230203_041514_lulin_WB.avi
[2025-11-29 15:35:59] ================================================================================
[2025-11-29 15:36:01] ✓ 完成: 偵測到 2 顆流星，耗時 1.7 秒
[2025-11-29 15:36:01] ================================================================================
[2025-11-29 15:36:01] 處理影片 [15/18]: M20230203_042712_lulin_WB.avi
[2025-11-29 15:36:01] ================================================================================
[2025-11-29 15:36:03] ✓ 完成: 偵測到 1 顆流星，耗時 1.7 秒
[2025-11-29 15:36:03] ================================================================================
[2025-11-29 15:36:03] 處理影片 [16/18]: M20230203_043605_lulin_WB.avi
[2025-11-29 15:36:03] ================================================================================
[2025-11-29 15:36:04] ✓ 完成: 偵測到 0 顆流星，耗時 1.5 秒
[2025-11-29 15:36:04] ================================================================================
[2025-11-29 15:36:04] 處理影片 [17/18]: M20230203_045216_lulin_WB.avi
[2025-11-29 15:36:04] ================================================================================
[2025-11-29 15:36:06] ✓ 完成: 偵測到 0 顆流星，耗時 1.4 秒
[2025-11-29 15:36:06] ================================================================================
[2025-11-29 15:36:06] 處理影片 [18/18]: M20230203_053349_lulin_WB.avi
[2025-11-29 15:36:06] ================================================================================
[2025-11-29 15:36:07] ✓ 完成: 偵測到 0 顆流星，耗時 1.3 秒
[2025-11-29 15:36:07] 
================================================================================
[2025-11-29 15:36:07] 批次處理完成
[2025-11-29 15:36:07] ================================================================================
[2025-11-29 15:36:07] 總影片數: 18
[2025-11-29 15:36:07] 成功: 18, 失敗: 0
[2025-11-29 15:36:07] 總偵測流星數: 19
[2025-11-29 15:36:07] 總耗時: 30.8 秒 (0.5 分鐘)
[2025-11-29 15:36:07] ✓ 總結報告已儲存: output_group\20230202\batch_summary.json
[2025-11-29 15:36:07] 
詳細結果:
[2025-11-29 15:36:07]   1. @@M20230202_220940_lulin_WB.avi: 2 顆流星 (2.0s)
[2025-11-29 15:36:07]   2. @@M20230202_233651_lulin_WB.avi: 3 顆流星 (2.0s)
[2025-11-29 15:36:07]   3. @@M20230203_014339_lulin_WB.avi: 1 顆流星 (1.8s)
[2025-11-29 15:36:07]   4. @@M20230203_021648_lulin_WB.avi: 1 顆流星 (1.9s)
[2025-11-29 15:36:07]   5. @@M20230203_022929_lulin_WB.avi: 2 顆流星 (1.8s)
[2025-11-29 15:36:07]   6. @@M20230203_025042_lulin_WB.avi: 2 顆流星 (1.8s)
[2025-11-29 15:36:07]   7. @@M20230203_030206_lulin_WB.avi: 2 顆流星 (2.2s)
[2025-11-29 15:36:07]   8. @@M20230203_033628_lulin_WB.avi: 2 顆流星 (2.0s)
[2025-11-29 15:36:07]   9. @@M20230203_034257_lulin_WB.avi: 0 顆流星 (1.5s)
[2025-11-29 15:36:07]   10. @@M20230203_055543_lulin_WB.avi: 1 顆流星 (1.8s)
[2025-11-29 15:36:07]   11. M20230202_224933_lulin_WB.avi: 0 顆流星 (1.4s)
[2025-11-29 15:36:07]   12. M20230203_021050_lulin_WB.avi: 0 顆流星 (1.4s)
[2025-11-29 15:36:07]   13. M20230203_041022_lulin_WB.avi: 0 顆流星 (1.4s)
[2025-11-29 15:36:07]   14. M20230203_041514_lulin_WB.avi: 2 顆流星 (1.7s)
[2025-11-29 15:36:07]   15. M20230203_042712_lulin_WB.avi: 1 顆流星 (1.7s)
[2025-11-29 15:36:07]   16. M20230203_043605_lulin_WB.avi: 0 顆流星 (1.5s)
[2025-11-29 15:36:07]   17. M20230203_045216_lulin_WB.avi: 0 顆流星 (1.4s)
[2025-11-29 15:36:07]   18. M20230203_053349_lulin_WB.avi: 0 顆流星 (1.3s)
