Log start: 2025-11-29 15:35:42.482631
進階偵測模式: sensitivity=medium
光軌設定: length=3, mode=enhanced, proc_scale=1.0
[15:35:42] 套用 OSD bbox: (0, 460, 470, 80)
[15:35:42] ================================================================================
[15:35:42] 進階流星偵測系統（多層級 + 恆星過濾 + 品質評分 + OSD 遮罩）
[15:35:42] ================================================================================
[15:35:42] 影片: 20230202\@@M20230203_021648_lulin_WB.avi
[15:35:42] 總幀數: 70, FPS: 29.97
[15:35:42] 敏感度: medium (品質門檻: 10, 最小持續: 3幀)
[15:35:42] 光軌設定: length=3, mode=enhanced
[15:35:42] 調試模式: 開啟
[15:35:42] ✓ 手動 OSD mask 已建立: 原座標(0,460,470,80) -> scaled(0,460,470,20)
[15:35:42] ✓ OSD 遮罩視覺化已儲存:
[15:35:42]   - output_group\20230202\@@M20230203_021648_lulin_WB\debug_frames\osd_mask_scaled.png
[15:35:42]   - output_group\20230202\@@M20230203_021648_lulin_WB\debug_frames\osd_mask_fullres.png
[15:35:42]   - output_group\20230202\@@M20230203_021648_lulin_WB\debug_frames\osd_mask_visualization.jpg
[15:35:42]   [OSD 過濾] 3 -> 0 spots
[15:35:42]   [OSD 過濾] 4 -> 1 spots
[15:35:42]   [OSD 過濾] 4 -> 1 spots
[15:35:42]   [OSD 過濾] 4 -> 0 spots
[15:35:42]   [OSD 過濾] 7 -> 3 spots
[15:35:42]   [OSD 過濾] 5 -> 1 spots
[15:35:42]   [OSD 過濾] 3 -> 0 spots
[15:35:42]   [OSD 過濾] 4 -> 1 spots
[15:35:42]   [OSD 過濾] 6 -> 2 spots
[15:35:42]   [OSD 過濾] 5 -> 1 spots
[15:35:42]   [OSD 過濾] 4 -> 0 spots
[15:35:42]   [OSD 過濾] 5 -> 1 spots
[15:35:42]   [OSD 過濾] 6 -> 2 spots
[15:35:42]   [OSD 過濾] 6 -> 2 spots
[15:35:42]   [恆星過濾] Frame 15: 4 -> 3 spots
[15:35:42]   [OSD 過濾] 3 -> 0 spots
[15:35:42]   [恆星過濾] Frame 16: 4 -> 3 spots
[15:35:42]   [OSD 過濾] 3 -> 0 spots
[15:35:42]   [恆星過濾] Frame 17: 4 -> 3 spots
[15:35:42]   [OSD 過濾] 3 -> 0 spots
[15:35:42]   [恆星過濾] Frame 18: 3 -> 2 spots
[15:35:42]   [OSD 過濾] 2 -> 0 spots
[15:35:42]   [恆星過濾] Frame 19: 3 -> 2 spots
[15:35:42]   [OSD 過濾] 2 -> 0 spots
[15:35:42]   [恆星過濾] Frame 20: 6 -> 5 spots
[15:35:42]   [OSD 過濾] 5 -> 2 spots
[15:35:42]   [OSD 過濾] 5 -> 2 spots
[15:35:43]   [OSD 過濾] 4 -> 0 spots
[15:35:43]   [恆星過濾] Frame 23: 4 -> 3 spots
[15:35:43]   [OSD 過濾] 3 -> 0 spots
[15:35:43]   [恆星過濾] Frame 24: 4 -> 3 spots
[15:35:43]   [OSD 過濾] 3 -> 1 spots
[15:35:43]   [恆星過濾] Frame 25: 5 -> 2 spots
[15:35:43]   [恆星過濾] Frame 26: 3 -> 0 spots
[15:35:43]   [恆星過濾] Frame 27: 4 -> 3 spots
[15:35:43]   [OSD 過濾] 3 -> 0 spots
[15:35:43]   [恆星過濾] Frame 28: 4 -> 1 spots
[15:35:43]   [OSD 過濾] 1 -> 0 spots
[15:35:43]   [恆星過濾] Frame 29: 6 -> 4 spots
[15:35:43]   [OSD 過濾] 4 -> 2 spots
[15:35:43]   [恆星過濾] Frame 30: 9 -> 8 spots
[15:35:43]   [OSD 過濾] 8 -> 4 spots
[15:35:43]   [恆星過濾] Frame 31: 7 -> 6 spots
[15:35:43]   [OSD 過濾] 6 -> 2 spots
[15:35:43]   [恆星過濾] Frame 32: 10 -> 8 spots
[15:35:43]   [OSD 過濾] 8 -> 5 spots
[15:35:43]   [恆星過濾] Frame 33: 6 -> 4 spots
[15:35:43]   [OSD 過濾] 4 -> 2 spots
[15:35:43]   [恆星過濾] Frame 34: 7 -> 5 spots
[15:35:43]   [OSD 過濾] 5 -> 2 spots
[15:35:43]   [恆星過濾] Frame 35: 7 -> 4 spots
[15:35:43]   [OSD 過濾] 4 -> 2 spots
[15:35:43]   [恆星過濾] Frame 36: 9 -> 7 spots
[15:35:43]   [OSD 過濾] 7 -> 4 spots
[15:35:43]   [恆星過濾] Frame 37: 8 -> 6 spots
[15:35:43]   [OSD 過濾] 6 -> 4 spots
[15:35:43]   [恆星過濾] Frame 38: 6 -> 3 spots
[15:35:43]   [OSD 過濾] 3 -> 2 spots
[15:35:43]   [恆星過濾] Frame 39: 6 -> 4 spots
[15:35:43]   [OSD 過濾] 4 -> 2 spots
[15:35:43]   [恆星過濾] Frame 40: 7 -> 5 spots
[15:35:43]   [OSD 過濾] 5 -> 2 spots
[15:35:43]   [恆星過濾] Frame 41: 9 -> 7 spots
[15:35:43]   [OSD 過濾] 7 -> 4 spots
[15:35:43]   [恆星過濾] Frame 42: 6 -> 3 spots
[15:35:43]   [OSD 過濾] 3 -> 1 spots
[15:35:43]   [恆星過濾] Frame 43: 4 -> 1 spots
[15:35:43]   [OSD 過濾] 1 -> 0 spots
[15:35:43]   [恆星過濾] Frame 44: 5 -> 3 spots
[15:35:43]   [OSD 過濾] 3 -> 1 spots
[15:35:43]     [拒絕] Track 1: 點數太少
[15:35:43]   [恆星過濾] Frame 45: 3 -> 2 spots
[15:35:43]   [OSD 過濾] 2 -> 0 spots
[15:35:43]   [恆星過濾] Frame 46: 5 -> 2 spots
[15:35:43]   [OSD 過濾] 2 -> 1 spots
[15:35:43]   [恆星過濾] Frame 47: 6 -> 4 spots
[15:35:43]   [OSD 過濾] 4 -> 2 spots
[15:35:43]   [恆星過濾] Frame 48: 5 -> 2 spots
[15:35:43]     [拒絕] Track 2: 點數太少
[15:35:43]   [恆星過濾] Frame 49: 6 -> 4 spots
[15:35:43]   [OSD 過濾] 4 -> 2 spots
[15:35:43]   [恆星過濾] Frame 50: 4 -> 2 spots
[15:35:43]   [OSD 過濾] 2 -> 0 spots
[15:35:43] ✓ 流星 #1: 幀 32-39, 長度 41.7px, 品質 74.3
[15:35:43]   [恆星過濾] Frame 51: 5 -> 4 spots
[15:35:43]   [OSD 過濾] 4 -> 1 spots
[15:35:43]   [恆星過濾] Frame 52: 4 -> 2 spots
[15:35:43]   [OSD 過濾] 2 -> 0 spots
[15:35:43]   [恆星過濾] Frame 53: 5 -> 3 spots
[15:35:43]   [OSD 過濾] 3 -> 1 spots
[15:35:43]   [恆星過濾] Frame 54: 6 -> 4 spots
[15:35:43]   [OSD 過濾] 4 -> 2 spots
[15:35:43]   [恆星過濾] Frame 55: 5 -> 2 spots
[15:35:43]   [OSD 過濾] 2 -> 1 spots
[15:35:43]   [恆星過濾] Frame 56: 4 -> 0 spots
[15:35:43]   [恆星過濾] Frame 57: 4 -> 1 spots
[15:35:43]   [OSD 過濾] 1 -> 0 spots
[15:35:43]   [恆星過濾] Frame 58: 5 -> 1 spots
[15:35:43]   [恆星過濾] Frame 59: 5 -> 2 spots
[15:35:43]   [OSD 過濾] 2 -> 1 spots
[15:35:43]   [恆星過濾] Frame 60: 3 -> 2 spots
[15:35:43]   [OSD 過濾] 2 -> 0 spots
[15:35:43]   [恆星過濾] Frame 61: 4 -> 3 spots
[15:35:43]   [OSD 過濾] 3 -> 1 spots
[15:35:43]   [恆星過濾] Frame 62: 4 -> 0 spots
[15:35:43]   [恆星過濾] Frame 63: 5 -> 1 spots
[15:35:43]   [OSD 過濾] 1 -> 0 spots
[15:35:43]   [恆星過濾] Frame 64: 5 -> 1 spots
[15:35:43]   [OSD 過濾] 1 -> 0 spots
[15:35:44]   [恆星過濾] Frame 65: 5 -> 1 spots
[15:35:44]   [OSD 過濾] 1 -> 0 spots
[15:35:44]   [恆星過濾] Frame 66: 4 -> 1 spots
[15:35:44]   [OSD 過濾] 1 -> 0 spots
[15:35:44]   [恆星過濾] Frame 67: 4 -> 2 spots
[15:35:44]   [OSD 過濾] 2 -> 0 spots
[15:35:44]   [恆星過濾] Frame 68: 6 -> 3 spots
[15:35:44]   [OSD 過濾] 3 -> 2 spots
[15:35:44]   [恆星過濾] Frame 69: 3 -> 2 spots
[15:35:44]   [OSD 過濾] 2 -> 0 spots
[15:35:44] 
總共偵測到 1 顆流星
[15:35:44] 拒絕的軌跡: 2 條
[15:35:44] 場景切換次數: 0
[15:35:44] ✓ 拒絕分析已儲存: rejection_analysis.json
[15:35:44]   主要拒絕原因:
[15:35:44]     - 點數太少: 2 次
[15:35:44] ✓ 結果已儲存: output_group\20230202\@@M20230203_021648_lulin_WB\results.json
[15:35:44] 
開始生成標記影片...
[15:35:44] ✓ 標記影片已儲存: output_group\20230202\@@M20230203_021648_lulin_WB\@@M20230203_021648_lulin_WB_annotated.mp4
