Log start: 2025-11-29 15:35:52.242820
進階偵測模式: sensitivity=medium
光軌設定: length=3, mode=enhanced, proc_scale=1.0
[15:35:52] 套用 OSD bbox: (0, 460, 470, 80)
[15:35:52] ================================================================================
[15:35:52] 進階流星偵測系統（多層級 + 恆星過濾 + 品質評分 + OSD 遮罩）
[15:35:52] ================================================================================
[15:35:52] 影片: 20230202\@@M20230203_034257_lulin_WB.avi
[15:35:52] 總幀數: 66, FPS: 29.97
[15:35:52] 敏感度: medium (品質門檻: 10, 最小持續: 3幀)
[15:35:52] 光軌設定: length=3, mode=enhanced
[15:35:52] 調試模式: 開啟
[15:35:52] ✓ 手動 OSD mask 已建立: 原座標(0,460,470,80) -> scaled(0,460,470,20)
[15:35:52] ✓ OSD 遮罩視覺化已儲存:
[15:35:52]   - output_group\20230202\@@M20230203_034257_lulin_WB\debug_frames\osd_mask_scaled.png
[15:35:52]   - output_group\20230202\@@M20230203_034257_lulin_WB\debug_frames\osd_mask_fullres.png
[15:35:52]   - output_group\20230202\@@M20230203_034257_lulin_WB\debug_frames\osd_mask_visualization.jpg
[15:35:52]   [OSD 過濾] 3 -> 0 spots
[15:35:52]   [OSD 過濾] 3 -> 0 spots
[15:35:52]   [OSD 過濾] 3 -> 0 spots
[15:35:52]   [OSD 過濾] 4 -> 0 spots
[15:35:52]   [OSD 過濾] 5 -> 1 spots
[15:35:52]   [OSD 過濾] 4 -> 0 spots
[15:35:52]   [OSD 過濾] 5 -> 0 spots
[15:35:52]   [OSD 過濾] 5 -> 1 spots
[15:35:52]   [OSD 過濾] 5 -> 1 spots
[15:35:52]   [OSD 過濾] 3 -> 0 spots
[15:35:52]   [OSD 過濾] 3 -> 0 spots
[15:35:52]   [OSD 過濾] 4 -> 0 spots
[15:35:52]   [OSD 過濾] 4 -> 0 spots
[15:35:52]   [OSD 過濾] 4 -> 0 spots
[15:35:52]   [OSD 過濾] 4 -> 0 spots
[15:35:52]   [OSD 過濾] 3 -> 0 spots
[15:35:52]   [OSD 過濾] 3 -> 0 spots
[15:35:52]   [OSD 過濾] 5 -> 0 spots
[15:35:52]   [OSD 過濾] 4 -> 0 spots
[15:35:52]   [OSD 過濾] 5 -> 0 spots
[15:35:52]   [恆星過濾] Frame 21: 5 -> 4 spots
[15:35:52]   [OSD 過濾] 4 -> 1 spots
[15:35:52]   [恆星過濾] Frame 22: 6 -> 5 spots
[15:35:52]   [OSD 過濾] 5 -> 1 spots
[15:35:52]   [恆星過濾] Frame 23: 4 -> 1 spots
[15:35:52]   [OSD 過濾] 1 -> 0 spots
[15:35:52]   [恆星過濾] Frame 24: 6 -> 3 spots
[15:35:52]   [OSD 過濾] 3 -> 0 spots
[15:35:52]   [恆星過濾] Frame 25: 5 -> 1 spots
[15:35:52]   [OSD 過濾] 1 -> 0 spots
[15:35:52]   [恆星過濾] Frame 26: 5 -> 1 spots
[15:35:52]   [OSD 過濾] 1 -> 0 spots
[15:35:52]   [恆星過濾] Frame 27: 4 -> 1 spots
[15:35:52]   [OSD 過濾] 1 -> 0 spots
[15:35:52]   [恆星過濾] Frame 28: 5 -> 2 spots
[15:35:52]   [OSD 過濾] 2 -> 1 spots
[15:35:52]   [恆星過濾] Frame 29: 4 -> 1 spots
[15:35:52]   [OSD 過濾] 1 -> 0 spots
[15:35:52]   [恆星過濾] Frame 30: 5 -> 3 spots
[15:35:52]   [OSD 過濾] 3 -> 0 spots
[15:35:52]   [恆星過濾] Frame 31: 6 -> 5 spots
[15:35:52]   [OSD 過濾] 5 -> 1 spots
[15:35:52]   [恆星過濾] Frame 32: 5 -> 2 spots
[15:35:52]   [OSD 過濾] 2 -> 0 spots
[15:35:52]   [恆星過濾] Frame 33: 7 -> 5 spots
[15:35:52]   [OSD 過濾] 5 -> 2 spots
[15:35:52]   [恆星過濾] Frame 34: 5 -> 3 spots
[15:35:52]   [OSD 過濾] 3 -> 1 spots
[15:35:53]   [恆星過濾] Frame 35: 3 -> 2 spots
[15:35:53]   [OSD 過濾] 2 -> 0 spots
[15:35:53]   [恆星過濾] Frame 36: 6 -> 4 spots
[15:35:53]   [OSD 過濾] 4 -> 2 spots
[15:35:53]   [恆星過濾] Frame 37: 6 -> 4 spots
[15:35:53]   [OSD 過濾] 4 -> 1 spots
[15:35:53]   [恆星過濾] Frame 38: 5 -> 2 spots
[15:35:53]   [OSD 過濾] 2 -> 0 spots
[15:35:53]   [恆星過濾] Frame 39: 3 -> 2 spots
[15:35:53]   [OSD 過濾] 2 -> 0 spots
[15:35:53]   [恆星過濾] Frame 40: 4 -> 2 spots
[15:35:53]   [OSD 過濾] 2 -> 0 spots
[15:35:53]   [恆星過濾] Frame 41: 4 -> 2 spots
[15:35:53]   [OSD 過濾] 2 -> 0 spots
[15:35:53]   [恆星過濾] Frame 42: 4 -> 1 spots
[15:35:53]   [OSD 過濾] 1 -> 0 spots
[15:35:53]   [恆星過濾] Frame 43: 4 -> 1 spots
[15:35:53]   [OSD 過濾] 1 -> 0 spots
[15:35:53]   [恆星過濾] Frame 44: 3 -> 1 spots
[15:35:53]   [OSD 過濾] 1 -> 0 spots
[15:35:53]   [恆星過濾] Frame 45: 3 -> 0 spots
[15:35:53]     [拒絕] Track 0: 點數太少
[15:35:53]   [恆星過濾] Frame 46: 5 -> 1 spots
[15:35:53]   [恆星過濾] Frame 47: 4 -> 1 spots
[15:35:53]   [OSD 過濾] 1 -> 0 spots
[15:35:53]   [恆星過濾] Frame 48: 4 -> 0 spots
[15:35:53]   [恆星過濾] Frame 49: 4 -> 1 spots
[15:35:53]   [OSD 過濾] 1 -> 0 spots
[15:35:53]   [恆星過濾] Frame 50: 3 -> 1 spots
[15:35:53]   [OSD 過濾] 1 -> 0 spots
[15:35:53]   [恆星過濾] Frame 51: 3 -> 1 spots
[15:35:53]   [OSD 過濾] 1 -> 0 spots
[15:35:53]   [恆星過濾] Frame 52: 4 -> 1 spots
[15:35:53]   [恆星過濾] Frame 53: 4 -> 1 spots
[15:35:53]   [OSD 過濾] 1 -> 0 spots
[15:35:53]   [恆星過濾] Frame 54: 6 -> 4 spots
[15:35:53]   [OSD 過濾] 4 -> 1 spots
[15:35:53]   [恆星過濾] Frame 55: 5 -> 2 spots
[15:35:53]   [OSD 過濾] 2 -> 0 spots
[15:35:53]   [恆星過濾] Frame 56: 5 -> 2 spots
[15:35:53]   [OSD 過濾] 2 -> 1 spots
[15:35:53]   [恆星過濾] Frame 57: 5 -> 3 spots
[15:35:53]   [OSD 過濾] 3 -> 1 spots
[15:35:53]   [恆星過濾] Frame 58: 5 -> 2 spots
[15:35:53]   [OSD 過濾] 2 -> 1 spots
[15:35:53]   [OSD 過濾] 5 -> 2 spots
[15:35:53]   [恆星過濾] Frame 60: 3 -> 2 spots
[15:35:53]   [OSD 過濾] 2 -> 0 spots
[15:35:53]   [恆星過濾] Frame 61: 3 -> 2 spots
[15:35:53]   [OSD 過濾] 2 -> 0 spots
[15:35:53]   [恆星過濾] Frame 62: 3 -> 1 spots
[15:35:53]   [OSD 過濾] 1 -> 0 spots
[15:35:53]   [恆星過濾] Frame 63: 3 -> 0 spots
[15:35:53]   [恆星過濾] Frame 64: 4 -> 2 spots
[15:35:53]   [OSD 過濾] 2 -> 1 spots
[15:35:53]   [恆星過濾] Frame 65: 4 -> 2 spots
[15:35:53]   [OSD 過濾] 2 -> 1 spots
[15:35:53]     [拒絕] Track 1: 點數太少
[15:35:53] 
總共偵測到 0 顆流星
[15:35:53] 拒絕的軌跡: 2 條
[15:35:53] 場景切換次數: 0
[15:35:53] ✓ 拒絕分析已儲存: rejection_analysis.json
[15:35:53]   主要拒絕原因:
[15:35:53]     - 點數太少: 2 次
[15:35:53] ✓ 結果已儲存: output_group\20230202\@@M20230203_034257_lulin_WB\results.json
[15:35:53] ⚠️ 未偵測到流星
