[2025-11-26 00:46:08] 開始批次處理流星偵測
[2025-11-26 00:46:08] 輸入資料夾: group
[2025-11-26 00:46:08] 輸出資料夾: output_batch\group
[2025-11-26 00:46:08] 找到 5 個 AVI 檔案
[2025-11-26 00:46:08]   1. 1.avi
[2025-11-26 00:46:08]   2. 2.avi
[2025-11-26 00:46:08]   3. 3.avi
[2025-11-26 00:46:08]   4. 4.avi
[2025-11-26 00:46:08]   5. 5.avi
[2025-11-26 00:46:08] ================================================================================
[2025-11-26 00:46:08] 處理影片 [1/5]: 1.avi
[2025-11-26 00:46:08] ================================================================================
[2025-11-26 00:46:10] ✓ 完成: 偵測到 8 顆流星，耗時 2.2 秒
[2025-11-26 00:46:10] ================================================================================
[2025-11-26 00:46:10] 處理影片 [2/5]: 2.avi
[2025-11-26 00:46:10] ================================================================================
[2025-11-26 00:46:12] ✓ 完成: 偵測到 12 顆流星，耗時 2.1 秒
[2025-11-26 00:46:12] ================================================================================
[2025-11-26 00:46:12] 處理影片 [3/5]: 3.avi
[2025-11-26 00:46:12] ================================================================================
[2025-11-26 00:46:14] ✓ 完成: 偵測到 15 顆流星，耗時 2.1 秒
[2025-11-26 00:46:14] ================================================================================
[2025-11-26 00:46:14] 處理影片 [4/5]: 4.avi
[2025-11-26 00:46:14] ================================================================================
[2025-11-26 00:46:16] ✓ 完成: 偵測到 14 顆流星，耗時 2.0 秒
[2025-11-26 00:46:16] ================================================================================
[2025-11-26 00:46:16] 處理影片 [5/5]: 5.avi
[2025-11-26 00:46:16] ================================================================================
[2025-11-26 00:46:19] ✓ 完成: 偵測到 29 顆流星，耗時 2.6 秒
[2025-11-26 00:46:19] 
================================================================================
[2025-11-26 00:46:19] 批次處理完成
[2025-11-26 00:46:19] ================================================================================
[2025-11-26 00:46:19] 總影片數: 5
[2025-11-26 00:46:19] 成功: 5, 失敗: 0
[2025-11-26 00:46:19] 總偵測流星數: 78
[2025-11-26 00:46:19] 總耗時: 11.1 秒 (0.2 分鐘)
[2025-11-26 00:46:19] ✓ 總結報告已儲存: output_batch\group\batch_summary.json
[2025-11-26 00:46:19] 
詳細結果:
[2025-11-26 00:46:19]   1. 1.avi: 8 顆流星 (2.2s)
[2025-11-26 00:46:19]   2. 2.avi: 12 顆流星 (2.1s)
[2025-11-26 00:46:19]   3. 3.avi: 15 顆流星 (2.1s)
[2025-11-26 00:46:19]   4. 4.avi: 14 顆流星 (2.0s)
[2025-11-26 00:46:19]   5. 5.avi: 29 顆流星 (2.6s)
[2025-11-26 00:51:32] 批次處理將套用 OSD bbox: (0, 470, 550, 50)
[2025-11-26 00:51:32] 開始批次處理流星偵測
[2025-11-26 00:51:32] 輸入資料夾: group
[2025-11-26 00:51:32] 輸出資料夾: output_batch\group
[2025-11-26 00:51:32] 找到 5 個 AVI 檔案
[2025-11-26 00:51:32]   1. 1.avi
[2025-11-26 00:51:32]   2. 2.avi
[2025-11-26 00:51:32]   3. 3.avi
[2025-11-26 00:51:32]   4. 4.avi
[2025-11-26 00:51:32]   5. 5.avi
[2025-11-26 00:51:32] ================================================================================
[2025-11-26 00:51:32] 處理影片 [1/5]: 1.avi
[2025-11-26 00:51:32] ================================================================================
[2025-11-26 00:51:34] ✓ 完成: 偵測到 1 顆流星，耗時 2.1 秒
[2025-11-26 00:51:34] ================================================================================
[2025-11-26 00:51:34] 處理影片 [2/5]: 2.avi
[2025-11-26 00:51:34] ================================================================================
[2025-11-26 00:51:36] ✓ 完成: 偵測到 3 顆流星，耗時 2.1 秒
[2025-11-26 00:51:36] ================================================================================
[2025-11-26 00:51:36] 處理影片 [3/5]: 3.avi
[2025-11-26 00:51:36] ================================================================================
[2025-11-26 00:51:38] ✓ 完成: 偵測到 1 顆流星，耗時 2.2 秒
[2025-11-26 00:51:38] ================================================================================
[2025-11-26 00:51:38] 處理影片 [4/5]: 4.avi
[2025-11-26 00:51:38] ================================================================================
[2025-11-26 00:51:40] ✓ 完成: 偵測到 1 顆流星，耗時 1.9 秒
[2025-11-26 00:51:40] ================================================================================
[2025-11-26 00:51:40] 處理影片 [5/5]: 5.avi
[2025-11-26 00:51:40] ================================================================================
[2025-11-26 00:51:43] ✓ 完成: 偵測到 9 顆流星，耗時 2.4 秒
[2025-11-26 00:51:43] 
================================================================================
[2025-11-26 00:51:43] 批次處理完成
[2025-11-26 00:51:43] ================================================================================
[2025-11-26 00:51:43] 總影片數: 5
[2025-11-26 00:51:43] 成功: 5, 失敗: 0
[2025-11-26 00:51:43] 總偵測流星數: 15
[2025-11-26 00:51:43] 總耗時: 10.7 秒 (0.2 分鐘)
[2025-11-26 00:51:43] ✓ 總結報告已儲存: output_batch\group\batch_summary.json
[2025-11-26 00:51:43] 
詳細結果:
[2025-11-26 00:51:43]   1. 1.avi: 1 顆流星 (2.1s)
[2025-11-26 00:51:43]   2. 2.avi: 3 顆流星 (2.1s)
[2025-11-26 00:51:43]   3. 3.avi: 1 顆流星 (2.2s)
[2025-11-26 00:51:43]   4. 4.avi: 1 顆流星 (1.9s)
[2025-11-26 00:51:43]   5. 5.avi: 9 顆流星 (2.4s)
