Log start: 2025-11-08 11:33:07.363734
[11:33:07] ================================================================================
[11:33:07] 整合版流星偵測系統 - Kalman + 增強驗證 + 回溯合併
[11:33:07] ================================================================================
[11:33:07] 影片: taiwan.mp4
[11:33:07] 總幀數: 1965, FPS: 30.00
[11:33:07] 參數: movement_check=10幀, min_movement=2px
[11:33:07] 處理進度: 100/1965, 活躍軌跡: 1, 已偵測流星: 0
[11:33:07] 處理進度: 200/1965, 活躍軌跡: 4, 已偵測流星: 0
[11:33:07] ✓ 流星 #1: 幀 183-192 (時間 6.1s-6.4s), 長度 36.3px, 速度 4.0px/frame, 點數 10
[11:33:07] ✓ 流星 #1: 幀 169-196 (時間 5.6s-6.5s), 長度 36.7px, 速度 1.4px/frame, 點數 22
[11:33:07] ✓ 流星 #1: 幀 187-207 (時間 6.2s-6.9s), 長度 39.5px, 速度 2.0px/frame, 點數 14
[11:33:07] 處理進度: 300/1965, 活躍軌跡: 0, 已偵測流星: 1
[11:33:07] ✓ 流星 #2: 幀 319-323 (時間 10.6s-10.8s), 長度 10.3px, 速度 2.6px/frame, 點數 5
[11:33:07] 處理進度: 400/1965, 活躍軌跡: 0, 已偵測流星: 2
[11:33:08] 處理進度: 500/1965, 活躍軌跡: 0, 已偵測流星: 2
[11:33:08] ✓ 流星 #3: 幀 556-583 (時間 18.5s-19.4s), 長度 53.7px, 速度 2.0px/frame, 點數 12
[11:33:08] ✓ 流星 #3: 幀 553-584 (時間 18.4s-19.5s), 長度 54.6px, 速度 1.8px/frame, 點數 12
[11:33:08] 處理進度: 600/1965, 活躍軌跡: 6, 已偵測流星: 3
[11:33:08] ✓ 流星 #4: 幀 585-593 (時間 19.5s-19.8s), 長度 25.4px, 速度 3.2px/frame, 點數 9
[11:33:08] ✓ 流星 #4: 幀 586-593 (時間 19.5s-19.8s), 長度 31.8px, 速度 4.5px/frame, 點數 8
[11:33:08] ✓ 流星 #4: 幀 597-602 (時間 19.9s-20.1s), 長度 20.2px, 速度 4.0px/frame, 點數 6
[11:33:08] ✓ 流星 #4: 幀 601-606 (時間 20.0s-20.2s), 長度 18.1px, 速度 3.6px/frame, 點數 5
[11:33:08] 處理進度: 700/1965, 活躍軌跡: 0, 已偵測流星: 4
[11:33:08] 處理進度: 800/1965, 活躍軌跡: 7, 已偵測流星: 4
[11:33:08] ✓ 流星 #5: 幀 780-794 (時間 26.0s-26.5s), 長度 68.7px, 速度 4.9px/frame, 點數 12
[11:33:08] 處理進度: 900/1965, 活躍軌跡: 0, 已偵測流星: 5
[11:33:08] 處理進度: 1000/1965, 活躍軌跡: 5, 已偵測流星: 5
[11:33:08] ✓ 流星 #6: 幀 990-1000 (時間 33.0s-33.3s), 長度 31.3px, 速度 3.1px/frame, 點數 8
[11:33:08] ✓ 流星 #6: 幀 997-1014 (時間 33.2s-33.8s), 長度 24.3px, 速度 1.4px/frame, 點數 8
[11:33:08] 處理進度: 1100/1965, 活躍軌跡: 0, 已偵測流星: 6
[11:33:08] ✓ 流星 #7: 幀 1124-1127 (時間 37.5s-37.6s), 長度 13.5px, 速度 4.5px/frame, 點數 4
[11:33:08] ✓ 流星 #7: 幀 1125-1130 (時間 37.5s-37.7s), 長度 12.1px, 速度 2.4px/frame, 點數 6
[11:33:09] 處理進度: 1200/1965, 活躍軌跡: 0, 已偵測流星: 7
[11:33:09] 處理進度: 1300/1965, 活躍軌跡: 0, 已偵測流星: 7
[11:33:09] 處理進度: 1400/1965, 活躍軌跡: 0, 已偵測流星: 7
[11:33:09] 處理進度: 1500/1965, 活躍軌跡: 2, 已偵測流星: 7
[11:33:09] 處理進度: 1600/1965, 活躍軌跡: 0, 已偵測流星: 7
[11:33:09] 
總共偵測到 7 顆流星
[11:33:09] 場景切換次數: 267
[11:33:09] ✓ 結果已儲存: output_integrated\taiwan\results.json
[11:33:09] 
開始生成標記影片...
[11:33:10]   標記進度: 100/1965
[11:33:10]   標記進度: 200/1965
[11:33:10]   標記進度: 300/1965
[11:33:10]   標記進度: 400/1965
[11:33:10]   標記進度: 500/1965
[11:33:10]   標記進度: 600/1965
[11:33:11]   標記進度: 700/1965
[11:33:11]   標記進度: 800/1965
[11:33:11]   標記進度: 900/1965
[11:33:11]   標記進度: 1000/1965
[11:33:11]   標記進度: 1100/1965
[11:33:11]   標記進度: 1200/1965
[11:33:11]   標記進度: 1300/1965
[11:33:12]   標記進度: 1400/1965
[11:33:12]   標記進度: 1500/1965
[11:33:12]   標記進度: 1600/1965
[11:33:12]   標記進度: 1700/1965
[11:33:12]   標記進度: 1800/1965
[11:33:12]   標記進度: 1900/1965
[11:33:13] ✓ 標記影片已儲存: output_integrated\taiwan\taiwan_annotated.mp4
