Log start: 2025-11-29 15:35:36.657913
進階偵測模式: sensitivity=medium
光軌設定: length=3, mode=enhanced, proc_scale=1.0
[15:35:36] 套用 OSD bbox: (0, 460, 470, 80)
[15:35:36] ================================================================================
[15:35:36] 進階流星偵測系統（多層級 + 恆星過濾 + 品質評分 + OSD 遮罩）
[15:35:36] ================================================================================
[15:35:36] 影片: 20230202\@@M20230202_220940_lulin_WB.avi
[15:35:36] 總幀數: 72, FPS: 29.97
[15:35:36] 敏感度: medium (品質門檻: 10, 最小持續: 3幀)
[15:35:36] 光軌設定: length=3, mode=enhanced
[15:35:36] 調試模式: 開啟
[15:35:36] ✓ 手動 OSD mask 已建立: 原座標(0,460,470,80) -> scaled(0,460,470,20)
[15:35:36] ✓ OSD 遮罩視覺化已儲存:
[15:35:36]   - output_group\20230202\@@M20230202_220940_lulin_WB\debug_frames\osd_mask_scaled.png
[15:35:36]   - output_group\20230202\@@M20230202_220940_lulin_WB\debug_frames\osd_mask_fullres.png
[15:35:36]   - output_group\20230202\@@M20230202_220940_lulin_WB\debug_frames\osd_mask_visualization.jpg
[15:35:36]   [OSD 過濾] 3 -> 0 spots
[15:35:36]   [OSD 過濾] 3 -> 0 spots
[15:35:36]   [OSD 過濾] 3 -> 0 spots
[15:35:36]   [OSD 過濾] 5 -> 1 spots
[15:35:36]   [OSD 過濾] 5 -> 1 spots
[15:35:36]   [OSD 過濾] 4 -> 0 spots
[15:35:36]   [OSD 過濾] 4 -> 0 spots
[15:35:36]   [OSD 過濾] 5 -> 1 spots
[15:35:36]   [OSD 過濾] 4 -> 0 spots
[15:35:36]   [OSD 過濾] 4 -> 0 spots
[15:35:36]   [OSD 過濾] 4 -> 0 spots
[15:35:36]   [OSD 過濾] 4 -> 0 spots
[15:35:36]   [OSD 過濾] 4 -> 0 spots
[15:35:36]   [OSD 過濾] 3 -> 0 spots
[15:35:37]   [OSD 過濾] 4 -> 0 spots
[15:35:37]   [OSD 過濾] 4 -> 0 spots
[15:35:37]     [拒絕] Track 0: 點數太少
[15:35:37]   [恆星過濾] Frame 17: 4 -> 3 spots
[15:35:37]   [OSD 過濾] 3 -> 0 spots
[15:35:37]   [OSD 過濾] 3 -> 1 spots
[15:35:37]   [恆星過濾] Frame 19: 5 -> 3 spots
[15:35:37]   [OSD 過濾] 3 -> 1 spots
[15:35:37]   [恆星過濾] Frame 20: 4 -> 2 spots
[15:35:37]   [OSD 過濾] 2 -> 0 spots
[15:35:37]   [恆星過濾] Frame 21: 5 -> 3 spots
[15:35:37]   [OSD 過濾] 3 -> 1 spots
[15:35:37]   [恆星過濾] Frame 22: 4 -> 2 spots
[15:35:37]   [OSD 過濾] 2 -> 0 spots
[15:35:37]   [恆星過濾] Frame 23: 4 -> 0 spots
[15:35:37]   [恆星過濾] Frame 24: 4 -> 0 spots
[15:35:37]   [恆星過濾] Frame 25: 4 -> 0 spots
[15:35:37]   [恆星過濾] Frame 26: 5 -> 1 spots
[15:35:37]   [恆星過濾] Frame 27: 5 -> 2 spots
[15:35:37]   [OSD 過濾] 2 -> 1 spots
[15:35:37]   [恆星過濾] Frame 28: 5 -> 1 spots
[15:35:37]   [恆星過濾] Frame 29: 4 -> 1 spots
[15:35:37]   [OSD 過濾] 1 -> 0 spots
[15:35:37]   [恆星過濾] Frame 30: 5 -> 4 spots
[15:35:37]   [OSD 過濾] 4 -> 0 spots
[15:35:37]   [恆星過濾] Frame 31: 5 -> 3 spots
[15:35:37]   [OSD 過濾] 3 -> 0 spots
[15:35:37]   [恆星過濾] Frame 32: 5 -> 3 spots
[15:35:37]   [OSD 過濾] 3 -> 0 spots
[15:35:37]   [恆星過濾] Frame 33: 5 -> 3 spots
[15:35:37]   [OSD 過濾] 3 -> 1 spots
[15:35:37]   [恆星過濾] Frame 34: 5 -> 3 spots
[15:35:37]   [OSD 過濾] 3 -> 1 spots
[15:35:37]   [恆星過濾] Frame 35: 5 -> 3 spots
[15:35:37]   [OSD 過濾] 3 -> 1 spots
[15:35:37]   [恆星過濾] Frame 36: 5 -> 2 spots
[15:35:37]   [OSD 過濾] 2 -> 1 spots
[15:35:37]   [恆星過濾] Frame 37: 5 -> 3 spots
[15:35:37]   [OSD 過濾] 3 -> 1 spots
[15:35:37]   [恆星過濾] Frame 38: 6 -> 4 spots
[15:35:37]   [OSD 過濾] 4 -> 2 spots
[15:35:37]   [恆星過濾] Frame 39: 5 -> 4 spots
[15:35:37]   [OSD 過濾] 4 -> 1 spots
[15:35:37]     [拒絕] Track 1: 靜止點 (0.0px)
[15:35:37]   [恆星過濾] Frame 40: 5 -> 4 spots
[15:35:37]   [OSD 過濾] 4 -> 1 spots
[15:35:37]   [恆星過濾] Frame 41: 6 -> 5 spots
[15:35:37]   [OSD 過濾] 5 -> 2 spots
[15:35:37]   [恆星過濾] Frame 42: 5 -> 4 spots
[15:35:37]   [OSD 過濾] 4 -> 2 spots
[15:35:37]   [恆星過濾] Frame 43: 6 -> 4 spots
[15:35:37]   [OSD 過濾] 4 -> 2 spots
[15:35:37]   [恆星過濾] Frame 44: 7 -> 5 spots
[15:35:37]   [OSD 過濾] 5 -> 3 spots
[15:35:37]   [恆星過濾] Frame 45: 4 -> 2 spots
[15:35:37]   [OSD 過濾] 2 -> 1 spots
[15:35:37]   [恆星過濾] Frame 46: 6 -> 3 spots
[15:35:37]   [OSD 過濾] 3 -> 2 spots
[15:35:37]   [恆星過濾] Frame 47: 5 -> 3 spots
[15:35:37]   [OSD 過濾] 3 -> 1 spots
[15:35:37]   [恆星過濾] Frame 48: 4 -> 1 spots
[15:35:37]   [OSD 過濾] 1 -> 0 spots
[15:35:37]   [恆星過濾] Frame 49: 4 -> 2 spots
[15:35:37]   [OSD 過濾] 2 -> 1 spots
[15:35:37] ✓ 流星 #1: 幀 35-38, 長度 3.7px, 品質 59.6
[15:35:37]   [恆星過濾] Frame 50: 3 -> 1 spots
[15:35:37]   [OSD 過濾] 1 -> 0 spots
[15:35:37]   [恆星過濾] Frame 51: 3 -> 1 spots
[15:35:37]   [OSD 過濾] 1 -> 0 spots
[15:35:37]   [恆星過濾] Frame 52: 4 -> 1 spots
[15:35:37]   [恆星過濾] Frame 53: 3 -> 0 spots
[15:35:37]   [恆星過濾] Frame 54: 3 -> 1 spots
[15:35:37]   [OSD 過濾] 1 -> 0 spots
[15:35:37]   [恆星過濾] Frame 55: 4 -> 2 spots
[15:35:37]   [OSD 過濾] 2 -> 1 spots
[15:35:37]     [拒絕] Track 4: 靜止點 (0.0px)
[15:35:37]   [恆星過濾] Frame 56: 4 -> 2 spots
[15:35:37]   [OSD 過濾] 2 -> 1 spots
[15:35:37]   [恆星過濾] Frame 57: 3 -> 1 spots
[15:35:37]   [OSD 過濾] 1 -> 0 spots
[15:35:38]   [恆星過濾] Frame 58: 4 -> 1 spots
[15:35:38] ✓ 流星 #2: 幀 39-47, 長度 13.8px, 品質 75.6
[15:35:38]   [恆星過濾] Frame 59: 4 -> 2 spots
[15:35:38]   [OSD 過濾] 2 -> 1 spots
[15:35:38]   [恆星過濾] Frame 60: 3 -> 2 spots
[15:35:38]   [OSD 過濾] 2 -> 0 spots
[15:35:38]   [恆星過濾] Frame 61: 3 -> 2 spots
[15:35:38]   [OSD 過濾] 2 -> 0 spots
[15:35:38]   [恆星過濾] Frame 62: 4 -> 2 spots
[15:35:38]   [OSD 過濾] 2 -> 1 spots
[15:35:38]   [恆星過濾] Frame 63: 4 -> 3 spots
[15:35:38]   [OSD 過濾] 3 -> 1 spots
[15:35:38]   [恆星過濾] Frame 64: 4 -> 2 spots
[15:35:38]   [OSD 過濾] 2 -> 0 spots
[15:35:38]   [恆星過濾] Frame 65: 4 -> 2 spots
[15:35:38]   [OSD 過濾] 2 -> 0 spots
[15:35:38]   [恆星過濾] Frame 66: 4 -> 1 spots
[15:35:38]   [OSD 過濾] 1 -> 0 spots
[15:35:38]   [恆星過濾] Frame 67: 4 -> 2 spots
[15:35:38]   [OSD 過濾] 2 -> 0 spots
[15:35:38]   [恆星過濾] Frame 68: 4 -> 0 spots
[15:35:38]   [恆星過濾] Frame 69: 3 -> 1 spots
[15:35:38]   [OSD 過濾] 1 -> 0 spots
[15:35:38]   [恆星過濾] Frame 70: 3 -> 1 spots
[15:35:38]   [OSD 過濾] 1 -> 0 spots
[15:35:38]   [恆星過濾] Frame 71: 4 -> 2 spots
[15:35:38]   [OSD 過濾] 2 -> 0 spots
[15:35:38]     [拒絕] Track 5: 靜止點 (1.0px)
[15:35:38] 
總共偵測到 2 顆流星
[15:35:38] 拒絕的軌跡: 4 條
[15:35:38] 場景切換次數: 0
[15:35:38] ✓ 拒絕分析已儲存: rejection_analysis.json
[15:35:38]   主要拒絕原因:
[15:35:38]     - 靜止點 (0.0px): 2 次
[15:35:38]     - 點數太少: 1 次
[15:35:38]     - 靜止點 (1.0px): 1 次
[15:35:38] ✓ 結果已儲存: output_group\20230202\@@M20230202_220940_lulin_WB\results.json
[15:35:38] 
開始生成標記影片...
[15:35:38] ✓ 標記影片已儲存: output_group\20230202\@@M20230202_220940_lulin_WB\@@M20230202_220940_lulin_WB_annotated.mp4
