Log start: 2025-11-29 15:35:56.935490
進階偵測模式: sensitivity=medium
光軌設定: length=3, mode=enhanced, proc_scale=1.0
[15:35:56] 套用 OSD bbox: (0, 460, 470, 80)
[15:35:56] ================================================================================
[15:35:56] 進階流星偵測系統（多層級 + 恆星過濾 + 品質評分 + OSD 遮罩）
[15:35:56] ================================================================================
[15:35:56] 影片: 20230202\M20230203_021050_lulin_WB.avi
[15:35:56] 總幀數: 62, FPS: 29.97
[15:35:56] 敏感度: medium (品質門檻: 10, 最小持續: 3幀)
[15:35:56] 光軌設定: length=3, mode=enhanced
[15:35:56] 調試模式: 開啟
[15:35:56] ✓ 手動 OSD mask 已建立: 原座標(0,460,470,80) -> scaled(0,460,470,20)
[15:35:56] ✓ OSD 遮罩視覺化已儲存:
[15:35:56]   - output_group\20230202\M20230203_021050_lulin_WB\debug_frames\osd_mask_scaled.png
[15:35:56]   - output_group\20230202\M20230203_021050_lulin_WB\debug_frames\osd_mask_fullres.png
[15:35:56]   - output_group\20230202\M20230203_021050_lulin_WB\debug_frames\osd_mask_visualization.jpg
[15:35:56]   [OSD 過濾] 2 -> 0 spots
[15:35:56]   [OSD 過濾] 3 -> 1 spots
[15:35:57]   [OSD 過濾] 6 -> 3 spots
[15:35:57]   [OSD 過濾] 3 -> 0 spots
[15:35:57]   [OSD 過濾] 3 -> 0 spots
[15:35:57]   [OSD 過濾] 4 -> 1 spots
[15:35:57]   [OSD 過濾] 3 -> 0 spots
[15:35:57]   [OSD 過濾] 5 -> 1 spots
[15:35:57]   [OSD 過濾] 5 -> 1 spots
[15:35:57]   [OSD 過濾] 5 -> 0 spots
[15:35:57]   [OSD 過濾] 6 -> 2 spots
[15:35:57]   [OSD 過濾] 5 -> 1 spots
[15:35:57]   [OSD 過濾] 6 -> 2 spots
[15:35:57]   [OSD 過濾] 4 -> 0 spots
[15:35:57]     [拒絕] Track 0: 點數太少
[15:35:57]   [OSD 過濾] 4 -> 0 spots
[15:35:57]   [OSD 過濾] 4 -> 0 spots
[15:35:57]   [恆星過濾] Frame 17: 4 -> 3 spots
[15:35:57]   [OSD 過濾] 3 -> 0 spots
[15:35:57]   [恆星過濾] Frame 18: 4 -> 3 spots
[15:35:57]   [OSD 過濾] 3 -> 0 spots
[15:35:57]   [恆星過濾] Frame 19: 5 -> 4 spots
[15:35:57]   [OSD 過濾] 4 -> 1 spots
[15:35:57]   [恆星過濾] Frame 20: 4 -> 3 spots
[15:35:57]   [OSD 過濾] 3 -> 0 spots
[15:35:57]   [恆星過濾] Frame 21: 4 -> 3 spots
[15:35:57]   [OSD 過濾] 3 -> 0 spots
[15:35:57]   [恆星過濾] Frame 22: 6 -> 5 spots
[15:35:57]   [OSD 過濾] 5 -> 2 spots
[15:35:57]   [恆星過濾] Frame 23: 4 -> 3 spots
[15:35:57]   [OSD 過濾] 3 -> 1 spots
[15:35:57]   [恆星過濾] Frame 24: 5 -> 3 spots
[15:35:57]   [OSD 過濾] 3 -> 2 spots
[15:35:57]   [恆星過濾] Frame 25: 5 -> 3 spots
[15:35:57]   [OSD 過濾] 3 -> 2 spots
[15:35:57]   [恆星過濾] Frame 26: 5 -> 3 spots
[15:35:57]   [OSD 過濾] 3 -> 2 spots
[15:35:57]   [OSD 過濾] 4 -> 1 spots
[15:35:57]   [恆星過濾] Frame 28: 3 -> 2 spots
[15:35:57]   [OSD 過濾] 2 -> 0 spots
[15:35:57]   [恆星過濾] Frame 29: 5 -> 4 spots
[15:35:57]   [OSD 過濾] 4 -> 2 spots
[15:35:57]   [恆星過濾] Frame 30: 7 -> 5 spots
[15:35:57]   [OSD 過濾] 5 -> 2 spots
[15:35:57]   [恆星過濾] Frame 31: 7 -> 5 spots
[15:35:57]   [OSD 過濾] 5 -> 2 spots
[15:35:57]   [恆星過濾] Frame 32: 6 -> 3 spots
[15:35:57]   [OSD 過濾] 3 -> 1 spots
[15:35:57]   [恆星過濾] Frame 33: 7 -> 4 spots
[15:35:57]   [OSD 過濾] 4 -> 2 spots
[15:35:57]   [恆星過濾] Frame 34: 5 -> 3 spots
[15:35:57]   [OSD 過濾] 3 -> 0 spots
[15:35:57]   [恆星過濾] Frame 35: 3 -> 1 spots
[15:35:57]   [OSD 過濾] 1 -> 0 spots
[15:35:57]   [恆星過濾] Frame 36: 4 -> 2 spots
[15:35:57]   [OSD 過濾] 2 -> 1 spots
[15:35:57]   [恆星過濾] Frame 37: 5 -> 3 spots
[15:35:57]   [OSD 過濾] 3 -> 2 spots
[15:35:57]   [恆星過濾] Frame 38: 6 -> 3 spots
[15:35:57]   [OSD 過濾] 3 -> 2 spots
[15:35:57]   [恆星過濾] Frame 39: 9 -> 7 spots
[15:35:57]   [OSD 過濾] 7 -> 5 spots
[15:35:57]   [恆星過濾] Frame 40: 4 -> 2 spots
[15:35:57]   [OSD 過濾] 2 -> 0 spots
[15:35:57]   [恆星過濾] Frame 41: 3 -> 2 spots
[15:35:57]   [OSD 過濾] 2 -> 0 spots
[15:35:57]   [恆星過濾] Frame 42: 4 -> 1 spots
[15:35:57]   [OSD 過濾] 1 -> 0 spots
[15:35:57]   [恆星過濾] Frame 43: 5 -> 2 spots
[15:35:57]   [OSD 過濾] 2 -> 1 spots
[15:35:57]   [恆星過濾] Frame 44: 4 -> 2 spots
[15:35:57]   [OSD 過濾] 2 -> 1 spots
[15:35:57]   [恆星過濾] Frame 45: 4 -> 1 spots
[15:35:57]   [OSD 過濾] 1 -> 0 spots
[15:35:57]   [恆星過濾] Frame 46: 5 -> 3 spots
[15:35:57]   [OSD 過濾] 3 -> 2 spots
[15:35:58]   [恆星過濾] Frame 47: 4 -> 3 spots
[15:35:58]   [OSD 過濾] 3 -> 1 spots
[15:35:58]   [恆星過濾] Frame 48: 4 -> 2 spots
[15:35:58]   [OSD 過濾] 2 -> 1 spots
[15:35:58]     [拒絕] Track 1: 點數太少
[15:35:58]   [恆星過濾] Frame 49: 5 -> 4 spots
[15:35:58]   [OSD 過濾] 4 -> 1 spots
[15:35:58]   [恆星過濾] Frame 50: 6 -> 5 spots
[15:35:58]   [OSD 過濾] 5 -> 2 spots
[15:35:58]   [恆星過濾] Frame 51: 7 -> 6 spots
[15:35:58]   [OSD 過濾] 6 -> 3 spots
[15:35:58]   [恆星過濾] Frame 52: 6 -> 3 spots
[15:35:58]   [OSD 過濾] 3 -> 2 spots
[15:35:58]   [恆星過濾] Frame 53: 7 -> 4 spots
[15:35:58]   [OSD 過濾] 4 -> 3 spots
[15:35:58]   [恆星過濾] Frame 54: 9 -> 6 spots
[15:35:58]   [OSD 過濾] 6 -> 5 spots
[15:35:58]   [恆星過濾] Frame 55: 5 -> 2 spots
[15:35:58]   [OSD 過濾] 2 -> 1 spots
[15:35:58]   [恆星過濾] Frame 56: 4 -> 2 spots
[15:35:58]   [OSD 過濾] 2 -> 0 spots
[15:35:58]   [恆星過濾] Frame 57: 4 -> 3 spots
[15:35:58]   [OSD 過濾] 3 -> 0 spots
[15:35:58]   [恆星過濾] Frame 58: 5 -> 3 spots
[15:35:58]   [OSD 過濾] 3 -> 1 spots
[15:35:58]   [恆星過濾] Frame 59: 6 -> 4 spots
[15:35:58]   [OSD 過濾] 4 -> 2 spots
[15:35:58]   [恆星過濾] Frame 60: 4 -> 1 spots
[15:35:58]   [OSD 過濾] 1 -> 0 spots
[15:35:58]   [恆星過濾] Frame 61: 4 -> 3 spots
[15:35:58]   [OSD 過濾] 3 -> 1 spots
[15:35:58]     [拒絕] Track 2: 點數太少
[15:35:58] 
總共偵測到 0 顆流星
[15:35:58] 拒絕的軌跡: 3 條
[15:35:58] 場景切換次數: 0
[15:35:58] ✓ 拒絕分析已儲存: rejection_analysis.json
[15:35:58]   主要拒絕原因:
[15:35:58]     - 點數太少: 3 次
[15:35:58] ✓ 結果已儲存: output_group\20230202\M20230203_021050_lulin_WB\results.json
[15:35:58] ⚠️ 未偵測到流星
