Log start: 2025-11-29 15:35:53.701331
進階偵測模式: sensitivity=medium
光軌設定: length=3, mode=enhanced, proc_scale=1.0
[15:35:53] 套用 OSD bbox: (0, 460, 470, 80)
[15:35:53] ================================================================================
[15:35:53] 進階流星偵測系統（多層級 + 恆星過濾 + 品質評分 + OSD 遮罩）
[15:35:53] ================================================================================
[15:35:53] 影片: 20230202\@@M20230203_055543_lulin_WB.avi
[15:35:53] 總幀數: 63, FPS: 29.97
[15:35:53] 敏感度: medium (品質門檻: 10, 最小持續: 3幀)
[15:35:53] 光軌設定: length=3, mode=enhanced
[15:35:53] 調試模式: 開啟
[15:35:53] ✓ 手動 OSD mask 已建立: 原座標(0,460,470,80) -> scaled(0,460,470,20)
[15:35:53] ✓ OSD 遮罩視覺化已儲存:
[15:35:53]   - output_group\20230202\@@M20230203_055543_lulin_WB\debug_frames\osd_mask_scaled.png
[15:35:53]   - output_group\20230202\@@M20230203_055543_lulin_WB\debug_frames\osd_mask_fullres.png
[15:35:53]   - output_group\20230202\@@M20230203_055543_lulin_WB\debug_frames\osd_mask_visualization.jpg
[15:35:53]   [OSD 過濾] 4 -> 2 spots
[15:35:53]   [OSD 過濾] 6 -> 4 spots
[15:35:53]   [OSD 過濾] 7 -> 4 spots
[15:35:53]   [OSD 過濾] 9 -> 6 spots
[15:35:53]   [OSD 過濾] 5 -> 2 spots
[15:35:53]   [OSD 過濾] 11 -> 7 spots
[15:35:53]   [OSD 過濾] 8 -> 4 spots
[15:35:53]   [OSD 過濾] 11 -> 7 spots
[15:35:53]   [OSD 過濾] 7 -> 2 spots
[15:35:53]   [OSD 過濾] 7 -> 3 spots
[15:35:53]   [OSD 過濾] 8 -> 4 spots
[15:35:53]   [OSD 過濾] 7 -> 3 spots
[15:35:54]   [OSD 過濾] 8 -> 4 spots
[15:35:54]   [OSD 過濾] 12 -> 8 spots
[15:35:54]   [OSD 過濾] 9 -> 6 spots
[15:35:54]   [OSD 過濾] 9 -> 6 spots
[15:35:54]   [OSD 過濾] 6 -> 3 spots
[15:35:54]   [恆星過濾] Frame 18: 8 -> 7 spots
[15:35:54]   [OSD 過濾] 7 -> 5 spots
[15:35:54]   [OSD 過濾] 9 -> 5 spots
[15:35:54]   [恆星過濾] Frame 20: 9 -> 8 spots
[15:35:54]   [OSD 過濾] 8 -> 4 spots
[15:35:54]   [恆星過濾] Frame 21: 12 -> 11 spots
[15:35:54]   [OSD 過濾] 11 -> 7 spots
[15:35:54]   [恆星過濾] Frame 22: 11 -> 9 spots
[15:35:54]   [OSD 過濾] 9 -> 6 spots
[15:35:54]   [恆星過濾] Frame 23: 11 -> 9 spots
[15:35:54]   [OSD 過濾] 9 -> 5 spots
[15:35:54]   [恆星過濾] Frame 24: 13 -> 11 spots
[15:35:54]   [OSD 過濾] 11 -> 8 spots
[15:35:54]   [恆星過濾] Frame 25: 12 -> 10 spots
[15:35:54]   [OSD 過濾] 10 -> 7 spots
[15:35:54]   [恆星過濾] Frame 26: 11 -> 8 spots
[15:35:54]   [OSD 過濾] 8 -> 6 spots
[15:35:54]   [恆星過濾] Frame 27: 7 -> 5 spots
[15:35:54]   [OSD 過濾] 5 -> 4 spots
[15:35:54]   [恆星過濾] Frame 28: 13 -> 10 spots
[15:35:54]   [OSD 過濾] 10 -> 9 spots
[15:35:54]   [恆星過濾] Frame 29: 11 -> 8 spots
[15:35:54]   [OSD 過濾] 8 -> 7 spots
[15:35:54]   [恆星過濾] Frame 30: 14 -> 12 spots
[15:35:54]   [OSD 過濾] 12 -> 8 spots
[15:35:54]   [恆星過濾] Frame 31: 10 -> 8 spots
[15:35:54]   [OSD 過濾] 8 -> 5 spots
[15:35:54]   [恆星過濾] Frame 32: 9 -> 6 spots
[15:35:54]   [OSD 過濾] 6 -> 4 spots
[15:35:54]   [恆星過濾] Frame 33: 11 -> 8 spots
[15:35:54]   [OSD 過濾] 8 -> 6 spots
[15:35:54]   [恆星過濾] Frame 34: 7 -> 4 spots
[15:35:54]   [OSD 過濾] 4 -> 2 spots
[15:35:54]   [恆星過濾] Frame 35: 10 -> 7 spots
[15:35:54]   [OSD 過濾] 7 -> 5 spots
[15:35:54]   [恆星過濾] Frame 36: 9 -> 5 spots
[15:35:54]   [恆星過濾] Frame 37: 7 -> 3 spots
[15:35:54]   [恆星過濾] Frame 38: 13 -> 9 spots
[15:35:54]   [恆星過濾] Frame 39: 10 -> 8 spots
[15:35:54]   [OSD 過濾] 8 -> 4 spots
[15:35:54]   [恆星過濾] Frame 40: 8 -> 6 spots
[15:35:54]   [OSD 過濾] 6 -> 4 spots
[15:35:54]   [恆星過濾] Frame 41: 9 -> 8 spots
[15:35:54]   [OSD 過濾] 8 -> 6 spots
[15:35:54]   [恆星過濾] Frame 42: 5 -> 2 spots
[15:35:54]   [恆星過濾] Frame 43: 13 -> 11 spots
[15:35:54]   [OSD 過濾] 11 -> 10 spots
[15:35:54]   [恆星過濾] Frame 44: 9 -> 7 spots
[15:35:54]   [OSD 過濾] 7 -> 6 spots
[15:35:54]   [恆星過濾] Frame 45: 10 -> 7 spots
[15:35:54]   [OSD 過濾] 7 -> 6 spots
[15:35:54]   [恆星過濾] Frame 46: 6 -> 2 spots
[15:35:54] ✓ 流星 #1: 幀 31-35, 長度 12.7px, 品質 67.6
[15:35:54]   [恆星過濾] Frame 47: 5 -> 1 spots
[15:35:54]   [恆星過濾] Frame 48: 12 -> 8 spots
[15:35:54]   [OSD 過濾] 8 -> 6 spots
[15:35:54]   [恆星過濾] Frame 49: 13 -> 10 spots
[15:35:54]   [OSD 過濾] 10 -> 8 spots
[15:35:54]   [恆星過濾] Frame 50: 11 -> 8 spots
[15:35:54]   [OSD 過濾] 8 -> 6 spots
[15:35:54]   [恆星過濾] Frame 51: 12 -> 11 spots
[15:35:54]   [OSD 過濾] 11 -> 8 spots
[15:35:54]   [恆星過濾] Frame 52: 11 -> 8 spots
[15:35:54]   [OSD 過濾] 8 -> 7 spots
[15:35:54]   [恆星過濾] Frame 53: 11 -> 9 spots
[15:35:54]   [OSD 過濾] 9 -> 7 spots
[15:35:54]   [恆星過濾] Frame 54: 7 -> 5 spots
[15:35:54]   [OSD 過濾] 5 -> 3 spots
[15:35:54]   [恆星過濾] Frame 55: 8 -> 5 spots
[15:35:54]   [OSD 過濾] 5 -> 2 spots
[15:35:55]   [恆星過濾] Frame 56: 11 -> 7 spots
[15:35:55]   [恆星過濾] Frame 57: 6 -> 2 spots
[15:35:55]   [恆星過濾] Frame 58: 9 -> 5 spots
[15:35:55]   [恆星過濾] Frame 59: 9 -> 6 spots
[15:35:55]   [OSD 過濾] 6 -> 5 spots
[15:35:55]   [恆星過濾] Frame 60: 12 -> 9 spots
[15:35:55]   [OSD 過濾] 9 -> 8 spots
[15:35:55]   [恆星過濾] Frame 61: 13 -> 10 spots
[15:35:55]   [OSD 過濾] 10 -> 9 spots
[15:35:55]   [恆星過濾] Frame 62: 7 -> 4 spots
[15:35:55]     [拒絕] Track 1: 點數太少
[15:35:55] 
總共偵測到 1 顆流星
[15:35:55] 拒絕的軌跡: 1 條
[15:35:55] 場景切換次數: 0
[15:35:55] ✓ 拒絕分析已儲存: rejection_analysis.json
[15:35:55]   主要拒絕原因:
[15:35:55]     - 點數太少: 1 次
[15:35:55] ✓ 結果已儲存: output_group\20230202\@@M20230203_055543_lulin_WB\results.json
[15:35:55] 
開始生成標記影片...
[15:35:55] ✓ 標記影片已儲存: output_group\20230202\@@M20230203_055543_lulin_WB\@@M20230203_055543_lulin_WB_annotated.mp4
