Log start: 2025-11-29 15:35:38.630520
進階偵測模式: sensitivity=medium
光軌設定: length=3, mode=enhanced, proc_scale=1.0
[15:35:38] 套用 OSD bbox: (0, 460, 470, 80)
[15:35:38] ================================================================================
[15:35:38] 進階流星偵測系統（多層級 + 恆星過濾 + 品質評分 + OSD 遮罩）
[15:35:38] ================================================================================
[15:35:38] 影片: 20230202\@@M20230202_233651_lulin_WB.avi
[15:35:38] 總幀數: 74, FPS: 29.97
[15:35:38] 敏感度: medium (品質門檻: 10, 最小持續: 3幀)
[15:35:38] 光軌設定: length=3, mode=enhanced
[15:35:38] 調試模式: 開啟
[15:35:38] ✓ 手動 OSD mask 已建立: 原座標(0,460,470,80) -> scaled(0,460,470,20)
[15:35:38] ✓ OSD 遮罩視覺化已儲存:
[15:35:38]   - output_group\20230202\@@M20230202_233651_lulin_WB\debug_frames\osd_mask_scaled.png
[15:35:38]   - output_group\20230202\@@M20230202_233651_lulin_WB\debug_frames\osd_mask_fullres.png
[15:35:38]   - output_group\20230202\@@M20230202_233651_lulin_WB\debug_frames\osd_mask_visualization.jpg
[15:35:38]   [OSD 過濾] 2 -> 0 spots
[15:35:38]   [OSD 過濾] 4 -> 1 spots
[15:35:38]   [OSD 過濾] 3 -> 0 spots
[15:35:38]   [OSD 過濾] 4 -> 1 spots
[15:35:38]   [OSD 過濾] 3 -> 0 spots
[15:35:38]   [OSD 過濾] 4 -> 1 spots
[15:35:38]   [OSD 過濾] 3 -> 0 spots
[15:35:38]   [OSD 過濾] 3 -> 0 spots
[15:35:38]   [OSD 過濾] 3 -> 0 spots
[15:35:38]   [OSD 過濾] 4 -> 0 spots
[15:35:38]   [OSD 過濾] 5 -> 1 spots
[15:35:38]   [OSD 過濾] 5 -> 1 spots
[15:35:38]   [OSD 過濾] 4 -> 0 spots
[15:35:38]   [OSD 過濾] 5 -> 1 spots
[15:35:38]   [OSD 過濾] 4 -> 0 spots
[15:35:38]   [恆星過濾] Frame 16: 4 -> 3 spots
[15:35:38]   [OSD 過濾] 3 -> 0 spots
[15:35:39]   [恆星過濾] Frame 17: 6 -> 5 spots
[15:35:39]   [OSD 過濾] 5 -> 2 spots
[15:35:39]   [恆星過濾] Frame 18: 4 -> 3 spots
[15:35:39]   [OSD 過濾] 3 -> 1 spots
[15:35:39]   [OSD 過濾] 2 -> 0 spots
[15:35:39]   [恆星過濾] Frame 20: 4 -> 3 spots
[15:35:39]   [OSD 過濾] 3 -> 1 spots
[15:35:39]   [恆星過濾] Frame 21: 3 -> 1 spots
[15:35:39]   [OSD 過濾] 1 -> 0 spots
[15:35:39]   [恆星過濾] Frame 22: 5 -> 3 spots
[15:35:39]   [OSD 過濾] 3 -> 2 spots
[15:35:39]   [恆星過濾] Frame 23: 4 -> 1 spots
[15:35:39]   [恆星過濾] Frame 24: 4 -> 2 spots
[15:35:39]   [OSD 過濾] 2 -> 1 spots
[15:35:39]   [恆星過濾] Frame 25: 3 -> 1 spots
[15:35:39]   [OSD 過濾] 1 -> 0 spots
[15:35:39]   [恆星過濾] Frame 26: 4 -> 2 spots
[15:35:39]   [OSD 過濾] 2 -> 0 spots
[15:35:39]   [恆星過濾] Frame 27: 4 -> 3 spots
[15:35:39]   [OSD 過濾] 3 -> 0 spots
[15:35:39]   [恆星過濾] Frame 28: 4 -> 2 spots
[15:35:39]   [OSD 過濾] 2 -> 0 spots
[15:35:39]   [OSD 過濾] 4 -> 0 spots
[15:35:39]   [OSD 過濾] 7 -> 2 spots
[15:35:39]   [恆星過濾] Frame 31: 5 -> 4 spots
[15:35:39]   [OSD 過濾] 4 -> 1 spots
[15:35:39]   [恆星過濾] Frame 32: 6 -> 4 spots
[15:35:39]   [OSD 過濾] 4 -> 1 spots
[15:35:39]   [恆星過濾] Frame 33: 6 -> 4 spots
[15:35:39]   [OSD 過濾] 4 -> 2 spots
[15:35:39]   [恆星過濾] Frame 34: 6 -> 4 spots
[15:35:39]   [OSD 過濾] 4 -> 2 spots
[15:35:39]   [恆星過濾] Frame 35: 5 -> 3 spots
[15:35:39]   [OSD 過濾] 3 -> 1 spots
[15:35:39]   [恆星過濾] Frame 36: 5 -> 3 spots
[15:35:39]   [OSD 過濾] 3 -> 1 spots
[15:35:39]   [恆星過濾] Frame 37: 7 -> 6 spots
[15:35:39]   [OSD 過濾] 6 -> 3 spots
[15:35:39]   [恆星過濾] Frame 38: 5 -> 3 spots
[15:35:39]   [OSD 過濾] 3 -> 1 spots
[15:35:39]   [恆星過濾] Frame 39: 5 -> 4 spots
[15:35:39]   [OSD 過濾] 4 -> 1 spots
[15:35:39]   [恆星過濾] Frame 40: 6 -> 5 spots
[15:35:39]   [OSD 過濾] 5 -> 1 spots
[15:35:39]   [恆星過濾] Frame 41: 7 -> 6 spots
[15:35:39]   [OSD 過濾] 6 -> 2 spots
[15:35:39]   [恆星過濾] Frame 42: 7 -> 5 spots
[15:35:39]   [OSD 過濾] 5 -> 2 spots
[15:35:39]   [恆星過濾] Frame 43: 5 -> 4 spots
[15:35:39]   [OSD 過濾] 4 -> 2 spots
[15:35:39]   [恆星過濾] Frame 44: 6 -> 3 spots
[15:35:39]   [OSD 過濾] 3 -> 1 spots
[15:35:39]   [恆星過濾] Frame 45: 5 -> 3 spots
[15:35:39]   [OSD 過濾] 3 -> 1 spots
[15:35:39] ✓ 流星 #1: 幀 31-34, 長度 4.2px, 品質 64.4
[15:35:39]   [恆星過濾] Frame 46: 7 -> 5 spots
[15:35:39]   [OSD 過濾] 5 -> 2 spots
[15:35:39]   [恆星過濾] Frame 47: 8 -> 7 spots
[15:35:39]   [OSD 過濾] 7 -> 4 spots
[15:35:39]   [恆星過濾] Frame 48: 3 -> 1 spots
[15:35:39]   [OSD 過濾] 1 -> 0 spots
[15:35:39]   [恆星過濾] Frame 49: 3 -> 2 spots
[15:35:39]   [OSD 過濾] 2 -> 0 spots
[15:35:39]   [恆星過濾] Frame 50: 6 -> 5 spots
[15:35:39]   [OSD 過濾] 5 -> 2 spots
[15:35:39]   [恆星過濾] Frame 51: 6 -> 5 spots
[15:35:39]   [OSD 過濾] 5 -> 2 spots
[15:35:39]   [恆星過濾] Frame 52: 6 -> 4 spots
[15:35:39]   [OSD 過濾] 4 -> 2 spots
[15:35:39]   [恆星過濾] Frame 53: 8 -> 6 spots
[15:35:39]   [OSD 過濾] 6 -> 4 spots
[15:35:39]   [恆星過濾] Frame 54: 5 -> 3 spots
[15:35:39]   [OSD 過濾] 3 -> 2 spots
[15:35:39]   [恆星過濾] Frame 55: 5 -> 3 spots
[15:35:39]   [OSD 過濾] 3 -> 2 spots
[15:35:39]   [恆星過濾] Frame 56: 3 -> 1 spots
[15:35:39]   [OSD 過濾] 1 -> 0 spots
[15:35:39]   [恆星過濾] Frame 57: 3 -> 2 spots
[15:35:39]   [OSD 過濾] 2 -> 0 spots
[15:35:39]   [恆星過濾] Frame 58: 7 -> 6 spots
[15:35:39]   [OSD 過濾] 6 -> 4 spots
[15:35:39] ✓ 流星 #2: 幀 35-47, 長度 31.6px, 品質 84.0
[15:35:40]   [OSD 過濾] 5 -> 2 spots
[15:35:40]   [OSD 過濾] 5 -> 1 spots
[15:35:40]   [恆星過濾] Frame 61: 5 -> 4 spots
[15:35:40]   [OSD 過濾] 4 -> 1 spots
[15:35:40]   [恆星過濾] Frame 62: 5 -> 3 spots
[15:35:40]   [OSD 過濾] 3 -> 1 spots
[15:35:40]   [恆星過濾] Frame 63: 4 -> 2 spots
[15:35:40]   [OSD 過濾] 2 -> 0 spots
[15:35:40]   [恆星過濾] Frame 64: 5 -> 3 spots
[15:35:40]   [OSD 過濾] 3 -> 1 spots
[15:35:40]   [恆星過濾] Frame 65: 4 -> 2 spots
[15:35:40]   [OSD 過濾] 2 -> 0 spots
[15:35:40]   [恆星過濾] Frame 66: 5 -> 3 spots
[15:35:40]   [OSD 過濾] 3 -> 1 spots
[15:35:40]   [恆星過濾] Frame 67: 3 -> 2 spots
[15:35:40]   [OSD 過濾] 2 -> 0 spots
[15:35:40]   [恆星過濾] Frame 68: 7 -> 4 spots
[15:35:40]   [OSD 過濾] 4 -> 3 spots
[15:35:40]   [恆星過濾] Frame 69: 5 -> 3 spots
[15:35:40]   [OSD 過濾] 3 -> 1 spots
[15:35:40]   [恆星過濾] Frame 70: 6 -> 3 spots
[15:35:40]   [OSD 過濾] 3 -> 2 spots
[15:35:40]   [恆星過濾] Frame 71: 6 -> 5 spots
[15:35:40]   [OSD 過濾] 5 -> 2 spots
[15:35:40]   [恆星過濾] Frame 72: 6 -> 4 spots
[15:35:40]   [OSD 過濾] 4 -> 2 spots
[15:35:40]   [恆星過濾] Frame 73: 7 -> 5 spots
[15:35:40]   [OSD 過濾] 5 -> 3 spots
[15:35:40] 
總共偵測到 3 顆流星
[15:35:40] 拒絕的軌跡: 0 條
[15:35:40] 場景切換次數: 0
[15:35:40] ✓ 結果已儲存: output_group\20230202\@@M20230202_233651_lulin_WB\results.json
[15:35:40] 
開始生成標記影片...
[15:35:40] ✓ 標記影片已儲存: output_group\20230202\@@M20230202_233651_lulin_WB\@@M20230202_233651_lulin_WB_annotated.mp4
