Log start: 2025-11-08 11:54:18.193613
光鬼設定: length=5, mode=enhanced
[11:54:18] ================================================================================
[11:54:18] 光鬼增強版流星偵測系統
[11:54:18] ================================================================================
[11:54:18] 影片: taiwan.mp4
[11:54:18] 總幀數: 1965, FPS: 30.00
[11:54:18] 光鬼設定: length=5, mode=enhanced
[11:54:18] 參數: movement_check=2幀, min_movement=2px
[11:54:18] ✓ 流星 #1: 幀 53-53 (時間 1.8s-1.8s), 長度 14.0px, 速度 14.0px/frame, 點數 2
[11:54:18] ✓ 流星 #2: 幀 53-53 (時間 1.8s-1.8s), 長度 8.0px, 速度 8.0px/frame, 點數 2
[11:54:18] ✓ 流星 #3: 幀 53-53 (時間 1.8s-1.8s), 長度 6.1px, 速度 6.1px/frame, 點數 2
[11:54:18] ✓ 流星 #4: 幀 53-53 (時間 1.8s-1.8s), 長度 30.0px, 速度 30.0px/frame, 點數 2
[11:54:18] ✓ 流星 #5: 幀 53-53 (時間 1.8s-1.8s), 長度 11.0px, 速度 11.0px/frame, 點數 2
[11:54:18] ✓ 流星 #6: 幀 53-53 (時間 1.8s-1.8s), 長度 12.0px, 速度 12.0px/frame, 點數 2
[11:54:18] ✓ 流星 #7: 幀 53-53 (時間 1.8s-1.8s), 長度 7.0px, 速度 7.0px/frame, 點數 2
[11:54:18] ✓ 流星 #8: 幀 53-53 (時間 1.8s-1.8s), 長度 8.0px, 速度 8.0px/frame, 點數 2
[11:54:18] ✓ 流星 #9: 幀 53-53 (時間 1.8s-1.8s), 長度 14.4px, 速度 14.4px/frame, 點數 2
[11:54:18] ✓ 流星 #10: 幀 53-53 (時間 1.8s-1.8s), 長度 12.1px, 速度 12.1px/frame, 點數 2
[11:54:18] ✓ 流星 #11: 幀 53-53 (時間 1.8s-1.8s), 長度 9.8px, 速度 9.8px/frame, 點數 2
[11:54:18] ✓ 流星 #12: 幀 53-53 (時間 1.8s-1.8s), 長度 17.7px, 速度 17.7px/frame, 點數 2
[11:54:18] ✓ 流星 #13: 幀 53-53 (時間 1.8s-1.8s), 長度 8.5px, 速度 8.5px/frame, 點數 2
[11:54:18] ✓ 流星 #14: 幀 53-53 (時間 1.8s-1.8s), 長度 20.5px, 速度 20.5px/frame, 點數 2
[11:54:18] ✓ 流星 #15: 幀 53-53 (時間 1.8s-1.8s), 長度 15.3px, 速度 15.3px/frame, 點數 2
[11:54:18] ✓ 流星 #16: 幀 53-53 (時間 1.8s-1.8s), 長度 8.1px, 速度 8.1px/frame, 點數 2
[11:54:18] ✓ 流星 #17: 幀 53-53 (時間 1.8s-1.8s), 長度 8.2px, 速度 8.2px/frame, 點數 2
[11:54:18] ✓ 流星 #18: 幀 53-53 (時間 1.8s-1.8s), 長度 10.0px, 速度 10.0px/frame, 點數 2
[11:54:18] ✓ 流星 #19: 幀 53-53 (時間 1.8s-1.8s), 長度 12.0px, 速度 12.0px/frame, 點數 2
[11:54:18] ✓ 流星 #20: 幀 53-53 (時間 1.8s-1.8s), 長度 8.2px, 速度 8.2px/frame, 點數 2
[11:54:18] ✓ 流星 #21: 幀 53-53 (時間 1.8s-1.8s), 長度 10.0px, 速度 10.0px/frame, 點數 2
[11:54:18] ✓ 流星 #22: 幀 53-53 (時間 1.8s-1.8s), 長度 11.0px, 速度 11.0px/frame, 點數 2
[11:54:18] ✓ 流星 #23: 幀 53-53 (時間 1.8s-1.8s), 長度 11.0px, 速度 11.0px/frame, 點數 2
[11:54:18] ✓ 流星 #24: 幀 53-53 (時間 1.8s-1.8s), 長度 10.0px, 速度 10.0px/frame, 點數 2
[11:54:18] ✓ 流星 #25: 幀 53-53 (時間 1.8s-1.8s), 長度 11.0px, 速度 11.0px/frame, 點數 2
[11:54:18] ✓ 流星 #26: 幀 53-53 (時間 1.8s-1.8s), 長度 10.0px, 速度 10.0px/frame, 點數 2
[11:54:19] 處理進度: 100/1965, 活躍軌跡: 2, 已偵測流星: 26
[11:54:19] 處理進度: 200/1965, 活躍軌跡: 4, 已偵測流星: 26
[11:54:19] ✓ 流星 #27: 幀 180-196 (時間 6.0s-6.5s), 長度 43.5px, 速度 2.7px/frame, 點數 9
[11:54:19] ✓ 流星 #28: 幀 169-197 (時間 5.6s-6.6s), 長度 40.8px, 速度 1.5px/frame, 點數 24
[11:54:19] ✓ 流星 #29: 幀 198-211 (時間 6.6s-7.0s), 長度 20.5px, 速度 1.6px/frame, 點數 12
[11:54:19] ✓ 流星 #30: 幀 188-212 (時間 6.3s-7.1s), 長度 38.5px, 速度 1.6px/frame, 點數 14
[11:54:20] 處理進度: 300/1965, 活躍軌跡: 6, 已偵測流星: 30
[11:54:20] ✓ 流星 #31: 幀 276-282 (時間 9.2s-9.4s), 長度 11.2px, 速度 1.9px/frame, 點數 4
[11:54:20] ✓ 流星 #32: 幀 305-318 (時間 10.2s-10.6s), 長度 44.5px, 速度 3.4px/frame, 點數 15
[11:54:20] ✓ 流星 #33: 幀 322-336 (時間 10.7s-11.2s), 長度 13.7px, 速度 1.0px/frame, 點數 15
[11:54:20] 處理進度: 400/1965, 活躍軌跡: 0, 已偵測流星: 33
[11:54:21] ✓ 流星 #34: 幀 439-454 (時間 14.6s-15.1s), 長度 22.6px, 速度 1.5px/frame, 點數 16
[11:54:21] 處理進度: 500/1965, 活躍軌跡: 0, 已偵測流星: 34
[11:54:22] ✓ 流星 #35: 幀 553-558 (時間 18.4s-18.6s), 長度 7.6px, 速度 1.5px/frame, 點數 6
[11:54:22] ✓ 流星 #36: 幀 570-577 (時間 19.0s-19.2s), 長度 11.1px, 速度 1.6px/frame, 點數 7
[11:54:22] 處理進度: 600/1965, 活躍軌跡: 11, 已偵測流星: 36
[11:54:22] ✓ 流星 #37: 幀 569-579 (時間 19.0s-19.3s), 長度 51.3px, 速度 5.1px/frame, 點數 8
[11:54:22] ✓ 流星 #38: 幀 571-586 (時間 19.0s-19.5s), 長度 61.8px, 速度 4.1px/frame, 點數 11
[11:54:22] ✓ 流星 #39: 幀 587-590 (時間 19.6s-19.7s), 長度 6.5px, 速度 2.2px/frame, 點數 4
[11:54:22] ✓ 流星 #40: 幀 556-591 (時間 18.5s-19.7s), 長度 61.5px, 速度 1.8px/frame, 點數 16
[11:54:22] ✓ 流星 #41: 幀 559-594 (時間 18.6s-19.8s), 長度 75.7px, 速度 2.2px/frame, 點數 16
[11:54:22] ✓ 流星 #42: 幀 592-599 (時間 19.7s-20.0s), 長度 20.0px, 速度 2.9px/frame, 點數 8
[11:54:22] ✓ 流星 #43: 幀 595-599 (時間 19.8s-20.0s), 長度 5.6px, 速度 1.4px/frame, 點數 5
[11:54:22] ✓ 流星 #44: 幀 593-602 (時間 19.8s-20.1s), 長度 18.7px, 速度 2.1px/frame, 點數 9
[11:54:22] ✓ 流星 #45: 幀 597-602 (時間 19.9s-20.1s), 長度 5.6px, 速度 1.1px/frame, 點數 6
[11:54:22] ✓ 流星 #46: 幀 593-607 (時間 19.8s-20.2s), 長度 32.0px, 速度 2.3px/frame, 點數 12
[11:54:22] ✓ 流星 #47: 幀 577-608 (時間 19.2s-20.3s), 長度 50.9px, 速度 1.6px/frame, 點數 9
[11:54:22] 處理進度: 700/1965, 活躍軌跡: 0, 已偵測流星: 47
[11:54:23] 處理進度: 800/1965, 活躍軌跡: 7, 已偵測流星: 47
[11:54:23] ✓ 流星 #48: 幀 783-786 (時間 26.1s-26.2s), 長度 8.5px, 速度 2.8px/frame, 點數 4
[11:54:23] ✓ 流星 #49: 幀 783-793 (時間 26.1s-26.4s), 長度 76.0px, 速度 7.6px/frame, 點數 10
[11:54:23] ✓ 流星 #50: 幀 784-795 (時間 26.1s-26.5s), 長度 59.7px, 速度 5.4px/frame, 點數 11
[11:54:23] ✓ 流星 #51: 幀 791-804 (時間 26.4s-26.8s), 長度 48.1px, 速度 3.7px/frame, 點數 7
[11:54:24] 處理進度: 900/1965, 活躍軌跡: 3, 已偵測流星: 51
[11:54:24] 處理進度: 1000/1965, 活躍軌跡: 6, 已偵測流星: 51
[11:54:24] ✓ 流星 #52: 幀 987-993 (時間 32.9s-33.1s), 長度 33.9px, 速度 5.6px/frame, 點數 8
[11:54:25] ✓ 流星 #53: 幀 995-1003 (時間 33.2s-33.4s), 長度 30.5px, 速度 3.8px/frame, 點數 9
[11:54:25] ✓ 流星 #54: 幀 1007-1018 (時間 33.6s-33.9s), 長度 8.7px, 速度 0.8px/frame, 點數 6
[11:54:25] ✓ 流星 #55: 幀 988-1020 (時間 32.9s-34.0s), 長度 34.7px, 速度 1.1px/frame, 點數 12
[11:54:25] 處理進度: 1100/1965, 活躍軌跡: 0, 已偵測流星: 55
[11:54:25] ✓ 流星 #56: 幀 1119-1130 (時間 37.3s-37.7s), 長度 30.5px, 速度 2.8px/frame, 點數 8
[11:54:25] ✓ 流星 #57: 幀 1126-1137 (時間 37.5s-37.9s), 長度 11.6px, 速度 1.1px/frame, 點數 5
[11:54:26] 處理進度: 1200/1965, 活躍軌跡: 0, 已偵測流星: 57
[11:54:26] 處理進度: 1300/1965, 活躍軌跡: 0, 已偵測流星: 57
[11:54:27] 處理進度: 1400/1965, 活躍軌跡: 0, 已偵測流星: 57
[11:54:27] 處理進度: 1500/1965, 活躍軌跡: 2, 已偵測流星: 57
[11:54:28] 處理進度: 1600/1965, 活躍軌跡: 0, 已偵測流星: 57
[11:54:29] 處理進度: 1700/1965, 活躍軌跡: 3, 已偵測流星: 57
[11:54:29] ✓ 流星 #58: 幀 1670-1686 (時間 55.7s-56.2s), 長度 13.7px, 速度 0.9px/frame, 點數 13
[11:54:42] 處理進度: 1800/1965, 活躍軌跡: 176, 已偵測流星: 58
[11:54:42] ✓ 流星 #59: 幀 1798-1798 (時間 59.9s-59.9s), 長度 9.9px, 速度 9.9px/frame, 點數 2
[11:54:42] ✓ 流星 #60: 幀 1798-1798 (時間 59.9s-59.9s), 長度 16.5px, 速度 16.5px/frame, 點數 2
[11:54:42] ✓ 流星 #61: 幀 1798-1798 (時間 59.9s-59.9s), 長度 7.1px, 速度 7.1px/frame, 點數 2
[11:54:42] ✓ 流星 #62: 幀 1798-1798 (時間 59.9s-59.9s), 長度 18.0px, 速度 18.0px/frame, 點數 2
[11:54:42] ✓ 流星 #63: 幀 1798-1798 (時間 59.9s-59.9s), 長度 6.7px, 速度 6.7px/frame, 點數 2
[11:54:42] ✓ 流星 #64: 幀 1798-1798 (時間 59.9s-59.9s), 長度 22.0px, 速度 22.0px/frame, 點數 2
[11:54:42] ✓ 流星 #65: 幀 1798-1798 (時間 59.9s-59.9s), 長度 11.4px, 速度 11.4px/frame, 點數 2
[11:54:42] ✓ 流星 #66: 幀 1798-1798 (時間 59.9s-59.9s), 長度 13.4px, 速度 13.4px/frame, 點數 2
[11:54:42] ✓ 流星 #67: 幀 1798-1798 (時間 59.9s-59.9s), 長度 11.2px, 速度 11.2px/frame, 點數 2
[11:54:42] ✓ 流星 #68: 幀 1798-1798 (時間 59.9s-59.9s), 長度 17.0px, 速度 17.0px/frame, 點數 2
[11:54:42] ✓ 流星 #69: 幀 1798-1798 (時間 59.9s-59.9s), 長度 15.3px, 速度 15.3px/frame, 點數 2
[11:54:42] ✓ 流星 #70: 幀 1798-1798 (時間 59.9s-59.9s), 長度 8.1px, 速度 8.1px/frame, 點數 2
[11:54:42] ✓ 流星 #71: 幀 1798-1798 (時間 59.9s-59.9s), 長度 27.5px, 速度 27.5px/frame, 點數 2
[11:54:42] ✓ 流星 #72: 幀 1798-1798 (時間 59.9s-59.9s), 長度 9.1px, 速度 9.1px/frame, 點數 2
[11:54:42] ✓ 流星 #73: 幀 1798-1798 (時間 59.9s-59.9s), 長度 14.0px, 速度 14.0px/frame, 點數 2
[11:54:42] ✓ 流星 #74: 幀 1798-1798 (時間 59.9s-59.9s), 長度 17.0px, 速度 17.0px/frame, 點數 2
[11:54:42] ✓ 流星 #75: 幀 1798-1798 (時間 59.9s-59.9s), 長度 10.6px, 速度 10.6px/frame, 點數 2
[11:54:42] ✓ 流星 #76: 幀 1798-1798 (時間 59.9s-59.9s), 長度 15.7px, 速度 15.7px/frame, 點數 2
[11:54:42] ✓ 流星 #77: 幀 1798-1798 (時間 59.9s-59.9s), 長度 18.4px, 速度 18.4px/frame, 點數 2
[11:54:42] ✓ 流星 #78: 幀 1798-1798 (時間 59.9s-59.9s), 長度 8.5px, 速度 8.5px/frame, 點數 2
[11:54:42] ✓ 流星 #79: 幀 1798-1798 (時間 59.9s-59.9s), 長度 11.0px, 速度 11.0px/frame, 點數 2
[11:54:42] ✓ 流星 #80: 幀 1798-1798 (時間 59.9s-59.9s), 長度 11.0px, 速度 11.0px/frame, 點數 2
[11:54:42] ✓ 流星 #81: 幀 1798-1798 (時間 59.9s-59.9s), 長度 10.0px, 速度 10.0px/frame, 點數 2
[11:54:42] ✓ 流星 #82: 幀 1798-1798 (時間 59.9s-59.9s), 長度 8.9px, 速度 8.9px/frame, 點數 2
[11:54:42] ✓ 流星 #83: 幀 1798-1798 (時間 59.9s-59.9s), 長度 9.2px, 速度 9.2px/frame, 點數 2
[11:54:42] ✓ 流星 #84: 幀 1798-1798 (時間 59.9s-59.9s), 長度 8.1px, 速度 8.1px/frame, 點數 2
[11:54:42] ✓ 流星 #85: 幀 1798-1802 (時間 59.9s-60.1s), 長度 12.0px, 速度 3.0px/frame, 點數 6
[11:54:44] 
開始合併重複偵測的流星...
[11:54:44] ✓ 合併了 40 組重複流星
[11:54:44] 合併前: 85 顆 → 合併後: 45 顆
[11:54:44] 
總共偵測到 45 顆流星
[11:54:44] 場景切換次數: 115
[11:54:44] ✓ 結果已儲存: output_light_trail\taiwan\results.json
[11:54:44] 
開始生成標記影片...
[11:54:45]   標記進度: 100/1965
[11:54:45]   標記進度: 200/1965
[11:54:46]   標記進度: 300/1965
[11:54:46]   標記進度: 400/1965
[11:54:47]   標記進度: 500/1965
[11:54:48]   標記進度: 600/1965
[11:54:48]   標記進度: 700/1965
[11:54:49]   標記進度: 800/1965
[11:54:49]   標記進度: 900/1965
[11:54:50]   標記進度: 1000/1965
[11:54:50]   標記進度: 1100/1965
[11:54:51]   標記進度: 1200/1965
[11:54:51]   標記進度: 1300/1965
[11:54:52]   標記進度: 1400/1965
[11:54:52]   標記進度: 1500/1965
[11:54:53]   標記進度: 1600/1965
[11:54:54]   標記進度: 1700/1965
[11:54:54]   標記進度: 1800/1965
[11:54:55]   標記進度: 1900/1965
[11:54:55] ✓ 標記影片已儲存: output_light_trail\taiwan\taiwan_annotated.mp4
