Log start: 2025-11-26 00:28:16.490913
進階偵測模式: sensitivity=medium
光軌設定: length=3, mode=enhanced, proc_scale=1.0
[00:28:16] 手動設定 OSD bbox: (0, 470, 550, 50)
[00:28:16] ================================================================================
[00:28:16] 進階流星偵測系統（多層級 + 恆星過濾 + 品質評分 + OSD 遮罩）
[00:28:16] ================================================================================
[00:28:16] 影片: 1.avi
[00:28:16] 總幀數: 67, FPS: 29.97
[00:28:16] 敏感度: medium (品質門檻: 10, 最小持續: 3幀)
[00:28:16] 光軌設定: length=3, mode=enhanced
[00:28:16] ✓ 手動 OSD mask 已建立: 原座標(0,470,550,50) -> scaled(0,470,550,10)
[00:28:17] ✓ 流星 #1: 幀 33-36, 長度 7.0px, 品質 59.3
[00:28:18] 
總共偵測到 1 顆流星
[00:28:18] 拒絕的軌跡: 1 條
[00:28:18] 場景切換次數: 0
[00:28:18] ✓ 結果已儲存: output_advanced\1\results.json
[00:28:18] 
開始生成標記影片...
[00:28:18] ✓ 標記影片已儲存: output_advanced\1\1_annotated.mp4
