Log start: 2025-11-13 10:39:26.307430
進階偵測模式: sensitivity=medium
光軌設定: length=3, mode=enhanced, proc_scale=1.0
[10:39:26] ================================================================================
[10:39:26] 進階流星偵測系統（多層級 + 恆星過濾 + 品質評分）
[10:39:26] ================================================================================
[10:39:26] 影片: me.mp4
[10:39:26] 總幀數: 3065, FPS: 30.00
[10:39:26] 敏感度: medium (品質門檻: 70, 最小持續: 3幀)
[10:39:26] 光軌設定: length=3, mode=enhanced
[10:39:30] 處理進度: 100/3065, Active: 4, Meteors: 0
[10:39:30] ✓ 流星 #1: 幀 75-98, 長度 567.1px, 品質 80.7
[10:39:31] ✓ 流星 #2: 幀 96-100, 長度 81.5px, 品質 84.4
[10:39:34] 處理進度: 200/3065, Active: 0, Meteors: 2
[10:39:38] 處理進度: 300/3065, Active: 0, Meteors: 2
[10:39:41] ✓ 流星 #3: 幀 341-362, 長度 137.0px, 品質 73.2
[10:39:41] ✓ 流星 #4: 幀 352-363, 長度 169.1px, 品質 75.9
[10:39:43] 處理進度: 400/3065, Active: 0, Meteors: 4
[10:39:47] 處理進度: 500/3065, Active: 1, Meteors: 4
[10:39:51] 處理進度: 600/3065, Active: 0, Meteors: 4
[10:39:56] ✓ 流星 #5: 幀 602-638, 長度 87.4px, 品質 84.0
[10:40:01] 處理進度: 700/3065, Active: 0, Meteors: 5
[10:40:07] 處理進度: 800/3065, Active: 0, Meteors: 5
[10:40:10] ✓ 流星 #6: 幀 864-875, 長度 135.4px, 品質 75.6
[10:40:10] ✓ 流星 #7: 幀 862-877, 長度 177.1px, 品質 77.7
[10:40:11] 處理進度: 900/3065, Active: 0, Meteors: 7
[10:40:15] 處理進度: 1000/3065, Active: 0, Meteors: 7
[10:40:18] ✓ 流星 #8: 幀 1053-1062, 長度 95.7px, 品質 74.9
[10:40:19] 處理進度: 1100/3065, Active: 0, Meteors: 8
[10:40:24] 處理進度: 1200/3065, Active: 3, Meteors: 8
[10:40:24] ✓ 流星 #9: 幀 1176-1192, 長度 94.2px, 品質 75.0
[10:40:24] ✓ 流星 #10: 幀 1181-1197, 長度 93.5px, 品質 74.2
[10:40:28] 處理進度: 1300/3065, Active: 0, Meteors: 10
[10:40:32] 處理進度: 1400/3065, Active: 1, Meteors: 10
[10:40:33] ✓ 流星 #11: 幀 1342-1407, 長度 254.5px, 品質 82.0
[10:40:36] 處理進度: 1500/3065, Active: 0, Meteors: 11
[10:40:41] ✓ 流星 #12: 幀 1556-1586, 長度 95.4px, 品質 80.2
[10:40:41] 處理進度: 1600/3065, Active: 1, Meteors: 12
[10:40:41] ✓ 流星 #13: 幀 1581-1590, 長度 73.3px, 品質 72.1
[10:40:49] 處理進度: 1700/3065, Active: 1, Meteors: 13
[10:41:00] 處理進度: 1800/3065, Active: 2, Meteors: 13
[10:41:01] ✓ 流星 #14: 幀 1749-1795, 長度 176.5px, 品質 84.5
[10:41:07] 處理進度: 1900/3065, Active: 15, Meteors: 14
[10:41:10] ✓ 流星 #15: 幀 1953-1964, 長度 59.8px, 品質 80.7
[10:41:11] 處理進度: 2000/3065, Active: 0, Meteors: 15
[10:41:15] 處理進度: 2100/3065, Active: 0, Meteors: 15
[10:41:19] 處理進度: 2200/3065, Active: 0, Meteors: 15
[10:41:21] ✓ 流星 #16: 幀 2208-2223, 長度 49.7px, 品質 78.3
[10:41:24] 處理進度: 2300/3065, Active: 0, Meteors: 16
[10:41:27] ✓ 流星 #17: 幀 2349-2378, 長度 329.3px, 品質 84.7
[10:41:28] 處理進度: 2400/3065, Active: 0, Meteors: 17
[10:41:32] 處理進度: 2500/3065, Active: 1, Meteors: 17
[10:41:37] 處理進度: 2600/3065, Active: 0, Meteors: 17
[10:41:40] ✓ 流星 #18: 幀 2651-2659, 長度 27.8px, 品質 71.1
[10:41:41] 處理進度: 2700/3065, Active: 0, Meteors: 18
[10:41:45] 處理進度: 2800/3065, Active: 0, Meteors: 18
[10:41:49] ✓ 流星 #19: 幀 2856-2863, 長度 36.2px, 品質 73.1
[10:41:50] 處理進度: 2900/3065, Active: 0, Meteors: 19
[10:41:54] 處理進度: 3000/3065, Active: 2, Meteors: 19
[10:41:54] ✓ 流星 #20: 幀 2976-2990, 長度 42.2px, 品質 80.5
[10:41:57] 
總共偵測到 20 顆流星
[10:41:57] 拒絕的軌跡: 446 條
[10:41:57] 場景切換次數: 5
[10:41:57] ✓ 結果已儲存: output_advanced\me\results.json
[10:41:57] 
開始生成標記影片...
[10:41:57]   標記進度: 100/3065
[10:41:58]   標記進度: 200/3065
[10:41:59]   標記進度: 300/3065
[10:41:59]   標記進度: 400/3065
[10:42:00]   標記進度: 500/3065
[10:42:01]   標記進度: 600/3065
[10:42:01]   標記進度: 700/3065
[10:42:02]   標記進度: 800/3065
[10:42:02]   標記進度: 900/3065
[10:42:03]   標記進度: 1000/3065
[10:42:04]   標記進度: 1100/3065
[10:42:04]   標記進度: 1200/3065
[10:42:05]   標記進度: 1300/3065
[10:42:06]   標記進度: 1400/3065
[10:42:06]   標記進度: 1500/3065
[10:42:07]   標記進度: 1600/3065
[10:42:08]   標記進度: 1700/3065
[10:42:08]   標記進度: 1800/3065
[10:42:09]   標記進度: 1900/3065
[10:42:09]   標記進度: 2000/3065
[10:42:10]   標記進度: 2100/3065
[10:42:11]   標記進度: 2200/3065
[10:42:11]   標記進度: 2300/3065
[10:42:12]   標記進度: 2400/3065
[10:42:13]   標記進度: 2500/3065
[10:42:13]   標記進度: 2600/3065
[10:42:14]   標記進度: 2700/3065
[10:42:14]   標記進度: 2800/3065
[10:42:15]   標記進度: 2900/3065
[10:42:16]   標記進度: 3000/3065
[10:42:16] ✓ 標記影片已儲存: output_advanced\me\me_annotated.mp4
