Log start: 2025-11-29 15:35:40.675719
進階偵測模式: sensitivity=medium
光軌設定: length=3, mode=enhanced, proc_scale=1.0
[15:35:40] 套用 OSD bbox: (0, 460, 470, 80)
[15:35:40] ================================================================================
[15:35:40] 進階流星偵測系統（多層級 + 恆星過濾 + 品質評分 + OSD 遮罩）
[15:35:40] ================================================================================
[15:35:40] 影片: 20230202\@@M20230203_014339_lulin_WB.avi
[15:35:40] 總幀數: 64, FPS: 29.97
[15:35:40] 敏感度: medium (品質門檻: 10, 最小持續: 3幀)
[15:35:40] 光軌設定: length=3, mode=enhanced
[15:35:40] 調試模式: 開啟
[15:35:40] ✓ 手動 OSD mask 已建立: 原座標(0,460,470,80) -> scaled(0,460,470,20)
[15:35:40] ✓ OSD 遮罩視覺化已儲存:
[15:35:40]   - output_group\20230202\@@M20230203_014339_lulin_WB\debug_frames\osd_mask_scaled.png
[15:35:40]   - output_group\20230202\@@M20230203_014339_lulin_WB\debug_frames\osd_mask_fullres.png
[15:35:40]   - output_group\20230202\@@M20230203_014339_lulin_WB\debug_frames\osd_mask_visualization.jpg
[15:35:40]   [OSD 過濾] 4 -> 1 spots
[15:35:40]   [OSD 過濾] 5 -> 2 spots
[15:35:40]   [OSD 過濾] 6 -> 1 spots
[15:35:40]   [OSD 過濾] 5 -> 0 spots
[15:35:40]   [OSD 過濾] 5 -> 0 spots
[15:35:40]   [OSD 過濾] 4 -> 0 spots
[15:35:40]   [OSD 過濾] 4 -> 0 spots
[15:35:40]   [OSD 過濾] 4 -> 0 spots
[15:35:40]   [OSD 過濾] 2 -> 0 spots
[15:35:40]   [OSD 過濾] 3 -> 0 spots
[15:35:40]   [OSD 過濾] 3 -> 0 spots
[15:35:40]   [OSD 過濾] 5 -> 2 spots
[15:35:41]   [OSD 過濾] 4 -> 0 spots
[15:35:41]   [OSD 過濾] 4 -> 0 spots
[15:35:41]   [OSD 過濾] 7 -> 3 spots
[15:35:41]   [OSD 過濾] 5 -> 1 spots
[15:35:41]   [OSD 過濾] 4 -> 0 spots
[15:35:41]   [恆星過濾] Frame 18: 8 -> 7 spots
[15:35:41]   [OSD 過濾] 7 -> 4 spots
[15:35:41]   [恆星過濾] Frame 19: 4 -> 2 spots
[15:35:41]   [OSD 過濾] 2 -> 0 spots
[15:35:41]   [恆星過濾] Frame 20: 6 -> 4 spots
[15:35:41]   [OSD 過濾] 4 -> 2 spots
[15:35:41]   [OSD 過濾] 4 -> 1 spots
[15:35:41]   [OSD 過濾] 4 -> 1 spots
[15:35:41]   [恆星過濾] Frame 23: 4 -> 2 spots
[15:35:41]   [OSD 過濾] 2 -> 1 spots
[15:35:41]   [恆星過濾] Frame 24: 3 -> 0 spots
[15:35:41]   [恆星過濾] Frame 25: 3 -> 0 spots
[15:35:41]   [恆星過濾] Frame 26: 3 -> 0 spots
[15:35:41]   [恆星過濾] Frame 27: 5 -> 3 spots
[15:35:41]   [OSD 過濾] 3 -> 2 spots
[15:35:41]   [恆星過濾] Frame 28: 7 -> 4 spots
[15:35:41]   [恆星過濾] Frame 29: 3 -> 1 spots
[15:35:41]   [OSD 過濾] 1 -> 0 spots
[15:35:41]   [恆星過濾] Frame 30: 8 -> 7 spots
[15:35:41]   [OSD 過濾] 7 -> 3 spots
[15:35:41]   [恆星過濾] Frame 31: 8 -> 6 spots
[15:35:41]   [OSD 過濾] 6 -> 2 spots
[15:35:41]   [恆星過濾] Frame 32: 8 -> 6 spots
[15:35:41]   [OSD 過濾] 6 -> 3 spots
[15:35:41]   [恆星過濾] Frame 33: 6 -> 5 spots
[15:35:41]   [OSD 過濾] 5 -> 3 spots
[15:35:41]   [恆星過濾] Frame 34: 7 -> 5 spots
[15:35:41]   [OSD 過濾] 5 -> 1 spots
[15:35:41]   [恆星過濾] Frame 35: 9 -> 7 spots
[15:35:41]   [OSD 過濾] 7 -> 3 spots
[15:35:41]   [恆星過濾] Frame 36: 9 -> 7 spots
[15:35:41]   [OSD 過濾] 7 -> 3 spots
[15:35:41]   [恆星過濾] Frame 37: 6 -> 5 spots
[15:35:41]   [OSD 過濾] 5 -> 2 spots
[15:35:41]   [恆星過濾] Frame 38: 5 -> 2 spots
[15:35:41]   [OSD 過濾] 2 -> 1 spots
[15:35:41]   [恆星過濾] Frame 39: 6 -> 5 spots
[15:35:41]   [OSD 過濾] 5 -> 2 spots
[15:35:41]   [恆星過濾] Frame 40: 4 -> 3 spots
[15:35:41]   [OSD 過濾] 3 -> 0 spots
[15:35:41]   [恆星過濾] Frame 41: 4 -> 3 spots
[15:35:41]   [OSD 過濾] 3 -> 0 spots
[15:35:41]   [恆星過濾] Frame 42: 4 -> 2 spots
[15:35:41]   [OSD 過濾] 2 -> 0 spots
[15:35:41]   [恆星過濾] Frame 43: 6 -> 4 spots
[15:35:41]   [OSD 過濾] 4 -> 2 spots
[15:35:41]   [恆星過濾] Frame 44: 5 -> 2 spots
[15:35:41]   [OSD 過濾] 2 -> 1 spots
[15:35:41]   [恆星過濾] Frame 45: 5 -> 2 spots
[15:35:41]   [恆星過濾] Frame 46: 4 -> 1 spots
[15:35:41]   [OSD 過濾] 1 -> 0 spots
[15:35:41]   [恆星過濾] Frame 47: 5 -> 3 spots
[15:35:41]   [OSD 過濾] 3 -> 1 spots
[15:35:41]     [拒絕] Track 1: 點數太少
[15:35:41]   [恆星過濾] Frame 48: 4 -> 1 spots
[15:35:41]   [OSD 過濾] 1 -> 0 spots
[15:35:41] ✓ 流星 #1: 幀 32-37, 長度 11.5px, 品質 67.4
[15:35:41]   [恆星過濾] Frame 49: 7 -> 5 spots
[15:35:41]   [OSD 過濾] 5 -> 3 spots
[15:35:41]   [恆星過濾] Frame 50: 5 -> 3 spots
[15:35:41]   [OSD 過濾] 3 -> 1 spots
[15:35:41]   [恆星過濾] Frame 51: 4 -> 3 spots
[15:35:41]   [OSD 過濾] 3 -> 0 spots
[15:35:41]   [恆星過濾] Frame 52: 4 -> 2 spots
[15:35:41]   [OSD 過濾] 2 -> 0 spots
[15:35:41]   [恆星過濾] Frame 53: 5 -> 3 spots
[15:35:41]   [OSD 過濾] 3 -> 1 spots
[15:35:41]   [恆星過濾] Frame 54: 4 -> 2 spots
[15:35:41]   [OSD 過濾] 2 -> 0 spots
[15:35:41]   [恆星過濾] Frame 55: 4 -> 2 spots
[15:35:41]   [OSD 過濾] 2 -> 1 spots
[15:35:42]   [恆星過濾] Frame 56: 4 -> 1 spots
[15:35:42]   [OSD 過濾] 3 -> 1 spots
[15:35:42]   [恆星過濾] Frame 58: 4 -> 1 spots
[15:35:42]   [OSD 過濾] 1 -> 0 spots
[15:35:42]   [恆星過濾] Frame 59: 4 -> 2 spots
[15:35:42]   [OSD 過濾] 2 -> 0 spots
[15:35:42]   [恆星過濾] Frame 60: 4 -> 1 spots
[15:35:42]   [OSD 過濾] 1 -> 0 spots
[15:35:42]   [恆星過濾] Frame 61: 6 -> 3 spots
[15:35:42]   [OSD 過濾] 3 -> 2 spots
[15:35:42]   [恆星過濾] Frame 62: 4 -> 2 spots
[15:35:42]   [OSD 過濾] 2 -> 1 spots
[15:35:42]   [恆星過濾] Frame 63: 5 -> 3 spots
[15:35:42]   [OSD 過濾] 3 -> 1 spots
[15:35:42]     [拒絕] Track 2: 點數太少
[15:35:42] 
總共偵測到 1 顆流星
[15:35:42] 拒絕的軌跡: 2 條
[15:35:42] 場景切換次數: 0
[15:35:42] ✓ 拒絕分析已儲存: rejection_analysis.json
[15:35:42]   主要拒絕原因:
[15:35:42]     - 點數太少: 2 次
[15:35:42] ✓ 結果已儲存: output_group\20230202\@@M20230203_014339_lulin_WB\results.json
[15:35:42] 
開始生成標記影片...
[15:35:42] ✓ 標記影片已儲存: output_group\20230202\@@M20230203_014339_lulin_WB\@@M20230203_014339_lulin_WB_annotated.mp4
