Log start: 2025-11-07 13:11:23.810154[13:11:23] ================================================================================
[13:11:23] 流星偵測系統 - Kalman + Multi-frame 差分
[13:11:23] ================================================================================
[13:11:23] 影片: taiwan.mp4
[13:11:23] 總幀數: 1965, FPS: 30.00
[13:11:23] 參數: movement_check=10 幀, min_movement=5px
[13:11:24] 處理進度: 100/1965, 活躍軌跡: 1, 已偵測流星: 0
[13:11:24] 處理進度: 200/1965, 活躍軌跡: 1, 已偵測流星: 0
[13:11:24] 處理進度: 300/1965, 活躍軌跡: 0, 已偵測流星: 0
[13:11:24] 處理進度: 400/1965, 活躍軌跡: 0, 已偵測流星: 0
[13:11:24] 處理進度: 500/1965, 活躍軌跡: 0, 已偵測流星: 0
[13:11:24] 處理進度: 600/1965, 活躍軌跡: 0, 已偵測流星: 0
[13:11:25] 處理進度: 700/1965, 活躍軌跡: 0, 已偵測流星: 0
[13:11:25] 處理進度: 800/1965, 活躍軌跡: 1, 已偵測流星: 0
[13:11:25] 處理進度: 900/1965, 活躍軌跡: 0, 已偵測流星: 0
[13:11:25] 處理進度: 1000/1965, 活躍軌跡: 0, 已偵測流星: 0
[13:11:25] 處理進度: 1100/1965, 活躍軌跡: 0, 已偵測流星: 0
[13:11:25] 處理進度: 1200/1965, 活躍軌跡: 0, 已偵測流星: 0
[13:11:26] 處理進度: 1300/1965, 活躍軌跡: 0, 已偵測流星: 0
[13:11:26] 處理進度: 1400/1965, 活躍軌跡: 0, 已偵測流星: 0
[13:11:26] 處理進度: 1500/1965, 活躍軌跡: 0, 已偵測流星: 0
[13:11:26] 處理進度: 1600/1965, 活躍軌跡: 0, 已偵測流星: 0
[13:11:26] 處理進度: 1700/1965, 活躍軌跡: 1, 已偵測流星: 0
[13:11:27] 處理進度: 1800/1965, 活躍軌跡: 0, 已偵測流星: 0
[13:11:27] 處理進度: 1900/1965, 活躍軌跡: 0, 已偵測流星: 0
[13:11:27] 總共偵測到 0 顆流星
[13:11:27] 場景切換次數: 41
[13:11:27] ✓ 結果已儲存: output_enhanced_kalman\taiwan\results.json
[13:11:27] ⚠️ 未偵測到流星
[13:11:27] 建議使用 --debug 參數重新執行以查看偵測細節
