Log start: 2025-11-08 11:25:18.733880
[11:25:18] ================================================================================
[11:25:18] 整合版流星偵測系統 - Kalman + 增強驗證 + 回溯合併
[11:25:18] ================================================================================
[11:25:18] 影片: me.mp4
[11:25:18] 總幀數: 3065, FPS: 30.00
[11:25:18] 參數: movement_check=10幀, min_movement=10px
[11:25:19] 處理進度: 100/3065, 活躍軌跡: 12, 已偵測流星: 0
[11:25:19] ✓ 流星 #1: 幀 90-92 (時間 3.0s-3.1s), 長度 19.1px, 速度 9.6px/frame, 點數 3
[11:25:19] ✓ 流星 #2: 幀 88-100 (時間 2.9s-3.3s), 長度 40.3px, 速度 3.4px/frame, 點數 8
[11:25:19] ✓ 流星 #2: 幀 91-103 (時間 3.0s-3.4s), 長度 51.2px, 速度 4.3px/frame, 點數 6
[11:25:19] 處理進度: 200/3065, 活躍軌跡: 0, 已偵測流星: 2
[11:25:20] 處理進度: 300/3065, 活躍軌跡: 0, 已偵測流星: 2
[11:25:20] ✓ 流星 #3: 幀 349-365 (時間 11.6s-12.2s), 長度 94.5px, 速度 5.9px/frame, 點數 17
[11:25:20] ✓ 流星 #3: 幀 366-374 (時間 12.2s-12.5s), 長度 76.0px, 速度 9.5px/frame, 點數 10
[11:25:21] 處理進度: 400/3065, 活躍軌跡: 9, 已偵測流星: 3
[11:25:21] 處理進度: 500/3065, 活躍軌跡: 9, 已偵測流星: 3
[11:25:22] ✓ 流星 #4: 幀 553-554 (時間 18.4s-18.5s), 長度 9.0px, 速度 9.0px/frame, 點數 3
[11:25:22] 處理進度: 600/3065, 活躍軌跡: 0, 已偵測流星: 4
[11:25:22] ✓ 流星 #5: 幀 604-637 (時間 20.1s-21.2s), 長度 83.6px, 速度 2.5px/frame, 點數 34
[11:25:22] ✓ 流星 #5: 幀 618-651 (時間 20.6s-21.7s), 長度 82.9px, 速度 2.5px/frame, 點數 34
[11:25:23] 處理進度: 700/3065, 活躍軌跡: 0, 已偵測流星: 5
[11:25:23] 處理進度: 800/3065, 活躍軌跡: 0, 已偵測流星: 5
[11:25:24] 處理進度: 900/3065, 活躍軌跡: 0, 已偵測流星: 5
[11:25:24] 處理進度: 1000/3065, 活躍軌跡: 0, 已偵測流星: 5
[11:25:25] 處理進度: 1100/3065, 活躍軌跡: 0, 已偵測流星: 5
[11:25:25] 處理進度: 1200/3065, 活躍軌跡: 1, 已偵測流星: 5
[11:25:26] 處理進度: 1300/3065, 活躍軌跡: 0, 已偵測流星: 5
[11:25:27] ✓ 流星 #6: 幀 1369-1376 (時間 45.6s-45.9s), 長度 36.0px, 速度 5.1px/frame, 點數 8
[11:25:27] 處理進度: 1400/3065, 活躍軌跡: 4, 已偵測流星: 6
[11:25:28] ✓ 流星 #7: 幀 1345-1404 (時間 44.8s-46.8s), 長度 244.3px, 速度 4.1px/frame, 點數 47
[11:25:28] ✓ 流星 #6: 幀 1359-1405 (時間 45.3s-46.8s), 長度 252.3px, 速度 5.5px/frame, 點數 23
[11:25:28] ✓ 流星 #6: 幀 1394-1418 (時間 46.5s-47.3s), 長度 113.2px, 速度 4.7px/frame, 點數 23
[11:25:28] ✓ 流星 #6: 幀 1379-1419 (時間 46.0s-47.3s), 長度 175.1px, 速度 4.4px/frame, 點數 19
[11:25:29] 處理進度: 1500/3065, 活躍軌跡: 0, 已偵測流星: 6
[11:25:30] ✓ 流星 #7: 幀 1555-1584 (時間 51.8s-52.8s), 長度 95.4px, 速度 3.3px/frame, 點數 29
[11:25:30] ✓ 流星 #7: 幀 1569-1585 (時間 52.3s-52.8s), 長度 60.8px, 速度 3.8px/frame, 點數 11
[11:25:30] ✓ 流星 #7: 幀 1578-1585 (時間 52.6s-52.8s), 長度 32.7px, 速度 4.7px/frame, 點數 8
[11:25:30] 處理進度: 1600/3065, 活躍軌跡: 1, 已偵測流星: 7
[11:25:30] ✓ 流星 #7: 幀 1586-1599 (時間 52.9s-53.3s), 長度 40.9px, 速度 3.1px/frame, 點數 14
[11:25:31] 處理進度: 1700/3065, 活躍軌跡: 4, 已偵測流星: 7
[11:25:33] ✓ 流星 #8: 幀 1755-1775 (時間 58.5s-59.2s), 長度 76.4px, 速度 3.8px/frame, 點數 21
[11:25:33] 處理進度: 1800/3065, 活躍軌跡: 3, 已偵測流星: 8
[11:25:33] ✓ 流星 #8: 幀 1776-1789 (時間 59.2s-59.6s), 長度 47.7px, 速度 3.7px/frame, 點數 14
[11:25:33] ✓ 流星 #8: 幀 1776-1792 (時間 59.2s-59.7s), 長度 60.0px, 速度 3.8px/frame, 點數 17
[11:25:33] ✓ 流星 #8: 幀 1790-1806 (時間 59.7s-60.2s), 長度 60.0px, 速度 3.8px/frame, 點數 17
[11:25:34] 處理進度: 1900/3065, 活躍軌跡: 3, 已偵測流星: 8
[11:25:35] 處理進度: 2000/3065, 活躍軌跡: 0, 已偵測流星: 8
[11:25:37] 處理進度: 2100/3065, 活躍軌跡: 0, 已偵測流星: 8
[11:25:38] 處理進度: 2200/3065, 活躍軌跡: 0, 已偵測流星: 8
[11:25:38] ✓ 流星 #9: 幀 2207-2218 (時間 73.6s-73.9s), 長度 41.5px, 速度 3.8px/frame, 點數 10
[11:25:38] ✓ 流星 #9: 幀 2221-2232 (時間 74.0s-74.4s), 長度 42.4px, 速度 3.9px/frame, 點數 10
[11:25:39] 處理進度: 2300/3065, 活躍軌跡: 0, 已偵測流星: 9
[11:25:40] ✓ 流星 #10: 幀 2348-2375 (時間 78.3s-79.2s), 長度 283.2px, 速度 10.5px/frame, 點數 26
[11:25:41] 處理進度: 2400/3065, 活躍軌跡: 4, 已偵測流星: 10
[11:25:41] ✓ 流星 #10: 幀 2364-2389 (時間 78.8s-79.6s), 長度 264.3px, 速度 10.6px/frame, 點數 24
[11:25:42] 處理進度: 2500/3065, 活躍軌跡: 2, 已偵測流星: 10
[11:25:43] 處理進度: 2600/3065, 活躍軌跡: 0, 已偵測流星: 10
[11:25:44] ✓ 流星 #11: 幀 2655-2659 (時間 88.5s-88.6s), 長度 14.3px, 速度 3.6px/frame, 點數 5
[11:25:44] 處理進度: 2700/3065, 活躍軌跡: 0, 已偵測流星: 11
[11:25:45] 處理進度: 2800/3065, 活躍軌跡: 0, 已偵測流星: 11
[11:25:47] 處理進度: 2900/3065, 活躍軌跡: 0, 已偵測流星: 11
[11:25:48] 處理進度: 3000/3065, 活躍軌跡: 5, 已偵測流星: 11
[11:25:48] ✓ 流星 #12: 幀 2978-2991 (時間 99.3s-99.7s), 長度 37.2px, 速度 2.9px/frame, 點數 14
[11:25:49] 
總共偵測到 13 顆流星
[11:25:49] 場景切換次數: 98
[11:25:49] ✓ 結果已儲存: output_integrated\me\results.json
[11:25:49] 
開始生成標記影片...
[11:25:51]   標記進度: 100/3065
[11:25:53]   標記進度: 200/3065
[11:25:55]   標記進度: 300/3065
[11:25:57]   標記進度: 400/3065
[11:25:59]   標記進度: 500/3065
[11:26:01]   標記進度: 600/3065
[11:26:03]   標記進度: 700/3065
[11:26:04]   標記進度: 800/3065
[11:26:06]   標記進度: 900/3065
[11:26:08]   標記進度: 1000/3065
[11:26:10]   標記進度: 1100/3065
[11:26:11]   標記進度: 1200/3065
[11:26:13]   標記進度: 1300/3065
[11:26:14]   標記進度: 1400/3065
[11:26:15]   標記進度: 1500/3065
[11:26:16]   標記進度: 1600/3065
[11:26:17]   標記進度: 1700/3065
[11:26:17]   標記進度: 1800/3065
[11:26:18]   標記進度: 1900/3065
[11:26:19]   標記進度: 2000/3065
[11:26:19]   標記進度: 2100/3065
[11:26:20]   標記進度: 2200/3065
[11:26:21]   標記進度: 2300/3065
[11:26:22]   標記進度: 2400/3065
[11:26:22]   標記進度: 2500/3065
[11:26:23]   標記進度: 2600/3065
[11:26:24]   標記進度: 2700/3065
[11:26:24]   標記進度: 2800/3065
[11:26:25]   標記進度: 2900/3065
[11:26:26]   標記進度: 3000/3065
[11:26:26] ✓ 標記影片已儲存: output_integrated\me\me_annotated.mp4
