Log start: 2025-11-29 15:36:04.668871
進階偵測模式: sensitivity=medium
光軌設定: length=3, mode=enhanced, proc_scale=1.0
[15:36:04] 套用 OSD bbox: (0, 460, 470, 80)
[15:36:04] ================================================================================
[15:36:04] 進階流星偵測系統（多層級 + 恆星過濾 + 品質評分 + OSD 遮罩）
[15:36:04] ================================================================================
[15:36:04] 影片: 20230202\M20230203_045216_lulin_WB.avi
[15:36:04] 總幀數: 62, FPS: 29.97
[15:36:04] 敏感度: medium (品質門檻: 10, 最小持續: 3幀)
[15:36:04] 光軌設定: length=3, mode=enhanced
[15:36:04] 調試模式: 開啟
[15:36:04] ✓ 手動 OSD mask 已建立: 原座標(0,460,470,80) -> scaled(0,460,470,20)
[15:36:04] ✓ OSD 遮罩視覺化已儲存:
[15:36:04]   - output_group\20230202\M20230203_045216_lulin_WB\debug_frames\osd_mask_scaled.png
[15:36:04]   - output_group\20230202\M20230203_045216_lulin_WB\debug_frames\osd_mask_fullres.png
[15:36:04]   - output_group\20230202\M20230203_045216_lulin_WB\debug_frames\osd_mask_visualization.jpg
[15:36:04]   [OSD 過濾] 3 -> 0 spots
[15:36:04]   [OSD 過濾] 3 -> 0 spots
[15:36:04]   [OSD 過濾] 3 -> 0 spots
[15:36:04]   [OSD 過濾] 4 -> 0 spots
[15:36:04]   [OSD 過濾] 4 -> 0 spots
[15:36:04]   [OSD 過濾] 4 -> 0 spots
[15:36:04]   [OSD 過濾] 5 -> 0 spots
[15:36:04]   [OSD 過濾] 4 -> 0 spots
[15:36:04]   [OSD 過濾] 4 -> 0 spots
[15:36:04]   [OSD 過濾] 3 -> 0 spots
[15:36:04]   [OSD 過濾] 4 -> 0 spots
[15:36:04]   [OSD 過濾] 4 -> 0 spots
[15:36:04]   [OSD 過濾] 4 -> 0 spots
[15:36:04]   [OSD 過濾] 4 -> 0 spots
[15:36:04]   [恆星過濾] Frame 15: 3 -> 2 spots
[15:36:05]   [OSD 過濾] 2 -> 0 spots
[15:36:05]   [恆星過濾] Frame 16: 3 -> 2 spots
[15:36:05]   [OSD 過濾] 2 -> 0 spots
[15:36:05]   [恆星過濾] Frame 17: 3 -> 2 spots
[15:36:05]   [OSD 過濾] 2 -> 0 spots
[15:36:05]   [恆星過濾] Frame 18: 3 -> 2 spots
[15:36:05]   [OSD 過濾] 2 -> 0 spots
[15:36:05]   [恆星過濾] Frame 19: 3 -> 2 spots
[15:36:05]   [OSD 過濾] 2 -> 0 spots
[15:36:05]   [恆星過濾] Frame 20: 3 -> 2 spots
[15:36:05]   [OSD 過濾] 2 -> 0 spots
[15:36:05]   [恆星過濾] Frame 21: 3 -> 2 spots
[15:36:05]   [OSD 過濾] 2 -> 0 spots
[15:36:05]   [OSD 過濾] 1 -> 0 spots
[15:36:05]   [恆星過濾] Frame 23: 3 -> 1 spots
[15:36:05]   [OSD 過濾] 1 -> 0 spots
[15:36:05]   [恆星過濾] Frame 24: 3 -> 1 spots
[15:36:05]   [OSD 過濾] 1 -> 0 spots
[15:36:05]   [恆星過濾] Frame 25: 3 -> 1 spots
[15:36:05]   [OSD 過濾] 1 -> 0 spots
[15:36:05]   [恆星過濾] Frame 26: 4 -> 3 spots
[15:36:05]   [OSD 過濾] 3 -> 0 spots
[15:36:05]   [恆星過濾] Frame 27: 4 -> 3 spots
[15:36:05]   [OSD 過濾] 3 -> 0 spots
[15:36:05]   [恆星過濾] Frame 28: 4 -> 1 spots
[15:36:05]   [OSD 過濾] 1 -> 0 spots
[15:36:05]   [恆星過濾] Frame 29: 4 -> 2 spots
[15:36:05]   [OSD 過濾] 2 -> 0 spots
[15:36:05]   [恆星過濾] Frame 30: 4 -> 3 spots
[15:36:05]   [OSD 過濾] 3 -> 0 spots
[15:36:05]   [恆星過濾] Frame 31: 5 -> 4 spots
[15:36:05]   [OSD 過濾] 4 -> 1 spots
[15:36:05]   [恆星過濾] Frame 32: 4 -> 2 spots
[15:36:05]   [OSD 過濾] 2 -> 0 spots
[15:36:05]   [恆星過濾] Frame 33: 5 -> 3 spots
[15:36:05]   [OSD 過濾] 3 -> 1 spots
[15:36:05]   [恆星過濾] Frame 34: 5 -> 3 spots
[15:36:05]   [OSD 過濾] 3 -> 1 spots
[15:36:05]   [恆星過濾] Frame 35: 4 -> 2 spots
[15:36:05]   [OSD 過濾] 2 -> 0 spots
[15:36:05]   [恆星過濾] Frame 36: 4 -> 1 spots
[15:36:05]   [OSD 過濾] 1 -> 0 spots
[15:36:05]   [恆星過濾] Frame 37: 4 -> 3 spots
[15:36:05]   [OSD 過濾] 3 -> 0 spots
[15:36:05]   [恆星過濾] Frame 38: 4 -> 1 spots
[15:36:05]   [OSD 過濾] 1 -> 0 spots
[15:36:05]   [恆星過濾] Frame 39: 4 -> 2 spots
[15:36:05]   [OSD 過濾] 2 -> 0 spots
[15:36:05]   [恆星過濾] Frame 40: 3 -> 1 spots
[15:36:05]   [OSD 過濾] 1 -> 0 spots
[15:36:05]   [恆星過濾] Frame 41: 3 -> 1 spots
[15:36:05]   [OSD 過濾] 1 -> 0 spots
[15:36:05]   [恆星過濾] Frame 42: 3 -> 0 spots
[15:36:05]   [恆星過濾] Frame 43: 3 -> 1 spots
[15:36:05]   [OSD 過濾] 1 -> 0 spots
[15:36:05]   [恆星過濾] Frame 44: 3 -> 0 spots
[15:36:05]   [恆星過濾] Frame 45: 3 -> 0 spots
[15:36:05]     [拒絕] Track 0: 點數太少
[15:36:05]   [恆星過濾] Frame 46: 2 -> 0 spots
[15:36:05]   [恆星過濾] Frame 47: 3 -> 1 spots
[15:36:05]   [OSD 過濾] 1 -> 0 spots
[15:36:05]   [恆星過濾] Frame 48: 3 -> 0 spots
[15:36:05]   [恆星過濾] Frame 49: 3 -> 2 spots
[15:36:05]   [OSD 過濾] 2 -> 0 spots
[15:36:05]   [恆星過濾] Frame 50: 3 -> 1 spots
[15:36:05]   [OSD 過濾] 1 -> 0 spots
[15:36:05]   [恆星過濾] Frame 51: 4 -> 2 spots
[15:36:05]   [OSD 過濾] 2 -> 0 spots
[15:36:05]   [恆星過濾] Frame 52: 4 -> 1 spots
[15:36:05]   [OSD 過濾] 1 -> 0 spots
[15:36:05]   [恆星過濾] Frame 53: 4 -> 1 spots
[15:36:05]   [OSD 過濾] 1 -> 0 spots
[15:36:05]   [恆星過濾] Frame 54: 4 -> 1 spots
[15:36:05]   [OSD 過濾] 1 -> 0 spots
[15:36:05]   [恆星過濾] Frame 55: 3 -> 1 spots
[15:36:05]   [OSD 過濾] 1 -> 0 spots
[15:36:05]   [恆星過濾] Frame 56: 3 -> 2 spots
[15:36:05]   [OSD 過濾] 2 -> 0 spots
[15:36:05]   [恆星過濾] Frame 57: 3 -> 2 spots
[15:36:05]   [OSD 過濾] 2 -> 0 spots
[15:36:06]   [恆星過濾] Frame 58: 3 -> 1 spots
[15:36:06]   [OSD 過濾] 1 -> 0 spots
[15:36:06]   [恆星過濾] Frame 59: 4 -> 3 spots
[15:36:06]   [OSD 過濾] 3 -> 0 spots
[15:36:06]   [恆星過濾] Frame 60: 4 -> 3 spots
[15:36:06]   [OSD 過濾] 3 -> 0 spots
[15:36:06]   [恆星過濾] Frame 61: 4 -> 3 spots
[15:36:06]   [OSD 過濾] 3 -> 0 spots
[15:36:06] 
總共偵測到 0 顆流星
[15:36:06] 拒絕的軌跡: 1 條
[15:36:06] 場景切換次數: 0
[15:36:06] ✓ 拒絕分析已儲存: rejection_analysis.json
[15:36:06]   主要拒絕原因:
[15:36:06]     - 點數太少: 1 次
[15:36:06] ✓ 結果已儲存: output_group\20230202\M20230203_045216_lulin_WB\results.json
[15:36:06] ⚠️ 未偵測到流星
