Log start: 2025-11-08 11:52:06.745735
光鬼設定: length=5, mode=enhanced
[11:52:06] ================================================================================
[11:52:06] 光鬼增強版流星偵測系統
[11:52:06] ================================================================================
[11:52:06] 影片: me.mp4
[11:52:06] 總幀數: 3065, FPS: 30.00
[11:52:06] 光鬼設定: length=5, mode=enhanced
[11:52:06] 參數: movement_check=2幀, min_movement=2px
[11:52:08] ✓ 流星 #1: 幀 74-75 (時間 2.5s-2.5s), 長度 10.2px, 速度 10.2px/frame, 點數 2
[11:52:09] 處理進度: 100/3065, 活躍軌跡: 16, 已偵測流星: 1
[11:52:09] ✓ 流星 #2: 幀 92-92 (時間 3.1s-3.1s), 長度 18.0px, 速度 18.0px/frame, 點數 2
[11:52:09] ✓ 流星 #3: 幀 93-97 (時間 3.1s-3.2s), 長度 74.5px, 速度 18.6px/frame, 點數 6
[11:52:09] ✓ 流星 #4: 幀 93-97 (時間 3.1s-3.2s), 長度 19.1px, 速度 4.8px/frame, 點數 5
[11:52:09] ✓ 流星 #5: 幀 96-97 (時間 3.2s-3.2s), 長度 4.0px, 速度 4.0px/frame, 點數 2
[11:52:09] ✓ 流星 #6: 幀 94-98 (時間 3.1s-3.3s), 長度 22.2px, 速度 5.6px/frame, 點數 5
[11:52:09] ✓ 流星 #7: 幀 86-99 (時間 2.9s-3.3s), 長度 23.1px, 速度 1.8px/frame, 點數 6
[11:52:09] ✓ 流星 #8: 幀 91-101 (時間 3.0s-3.4s), 長度 28.1px, 速度 2.8px/frame, 點數 5
[11:52:09] ✓ 流星 #9: 幀 102-107 (時間 3.4s-3.6s), 長度 32.2px, 速度 6.4px/frame, 點數 4
[11:52:09] ✓ 流星 #10: 幀 106-109 (時間 3.5s-3.6s), 長度 24.2px, 速度 8.1px/frame, 點數 5
[11:52:09] ✓ 流星 #11: 幀 91-111 (時間 3.0s-3.7s), 長度 69.4px, 速度 3.5px/frame, 點數 7
[11:52:09] ✓ 流星 #12: 幀 88-114 (時間 2.9s-3.8s), 長度 290.9px, 速度 11.2px/frame, 點數 13
[11:52:11] 處理進度: 200/3065, 活躍軌跡: 0, 已偵測流星: 12
[11:52:13] 處理進度: 300/3065, 活躍軌跡: 0, 已偵測流星: 12
[11:52:14] ✓ 流星 #13: 幀 345-353 (時間 11.5s-11.8s), 長度 51.2px, 速度 6.4px/frame, 點數 9
[11:52:15] ✓ 流星 #14: 幀 353-359 (時間 11.8s-12.0s), 長度 19.0px, 速度 3.2px/frame, 點數 5
[11:52:15] ✓ 流星 #15: 幀 354-360 (時間 11.8s-12.0s), 長度 5.6px, 速度 0.9px/frame, 點數 6
[11:52:15] ✓ 流星 #16: 幀 355-361 (時間 11.8s-12.0s), 長度 25.2px, 速度 4.2px/frame, 點數 7
[11:52:15] ✓ 流星 #17: 幀 357-362 (時間 11.9s-12.1s), 長度 4.0px, 速度 0.8px/frame, 點數 6
[11:52:15] ✓ 流星 #18: 幀 360-365 (時間 12.0s-12.2s), 長度 5.0px, 速度 1.0px/frame, 點數 6
[11:52:15] ✓ 流星 #19: 幀 363-368 (時間 12.1s-12.3s), 長度 5.0px, 速度 1.0px/frame, 點數 6
[11:52:15] ✓ 流星 #20: 幀 344-371 (時間 11.5s-12.4s), 長度 91.0px, 速度 3.4px/frame, 點數 12
[11:52:15] ✓ 流星 #21: 幀 366-371 (時間 12.2s-12.4s), 長度 5.0px, 速度 1.0px/frame, 點數 6
[11:52:15] ✓ 流星 #22: 幀 369-374 (時間 12.3s-12.5s), 長度 6.0px, 速度 1.2px/frame, 點數 6
[11:52:15] ✓ 流星 #23: 幀 372-374 (時間 12.4s-12.5s), 長度 10.2px, 速度 5.1px/frame, 點數 4
[11:52:15] ✓ 流星 #24: 幀 349-377 (時間 11.6s-12.6s), 長度 147.7px, 速度 5.3px/frame, 點數 28
[11:52:15] ✓ 流星 #25: 幀 373-377 (時間 12.4s-12.6s), 長度 6.1px, 速度 1.5px/frame, 點數 5
[11:52:15] 處理進度: 400/3065, 活躍軌跡: 13, 已偵測流星: 25
[11:52:15] ✓ 流星 #26: 幀 375-380 (時間 12.5s-12.7s), 長度 7.0px, 速度 1.4px/frame, 點數 6
[11:52:15] ✓ 流星 #27: 幀 378-383 (時間 12.6s-12.8s), 長度 5.0px, 速度 1.0px/frame, 點數 6
[11:52:15] ✓ 流星 #28: 幀 381-386 (時間 12.7s-12.9s), 長度 6.0px, 速度 1.2px/frame, 點數 6
[11:52:15] ✓ 流星 #29: 幀 384-389 (時間 12.8s-13.0s), 長度 6.0px, 速度 1.2px/frame, 點數 6
[11:52:15] ✓ 流星 #30: 幀 387-392 (時間 12.9s-13.1s), 長度 5.0px, 速度 1.0px/frame, 點數 6
[11:52:16] ✓ 流星 #31: 幀 390-395 (時間 13.0s-13.2s), 長度 5.0px, 速度 1.0px/frame, 點數 6
[11:52:16] ✓ 流星 #32: 幀 398-403 (時間 13.3s-13.4s), 長度 3.0px, 速度 0.6px/frame, 點數 6
[11:52:16] ✓ 流星 #33: 幀 420-425 (時間 14.0s-14.2s), 長度 5.0px, 速度 1.0px/frame, 點數 6
[11:52:17] ✓ 流星 #34: 幀 425-436 (時間 14.2s-14.5s), 長度 10.4px, 速度 0.9px/frame, 點數 12
[11:52:18] 處理進度: 500/3065, 活躍軌跡: 8, 已偵測流星: 34
[11:52:20] 處理進度: 600/3065, 活躍軌跡: 0, 已偵測流星: 34
[11:52:22] ✓ 流星 #35: 幀 621-623 (時間 20.7s-20.8s), 長度 30.8px, 速度 15.4px/frame, 點數 4
[11:52:23] ✓ 流星 #36: 幀 604-637 (時間 20.1s-21.2s), 長度 84.4px, 速度 2.6px/frame, 點數 34
[11:52:23] ✓ 流星 #37: 幀 624-654 (時間 20.8s-21.8s), 長度 77.6px, 速度 2.6px/frame, 點數 31
[11:52:25] 處理進度: 700/3065, 活躍軌跡: 0, 已偵測流星: 37
[11:52:30] 處理進度: 800/3065, 活躍軌跡: 0, 已偵測流星: 37
[11:52:35] 處理進度: 900/3065, 活躍軌跡: 0, 已偵測流星: 37
[11:52:41] 處理進度: 1000/3065, 活躍軌跡: 0, 已偵測流星: 37
[11:52:47] 處理進度: 1100/3065, 活躍軌跡: 0, 已偵測流星: 37
[11:52:54] 處理進度: 1200/3065, 活躍軌跡: 2, 已偵測流星: 37
[11:52:54] ✓ 流星 #38: 幀 1161-1179 (時間 38.7s-39.3s), 長度 10.0px, 速度 0.6px/frame, 點數 10
[11:52:57] 處理進度: 1300/3065, 活躍軌跡: 17, 已偵測流星: 38
[11:52:59] ✓ 流星 #39: 幀 1359-1369 (時間 45.3s-45.6s), 長度 44.0px, 速度 4.4px/frame, 點數 7
[11:52:59] 處理進度: 1400/3065, 活躍軌跡: 6, 已偵測流星: 39
[11:52:59] ✓ 流星 #40: 幀 1362-1396 (時間 45.4s-46.5s), 長度 210.4px, 速度 6.2px/frame, 點數 28
[11:52:59] ✓ 流星 #41: 幀 1370-1397 (時間 45.7s-46.6s), 長度 111.2px, 速度 4.1px/frame, 點數 24
[11:52:59] ✓ 流星 #42: 幀 1375-1404 (時間 45.8s-46.8s), 長度 205.1px, 速度 7.1px/frame, 點數 20
[11:53:00] ✓ 流星 #43: 幀 1411-1415 (時間 47.0s-47.2s), 長度 16.0px, 速度 4.0px/frame, 點數 2
[11:53:00] ✓ 流星 #44: 幀 1345-1421 (時間 44.8s-47.4s), 長度 243.8px, 速度 3.2px/frame, 點數 43
[11:53:01] 處理進度: 1500/3065, 活躍軌跡: 0, 已偵測流星: 44
[11:53:03] 處理進度: 1600/3065, 活躍軌跡: 3, 已偵測流星: 44
[11:53:03] ✓ 流星 #45: 幀 1555-1584 (時間 51.8s-52.8s), 長度 94.8px, 速度 3.3px/frame, 點數 30
[11:53:03] ✓ 流星 #46: 幀 1572-1585 (時間 52.4s-52.8s), 長度 56.3px, 速度 4.3px/frame, 點數 14
[11:53:04] ✓ 流星 #47: 幀 1585-1602 (時間 52.8s-53.4s), 長度 58.4px, 速度 3.4px/frame, 點數 18
[11:53:05] 處理進度: 1700/3065, 活躍軌跡: 5, 已偵測流星: 47
[11:53:07] ✓ 流星 #48: 幀 1710-1745 (時間 57.0s-58.2s), 長度 26.0px, 速度 0.7px/frame, 點數 9
[11:53:07] ✓ 流星 #49: 幀 1722-1746 (時間 57.4s-58.2s), 長度 21.5px, 速度 0.9px/frame, 點數 11
[11:53:08] ✓ 流星 #50: 幀 1753-1769 (時間 58.4s-59.0s), 長度 8.0px, 速度 0.5px/frame, 點數 12
[11:53:08] 處理進度: 1800/3065, 活躍軌跡: 4, 已偵測流星: 50
[11:53:08] ✓ 流星 #51: 幀 1755-1791 (時間 58.5s-59.7s), 長度 138.3px, 速度 3.8px/frame, 點數 32
[11:53:08] ✓ 流星 #52: 幀 1772-1792 (時間 59.1s-59.7s), 長度 76.7px, 速度 3.8px/frame, 點數 8
[11:53:09] ✓ 流星 #53: 幀 1774-1808 (時間 59.1s-60.3s), 長度 129.9px, 速度 3.8px/frame, 點數 28
[11:53:09] ✓ 流星 #54: 幀 1800-1809 (時間 60.0s-60.3s), 長度 27.2px, 速度 3.0px/frame, 點數 5
[11:53:11] 處理進度: 1900/3065, 活躍軌跡: 3, 已偵測流星: 54
[11:53:13] ✓ 流星 #55: 幀 1957-1960 (時間 65.2s-65.3s), 長度 5.9px, 速度 2.0px/frame, 點數 4
[11:53:13] ✓ 流星 #56: 幀 1974-1977 (時間 65.8s-65.9s), 長度 5.6px, 速度 1.9px/frame, 點數 4
[11:53:13] 處理進度: 2000/3065, 活躍軌跡: 0, 已偵測流星: 56
[11:53:16] 處理進度: 2100/3065, 活躍軌跡: 0, 已偵測流星: 56
[11:53:18] 處理進度: 2200/3065, 活躍軌跡: 3, 已偵測流星: 56
[11:53:19] ✓ 流星 #57: 幀 2207-2218 (時間 73.6s-73.9s), 長度 40.2px, 速度 3.7px/frame, 點數 11
[11:53:19] ✓ 流星 #58: 幀 2224-2235 (時間 74.1s-74.5s), 長度 42.0px, 速度 3.8px/frame, 點數 10
[11:53:20] 處理進度: 2300/3065, 活躍軌跡: 11, 已偵測流星: 58
[11:53:22] ✓ 流星 #59: 幀 2348-2367 (時間 78.3s-78.9s), 長度 18.3px, 速度 1.0px/frame, 點數 7
[11:53:22] ✓ 流星 #60: 幀 2369-2375 (時間 79.0s-79.2s), 長度 7.1px, 速度 1.2px/frame, 點數 7
[11:53:22] ✓ 流星 #61: 幀 2357-2376 (時間 78.6s-79.2s), 長度 11.4px, 速度 0.6px/frame, 點數 8
[11:53:22] ✓ 流星 #62: 幀 2355-2378 (時間 78.5s-79.3s), 長度 231.2px, 速度 10.1px/frame, 點數 23
[11:53:22] 處理進度: 2400/3065, 活躍軌跡: 8, 已偵測流星: 62
[11:53:22] ✓ 流星 #63: 幀 2353-2380 (時間 78.4s-79.3s), 長度 241.2px, 速度 8.9px/frame, 點數 14
[11:53:23] ✓ 流星 #64: 幀 2368-2385 (時間 78.9s-79.5s), 長度 120.7px, 速度 7.1px/frame, 點數 8
[11:53:23] ✓ 流星 #65: 幀 2377-2392 (時間 79.2s-79.7s), 長度 8.4px, 速度 0.6px/frame, 點數 6
[11:53:23] ✓ 流星 #66: 幀 2371-2393 (時間 79.0s-79.8s), 長度 223.0px, 速度 10.1px/frame, 點數 19
[11:53:23] ✓ 流星 #67: 幀 2416-2419 (時間 80.5s-80.6s), 長度 4.0px, 速度 1.3px/frame, 點數 4
[11:53:24] ✓ 流星 #68: 幀 2440-2444 (時間 81.3s-81.5s), 長度 6.2px, 速度 1.5px/frame, 點數 5
[11:53:24] ✓ 流星 #69: 幀 2422-2445 (時間 80.7s-81.5s), 長度 18.5px, 速度 0.8px/frame, 點數 10
[11:53:25] 處理進度: 2500/3065, 活躍軌跡: 5, 已偵測流星: 69
[11:53:25] ✓ 流星 #70: 幀 2474-2481 (時間 82.5s-82.7s), 長度 12.0px, 速度 1.7px/frame, 點數 5
[11:53:25] ✓ 流星 #71: 幀 2489-2497 (時間 83.0s-83.2s), 長度 6.5px, 速度 0.8px/frame, 點數 5
[11:53:26] ✓ 流星 #72: 幀 2520-2525 (時間 84.0s-84.2s), 長度 3.0px, 速度 0.6px/frame, 點數 6
[11:53:28] 處理進度: 2600/3065, 活躍軌跡: 0, 已偵測流星: 72
[11:53:30] ✓ 流星 #73: 幀 2653-2659 (時間 88.4s-88.6s), 長度 40.5px, 速度 6.7px/frame, 點數 7
[11:53:31] ✓ 流星 #74: 幀 2672-2676 (時間 89.1s-89.2s), 長度 13.5px, 速度 3.4px/frame, 點數 4
[11:53:31] 處理進度: 2700/3065, 活躍軌跡: 0, 已偵測流星: 74
[11:53:32] ✓ 流星 #75: 幀 2710-2715 (時間 90.3s-90.5s), 長度 6.8px, 速度 1.4px/frame, 點數 6
[11:53:32] ✓ 流星 #76: 幀 2716-2721 (時間 90.5s-90.7s), 長度 5.2px, 速度 1.0px/frame, 點數 6
[11:53:33] 處理進度: 2800/3065, 活躍軌跡: 0, 已偵測流星: 76
[11:53:34] ✓ 流星 #77: 幀 2810-2819 (時間 93.7s-94.0s), 長度 275.1px, 速度 30.6px/frame, 點數 10
[11:53:35] ✓ 流星 #78: 幀 2811-2826 (時間 93.7s-94.2s), 長度 66.0px, 速度 4.4px/frame, 點數 10
[11:53:36] 處理進度: 2900/3065, 活躍軌跡: 0, 已偵測流星: 78
[11:53:39] 處理進度: 3000/3065, 活躍軌跡: 4, 已偵測流星: 78
[11:53:39] ✓ 流星 #79: 幀 2978-2991 (時間 99.3s-99.7s), 長度 36.2px, 速度 2.8px/frame, 點數 14
[11:53:39] ✓ 流星 #80: 幀 2990-2998 (時間 99.7s-99.9s), 長度 21.8px, 速度 2.7px/frame, 點數 9
[11:53:39] ✓ 流星 #81: 幀 2995-2999 (時間 99.8s-100.0s), 長度 4.2px, 速度 1.0px/frame, 點數 4
[11:53:40] 
開始合併重複偵測的流星...
[11:53:40] ✓ 合併了 43 組重複流星
[11:53:40] 合併前: 82 顆 → 合併後: 39 顆
[11:53:40] 
總共偵測到 39 顆流星
[11:53:40] 場景切換次數: 51
[11:53:40] ✓ 結果已儲存: output_light_trail\me\results.json
[11:53:40] 
開始生成標記影片...
[11:53:41]   標記進度: 100/3065
[11:53:42]   標記進度: 200/3065
[11:53:42]   標記進度: 300/3065
[11:53:43]   標記進度: 400/3065
[11:53:44]   標記進度: 500/3065
[11:53:45]   標記進度: 600/3065
[11:53:45]   標記進度: 700/3065
[11:53:46]   標記進度: 800/3065
[11:53:46]   標記進度: 900/3065
[11:53:47]   標記進度: 1000/3065
[11:53:48]   標記進度: 1100/3065
[11:53:48]   標記進度: 1200/3065
[11:53:49]   標記進度: 1300/3065
[11:53:50]   標記進度: 1400/3065
[11:53:51]   標記進度: 1500/3065
[11:53:51]   標記進度: 1600/3065
[11:53:52]   標記進度: 1700/3065
[11:53:53]   標記進度: 1800/3065
[11:53:53]   標記進度: 1900/3065
[11:53:54]   標記進度: 2000/3065
[11:53:55]   標記進度: 2100/3065
[11:53:55]   標記進度: 2200/3065
[11:53:56]   標記進度: 2300/3065
[11:53:57]   標記進度: 2400/3065
[11:53:57]   標記進度: 2500/3065
[11:53:58]   標記進度: 2600/3065
[11:53:59]   標記進度: 2700/3065
[11:53:59]   標記進度: 2800/3065
[11:54:00]   標記進度: 2900/3065
[11:54:01]   標記進度: 3000/3065
[11:54:01] ✓ 標記影片已儲存: output_light_trail\me\me_annotated.mp4
